

HI-TECH Software PICC-18 Macro Assembler V9.51PL3
                                                       Fri Nov 21 09:58:05 2014


     1                           	processor	18F65J90
     2                           	opt	pw 80
     3                           	psect	text,global,reloc=2,class=CODE,delta=1
     4                           	psect	temp,global,ovrld,common,class=COMRAM,spa
      +                          ce=1,delta=1
     5                           	psect	intsave_regs,global,class=BIGRAM,space=1,
      +                          delta=1
     6  000000                     
     7  000000                     
     8  000000                     
     9  000000                     
    10  000000                     
    11  000000                     
    12  000000                     
    13  000000                     
    14  000000                     
    15  000000                     
    16  000000                     
    17  000000                     
    18  000000                     
    19  000000                     
    20  000000                     
    21  000000                     
    22  000000                     
    23  000000                     
    24  000000                     
    25  000000                     
    26  000000                     
    27  000000                     
    28  000000                     
    29  000000                     
    30  000000                     
    31  000000                     
    32  000000                     
    33  000000                     
    34  000000                     
    35  000000                     
    36  000000                     
    37  000000                     
    38  000000                     
    39  000000                     
    40  000000                     
    41  000000                     
    42  000000                     
    43  000000                     
    44  000000                     
    45  000000                     
    46  000000                     
    47  000000                     
    48  000000                     
    49  000000                     
    50  000000                     
    51  000000                     
    52  000000                     
    53  000000                     
    54  000000                     
    55  000000                     
    56  000000                     
    57  000000                     
    58  000000                     
    59  000000                     
    60  000000                     
    61  000000                     
    62  000000                     
    63  000000                     
    64  000000                     
    65  000000                     
    66  000000                     
    67  000000                     
    68  000000                     
    69  000000                     
    70  000000                     
    71  000000                     
    72  000000                     
    73  000000                     
    74  000000                     
    75  000000                     
    76  000000                     
    77  000000                     
    78  000000                     
    79  000000                     
    80  000000                     
    81  000000                     
    82  000000                     
    83  000000                     
    84  000000                     
    85  000000                     
    86  000000                     
    87  000000                     
    88  000000                     
    89  000000                     
    90  000000                     
    91  000000                     
    92  000000                     
    93  000000                     
    94  000000                     
    95                           
    96                           	psect	text
    97                           ;pic18f85j90.h: 18: static volatile near unsigne
      +                          d char TOSU @ 0xFFF;
    98                           ;pic18f85j90.h: 19: static volatile near unsigne
      +                          d char TOSH @ 0xFFE;
    99                           ;pic18f85j90.h: 20: static volatile near unsigne
      +                          d char TOSL @ 0xFFD;
   100                           ;pic18f85j90.h: 21: static volatile near unsigne
      +                          d char STKPTR @ 0xFFC;
   101                           ;pic18f85j90.h: 22: static volatile near unsigne
      +                          d char PCLATU @ 0xFFB;
   102                           ;pic18f85j90.h: 23: static volatile near unsigne
      +                          d char PCLATH @ 0xFFA;
   103                           ;pic18f85j90.h: 24: static volatile near unsigne
      +                          d char PCL @ 0xFF9;
   104                           ;pic18f85j90.h: 25: static volatile far unsigned
      +                           char * TBLPTR @ 0xFF6;
   105                           ;pic18f85j90.h: 26: static volatile near unsigne
      +                          d char TBLPTRU @ 0xFF8;
   106                           ;pic18f85j90.h: 27: static volatile near unsigne
      +                          d char TBLPTRH @ 0xFF7;
   107                           ;pic18f85j90.h: 28: static volatile near unsigne
      +                          d char TBLPTRL @ 0xFF6;
   108                           ;pic18f85j90.h: 29: static volatile near unsigne
      +                          d char TABLAT @ 0xFF5;
   109                           ;pic18f85j90.h: 30: static volatile near unsigne
      +                          d char PRODH @ 0xFF4;
   110                           ;pic18f85j90.h: 31: static volatile near unsigne
      +                          d char PRODL @ 0xFF3;
   111                           ;pic18f85j90.h: 32: static volatile near unsigne
      +                          d char INTCON @ 0xFF2;
   112                           ;pic18f85j90.h: 33: static near unsigned char IN
      +                          TCON2 @ 0xFF1;
   113                           ;pic18f85j90.h: 34: static volatile near unsigne
      +                          d char INTCON3 @ 0xFF0;
   114                           ;pic18f85j90.h: 35: static volatile near unsigne
      +                          d char INDF0 @ 0xFEF;
   115                           ;pic18f85j90.h: 36: static volatile near unsigne
      +                          d char POSTINC0 @ 0xFEE;
   116                           ;pic18f85j90.h: 37: static volatile near unsigne
      +                          d char POSTDEC0 @ 0xFED;
   117                           ;pic18f85j90.h: 38: static volatile near unsigne
      +                          d char PREINC0 @ 0xFEC;
   118                           ;pic18f85j90.h: 39: static volatile near unsigne
      +                          d char PLUSW0 @ 0xFEB;
   119                           ;pic18f85j90.h: 40: static volatile near unsigne
      +                          d char FSR0H @ 0xFEA;
   120                           ;pic18f85j90.h: 41: static volatile near unsigne
      +                          d char FSR0L @ 0xFE9;
   121                           ;pic18f85j90.h: 42: static volatile near unsigne
      +                          d char WREG @ 0xFE8;
   122                           ;pic18f85j90.h: 43: static volatile near unsigne
      +                          d char INDF1 @ 0xFE7;
   123                           ;pic18f85j90.h: 44: static volatile near unsigne
      +                          d char POSTINC1 @ 0xFE6;
   124                           ;pic18f85j90.h: 45: static volatile near unsigne
      +                          d char POSTDEC1 @ 0xFE5;
   125                           ;pic18f85j90.h: 46: static volatile near unsigne
      +                          d char PREINC1 @ 0xFE4;
   126                           ;pic18f85j90.h: 47: static volatile near unsigne
      +                          d char PLUSW1 @ 0xFE3;
   127                           ;pic18f85j90.h: 48: static volatile near unsigne
      +                          d char FSR1H @ 0xFE2;
   128                           ;pic18f85j90.h: 49: static volatile near unsigne
      +                          d char FSR1L @ 0xFE1;
   129                           ;pic18f85j90.h: 50: static near unsigned char BS
      +                          R @ 0xFE0;
   130                           ;pic18f85j90.h: 51: static volatile near unsigne
      +                          d char INDF2 @ 0xFDF;
   131                           ;pic18f85j90.h: 52: static volatile near unsigne
      +                          d char POSTINC2 @ 0xFDE;
   132                           ;pic18f85j90.h: 53: static volatile near unsigne
      +                          d char POSTDEC2 @ 0xFDD;
   133                           ;pic18f85j90.h: 54: static volatile near unsigne
      +                          d char PREINC2 @ 0xFDC;
   134                           ;pic18f85j90.h: 55: static volatile near unsigne
      +                          d char PLUSW2 @ 0xFDB;
   135                           ;pic18f85j90.h: 56: static volatile near unsigne
      +                          d char FSR2H @ 0xFDA;
   136                           ;pic18f85j90.h: 57: static volatile near unsigne
      +                          d char FSR2L @ 0xFD9;
   137                           ;pic18f85j90.h: 58: static volatile near unsigne
      +                          d char STATUS @ 0xFD8;
   138                           ;pic18f85j90.h: 59: static volatile near unsigne
      +                          d char TMR0H @ 0xFD7;
   139                           ;pic18f85j90.h: 60: static volatile near unsigne
      +                          d char TMR0L @ 0xFD6;
   140                           ;pic18f85j90.h: 62: static volatile near unsigne
      +                          d int TMR0 @ 0xFD6;
   141                           ;pic18f85j90.h: 63: static near unsigned char T0
      +                          CON @ 0xFD5;
   142                           ;pic18f85j90.h: 64: static volatile near unsigne
      +                          d char OSCCON @ 0xFD3;
   143                           ;pic18f85j90.h: 65: static near unsigned char LC
      +                          DREG @ 0xFD2;
   144                           ;pic18f85j90.h: 66: static volatile near unsigne
      +                          d char WDTCON @ 0xFD1;
   145                           ;pic18f85j90.h: 67: static volatile near unsigne
      +                          d char RCON @ 0xFD0;
   146                           ;pic18f85j90.h: 68: static volatile near unsigne
      +                          d char TMR1H @ 0xFCF;
   147                           ;pic18f85j90.h: 69: static volatile near unsigne
      +                          d char TMR1L @ 0xFCE;
   148                           ;pic18f85j90.h: 71: static volatile near unsigne
      +                          d int TMR1 @ 0xFCE;
   149                           ;pic18f85j90.h: 72: static near unsigned char T1
      +                          CON @ 0xFCD;
   150                           ;pic18f85j90.h: 73: static volatile near unsigne
      +                          d char TMR2 @ 0xFCC;
   151                           ;pic18f85j90.h: 74: static near unsigned char PR
      +                          2 @ 0xFCB;
   152                           ;pic18f85j90.h: 75: static near unsigned char T2
      +                          CON @ 0xFCA;
   153                           ;pic18f85j90.h: 76: static volatile near unsigne
      +                          d char SSPBUF @ 0xFC9;
   154                           ;pic18f85j90.h: 77: static near unsigned char SS
      +                          PADD @ 0xFC8;
   155                           ;pic18f85j90.h: 78: static volatile near unsigne
      +                          d char SSPSTAT @ 0xFC7;
   156                           ;pic18f85j90.h: 79: static volatile near unsigne
      +                          d char SSPCON1 @ 0xFC6;
   157                           ;pic18f85j90.h: 80: static volatile near unsigne
      +                          d char SSPCON2 @ 0xFC5;
   158                           ;pic18f85j90.h: 81: static volatile near unsigne
      +                          d char ADRESH @ 0xFC4;
   159                           ;pic18f85j90.h: 82: static volatile near unsigne
      +                          d char ADRESL @ 0xFC3;
   160                           ;pic18f85j90.h: 84: static volatile near unsigne
      +                          d int ADRES @ 0xFC3;
   161                           ;pic18f85j90.h: 85: static volatile near unsigne
      +                          d char ADCON0 @ 0xFC2;
   162                           ;pic18f85j90.h: 86: static near unsigned char AD
      +                          CON1 @ 0xFC1;
   163                           ;pic18f85j90.h: 87: static near unsigned char AD
      +                          CON2 @ 0xFC0;
   164                           ;pic18f85j90.h: 88: static near unsigned char LC
      +                          DDATA4 @ 0xFBF;
   165                           ;pic18f85j90.h: 89: static near unsigned char LC
      +                          DDATA3 @ 0xFBE;
   166                           ;pic18f85j90.h: 90: static near unsigned char LC
      +                          DDATA2 @ 0xFBD;
   167                           ;pic18f85j90.h: 91: static near unsigned char LC
      +                          DDATA1 @ 0xFBC;
   168                           ;pic18f85j90.h: 92: static near unsigned char LC
      +                          DDATA0 @ 0xFBB;
   169                           ;pic18f85j90.h: 93: static near unsigned char LC
      +                          DSE5 @ 0xFBA;
   170                           ;pic18f85j90.h: 94: static near unsigned char LC
      +                          DSE4 @ 0xFB9;
   171                           ;pic18f85j90.h: 95: static near unsigned char LC
      +                          DSE3 @ 0xFB8;
   172                           ;pic18f85j90.h: 96: static near unsigned char LC
      +                          DSE2 @ 0xFB7;
   173                           ;pic18f85j90.h: 97: static near unsigned char LC
      +                          DSE1 @ 0xFB6;
   174                           ;pic18f85j90.h: 98: static volatile near unsigne
      +                          d char CVRCON @ 0xFB5;
   175                           ;pic18f85j90.h: 99: static volatile near unsigne
      +                          d char CMCON @ 0xFB4;
   176                           ;pic18f85j90.h: 100: static volatile near unsign
      +                          ed char TMR3H @ 0xFB3;
   177                           ;pic18f85j90.h: 101: static volatile near unsign
      +                          ed char TMR3L @ 0xFB2;
   178                           ;pic18f85j90.h: 103: static volatile near unsign
      +                          ed int TMR3 @ 0xFB2;
   179                           ;pic18f85j90.h: 104: static near unsigned char T
      +                          3CON @ 0xFB1;
   180                           ;pic18f85j90.h: 105: static near unsigned char S
      +                          PBRG1 @ 0xFAF;
   181                           ;pic18f85j90.h: 107: static near unsigned char S
      +                          PBRG @ 0xFAF;
   182                           ;pic18f85j90.h: 108: static volatile near unsign
      +                          ed char RCREG1 @ 0xFAE;
   183                           ;pic18f85j90.h: 110: static volatile near unsign
      +                          ed char RCREG @ 0xFAE;
   184                           ;pic18f85j90.h: 111: static volatile near unsign
      +                          ed char TXREG1 @ 0xFAD;
   185                           ;pic18f85j90.h: 113: static volatile near unsign
      +                          ed char TXREG @ 0xFAD;
   186                           ;pic18f85j90.h: 114: static volatile near unsign
      +                          ed char TXSTA1 @ 0xFAC;
   187                           ;pic18f85j90.h: 116: static volatile near unsign
      +                          ed char TXSTA @ 0xFAC;
   188                           ;pic18f85j90.h: 117: static volatile near unsign
      +                          ed char RCSTA1 @ 0xFAB;
   189                           ;pic18f85j90.h: 119: static volatile near unsign
      +                          ed char RCSTA @ 0xFAB;
   190                           ;pic18f85j90.h: 120: static volatile near unsign
      +                          ed char LCDPS @ 0xFAA;
   191                           ;pic18f85j90.h: 121: static near unsigned char L
      +                          CDSE0 @ 0xFA9;
   192                           ;pic18f85j90.h: 122: static volatile near unsign
      +                          ed char LCDCON @ 0xFA8;
   193                           ;pic18f85j90.h: 123: static volatile near unsign
      +                          ed char EECON2 @ 0xFA7;
   194                           ;pic18f85j90.h: 124: static volatile near unsign
      +                          ed char EECON1 @ 0xFA6;
   195                           ;pic18f85j90.h: 125: static near unsigned char I
      +                          PR3 @ 0xFA5;
   196                           ;pic18f85j90.h: 126: static volatile near unsign
      +                          ed char PIR3 @ 0xFA4;
   197  007AFE                     _InitLLED:
   198                           ;	_nowhigh assigned to ?a_SetLightLLed+0
   199  000000                     _SetLightLLed$nowhigh	set	?a_SetLightLLed
   200  000000                     
   201                           ;lled.c: 14: PWM.LLed=100;
   202  007AFE  0E64               	movlw	100
   203  007B00  CFE8 F2FB          	movff	wreg,_PWM+4
   204                           ;lled.c: 15: }
   205  007B04  0C64               	retlw	100
   206  007B06                     __end_of_InitLLED:
   207                           ;lled.c: 18: unsigned char ProcToLLedPwm(unsigne
      +                          d char prc)
   208                           ;lled.c: 19: {
   209  007B06                     _ProcToLLedPwm:
   210  000000                     
   211                           ; _prc loaded to fsr2l
   212  007B06  6ED9               	movwf	fsr2l,c
   213                           ;lled.c: 20: unsigned int p;
   214  007B08  0E64               	movlw	100
   215  007B0A  64D9               	cpfsgt	fsr2l,c
   216  007B0C  D001               	goto	l4
   217  007B0E  6ED9               	movwf	fsr2l,c
   218  007B10                     l4:
   219                           ;lled.c: 23: p=PWM.HIPWM;
   220  007B10  C2FA  FFE8         	movff	_PWM+3,wreg
   221  007B14  6EF6               	movwf	tblptrl,c
   222  007B16  6AF7               	clrf	tblptrh,c
   223                           ;lled.c: 24: p=(prc*p)/100;
   224  007B18  CFF6 F002          	movff	tblptrl,btemp+2
   225  007B1C  CFF7 F003          	movff	tblptrh,btemp+3
   226  007B20  CFD9 F000          	movff	fsr2l,btemp
   227  007B24  6A01               	clrf	btemp+1,c
   228  007B26  ECA1  F03F         	call	lwmul
   229  007B2A  C004  F000         	movff	btemp+4,btemp
   230  007B2E  C005  F001         	movff	btemp+5,btemp+1
   231  007B32  0E64               	movlw	100
   232  007B34  6E02               	movwf	btemp+2,c
   233  007B36  6A03               	clrf	btemp+3,c
   234  007B38  ECE7  F03E         	call	lwdiv
   235  007B3C  C004  FFF6         	movff	btemp+4,tblptrl
   236  007B40  C005  FFF7         	movff	btemp+5,tblptrh
   237                           ;lled.c: 25: return (unsigned char)p;
   238  007B44  50F6               	movf	tblptrl,w,c
   239  007B46  0012               	return	
   240                           ;lled.c: 26: }
   241  007B48                     __end_of_ProcToLLedPwm:
   242                           ;lled.c: 29: void LLedToHigh(void)
   243                           ;lled.c: 30: {
   244  007B48                     _LLedToHigh:
   245  000000                     
   246                           ;lled.c: 31: if((PWM.LLed<100)&&(RTcS(0)>1))
   247  007B48  0E64               	movlw	100
   248  007B4A  0102               	movlb	(_PWM+4) shr (0+8)
   249  007B4C  61FB               	cpfslt	(_PWM+4)& (0+255),b
   250  007B4E  D01F               	goto	l6
   251  007B50  0E00               	movlw	0
   252  007B52  EC0C  F03B         	call	_RTcS
   253  007B56  6E00               	movwf	btemp,c
   254  007B58  0E02               	movlw	2
   255  007B5A  5C00               	subwf	btemp,w,c
   256  007B5C  E318               	bnc	l6
   257                           ;lled.c: 32: {
   258  007B5E  0E00               	movlw	0
   259  007B60  EC02  F03B         	call	_StartRTcS
   260                           ;lled.c: 34: if((PWM.LLed+2)<100)
   261  007B64  0E02               	movlw	2
   262  007B66  C2FB  F000         	movff	_PWM+4,btemp
   263  007B6A  6A01               	clrf	btemp+1,c
   264  007B6C  2600               	addwf	btemp,f,c
   265  007B6E  0E00               	movlw	0
   266  007B70  2201               	addwfc	btemp+1,f,c
   267  007B72  5001               	movf	btemp+1,w,c
   268  007B74  0A80               	xorlw	128
   269  007B76  0F80               	addlw	-128
   270  007B78  0E64               	movlw	100
   271  007B7A  B4D8               	btfsc	status,2,c
   272  007B7C  5C00               	subwf	btemp,w,c
   273  007B7E  E204               	bc	l7
   274                           ;lled.c: 35: {
   275  007B80  0102               	movlb	(_PWM+4) shr (0+8)
   276  007B82  0E02               	movlw	2
   277  007B84  27FB               	addwf	(_PWM+4)& (0+255),f,b
   278                           ;lled.c: 37: }
   279  007B86  D003               	goto	l6
   280  007B88                     l7:
   281                           ;lled.c: 38: else
   282  007B88  0E64               	movlw	100
   283  007B8A  CFE8 F2FB          	movff	wreg,_PWM+4
   284  007B8E                     l6:
   285                           ;lled.c: 41: }
   286  007B8E  C2FB  FFE8         	movff	_PWM+4,wreg
   287  007B92  DFB9               	call	_ProcToLLedPwm
   288  007B94  EF2E  F03F         	goto	_WritePWM2
   289                           ;lled.c: 44: }
   290  007B98                     __end_of_LLedToHigh:
   291                           ;lled.c: 47: void LLedToLow(void)
   292                           ;lled.c: 48: {
   293  007B98                     _LLedToLow:
   294  000000                     
   295                           ;lled.c: 49: if((PWM.LLed>15)&&(RTcS(0)>1))
   296  007B98  0E0F               	movlw	15
   297  007B9A  0102               	movlb	(_PWM+4) shr (0+8)
   298  007B9C  65FB               	cpfsgt	(_PWM+4)& (0+255),b
   299  007B9E  D01F               	goto	l10
   300  007BA0  0E00               	movlw	0
   301  007BA2  EC0C  F03B         	call	_RTcS
   302  007BA6  6E00               	movwf	btemp,c
   303  007BA8  0E02               	movlw	2
   304  007BAA  5C00               	subwf	btemp,w,c
   305  007BAC  E318               	bnc	l10
   306                           ;lled.c: 50: {
   307  007BAE  0E00               	movlw	0
   308  007BB0  EC02  F03B         	call	_StartRTcS
   309                           ;lled.c: 52: if((PWM.LLed-1)>15)
   310  007BB4  C2FB  F000         	movff	_PWM+4,btemp
   311  007BB8  0EFF               	movlw	255
   312  007BBA  2400               	addwf	btemp,w,c
   313  007BBC  6E02               	movwf	btemp+2,c
   314  007BBE  6A03               	clrf	btemp+3,c
   315  007BC0  0EFF               	movlw	255
   316  007BC2  2203               	addwfc	btemp+3,f,c
   317  007BC4  5003               	movf	btemp+3,w,c
   318  007BC6  0A80               	xorlw	128
   319  007BC8  0F80               	addlw	-128
   320  007BCA  0E10               	movlw	16
   321  007BCC  B4D8               	btfsc	status,2,c
   322  007BCE  5C02               	subwf	btemp+2,w,c
   323  007BD0  E303               	bnc	l11
   324                           ;lled.c: 53: {
   325  007BD2  0102               	movlb	(_PWM+4) shr (0+8)
   326  007BD4  07FB               	decf	(_PWM+4)& (0+255),f,b
   327                           ;lled.c: 55: }
   328  007BD6  D003               	goto	l10
   329  007BD8                     l11:
   330                           ;lled.c: 56: else
   331  007BD8  0E0F               	movlw	15
   332  007BDA  CFE8 F2FB          	movff	wreg,_PWM+4
   333  007BDE                     l10:
   334                           ;lled.c: 59: }
   335  007BDE  C2FB  FFE8         	movff	_PWM+4,wreg
   336  007BE2  DF91               	call	_ProcToLLedPwm
   337  007BE4  EF2E  F03F         	goto	_WritePWM2
   338                           ;lled.c: 62: }
   339  007BE8                     __end_of_LLedToLow:
   340                           ;lled.c: 65: void SetLightLLed(unsigned char now
      +                          high)
   341                           ;lled.c: 66: {
   342  007BE8                     _SetLightLLed:
   343  000000                     
   344                           ;_nowhigh stored from wreg
   345  007BE8  0100               	movlb	__Lparam shr (0+8)
   346  007BEA  6FCF               	movwf	?a_SetLightLLed^(__Lparam& (0+65280)),b
   347                           ;lled.c: 67: if(nowhigh||RdPrt(2)||RdPrt(3)||RdP
      +                          rt(1)||RdPrt(0))
   348  007BEC  51CF               	movf	?a_SetLightLLed^(__Lparam& (0+65280)),w
   349  007BEE  E110               	bnz	u180
   350  007BF0  0E02               	movlw	2
   351  007BF2  EC68  F039         	call	_RdPrt
   352  007BF6  E20C               	bc	u180
   353  007BF8  0E03               	movlw	3
   354  007BFA  EC68  F039         	call	_RdPrt
   355  007BFE  0E01               	movlw	1
   356  007C00  E208               	bc	L1
   357  007C02  EC68  F039         	call	_RdPrt
   358  007C06  E204               	bc	u180
   359  007C08  0E00               	movlw	0
   360  007C0A  EC68  F039         	call	_RdPrt
   361  007C0E  E303               	bnc	l14
   362  007C10                     u180:
   363                           ;lled.c: 68: {
   364  007C10  0E01               	movlw	1
   365  007C12                     L1:
   366  007C12  EC34  F03B         	call	_StartRTS
   367  007C16                     l14:
   368                           ;lled.c: 70: }
   369  007C16  0E01               	movlw	1
   370  007C18  EC46  F03B         	call	_RTS
   371  007C1C  6E00               	movwf	btemp,c
   372  007C1E  0E0F               	movlw	15
   373  007C20  5C00               	subwf	btemp,w,c
   374  007C22  E201               	bc	l15
   375                           ;lled.c: 72: {
   376  007C24  D791               	goto	_LLedToHigh	;wreg free
   377                           ;lled.c: 74: }
   378  007C26                     l15:
   379                           ;lled.c: 75: else
   380  007C26  D7B8               	goto	_LLedToLow	;wreg free
   381                           ;lled.c: 78: }
   382  007C28                     __end_of_SetLightLLed:
   383  000000                     
   384  000000                     
   385  000000                     
   386  000000                     
   387  000000                     
   388  000000                     
   389  000000                     
   390  000000                     
   391  000000                     
   392  000000                     
   393  000000                     
   394  000000                     
   395  000000                     
   396  000000                     
   397  000000                     
   398  000000                     
   399  000000                     
   400  000000                     
   401  000000                     
   402  000000                     
   403  000000                     
   404  000000                     
   405  000000                     
   406  000000                     
   407  000000                     
   408  000000                     
   409  000000                     
   410  000000                     
   411  000000                     
   412  000000                     
   413  000000                     
   414  000000                     
   415  000000                     
   416  000000                     
   417  000000                     
   418  000000                     
   419  000000                     
   420  000000                     
   421  000000                     
   422  000000                     
   423  000000                     
   424  000000                     
   425  000000                     
   426  000000                     
   427  000000                     
   428  000000                     
   429  000000                     
   430  000000                     
   431  000000                     
   432  000000                     
   433  000000                     
   434  000000                     
   435  000000                     
   436  000000                     
   437  000000                     
   438  000000                     
   439  000000                     
   440  000000                     
   441  000000                     
   442  000000                     
   443  000000                     
   444  000000                     
   445  000000                     
   446  000000                     
   447  000000                     
   448  000000                     
   449  000000                     
   450  000000                     
   451  000000                     
   452  000000                     
   453  000000                     
   454  000000                     
   455  000000                     
   456  000000                     
   457  000000                     
   458  000000                     
   459  000000                     
   460  000000                     
   461  000000                     
   462  000000                     
   463  000000                     
   464  000000                     
   465  000000                     
   466  000000                     
   467  000000                     
   468  000000                     
   469  000000                     
   470  000000                     
   471  000000                     
   472  000000                     
   473  000000                     
   474  000000                     
   475  000000                     
   476  000000                     
   477  000000                     
   478  000000                     
   479  000000                     
   480  000000                     
   481  000000                     
   482  000000                     
   483  000000                     
   484  000000                     
   485  000000                     
   486  000000                     
   487  000000                     
   488  000000                     
   489  000000                     
   490  000000                     
   491  000000                     
   492  000000                     
   493  000000                     
   494  000000                     
   495  000000                     
   496  000000                     
   497  000000                     
   498  000000                     
   499  000000                     
   500  000000                     
   501  000000                     
   502  000000                     
   503  000000                     
   504  000000                     
   505  000000                     
   506  000000                     
   507  000000                     
   508  000000                     
   509  000000                     
   510  000000                     
   511  000000                     
   512  000000                     
   513  000000                     
   514  000000                     
   515  000000                     
   516  000000                     
   517  000000                     
   518  000000                     
   519  000000                     
   520  000000                     
   521  000000                     
   522  000000                     
   523  000000                     
   524  000000                     
   525  000000                     
   526  000000                     
   527  000000                     
   528  000000                     
   529  000000                     
   530  000000                     
   531  000000                     
   532  000000                     
   533  000000                     
   534  000000                     
   535  000000                     
   536  000000                     
   537  000000                     
   538  000000                     
   539  000000                     
   540  000000                     
   541  000000                     
   542  000000                     
   543  000000                     
   544  000000                     
   545  000000                     
   546  000000                     
   547  000000                     
   548  000000                     
   549  000000                     
   550  000000                     
   551  000000                     
   552  000000                     
   553  000000                     
   554  000000                     
   555  000000                     
   556  000000                     
   557  000000                     
   558  000000                     
   559  000000                     
   560  000000                     
   561  000000                     
   562  000000                     
   563  000000                     
   564  000000                     
   565  000000                     
   566  000000                     
   567  000000                     
   568  000000                     
   569  000000                     
   570  000000                     
   571  000000                     
   572  000000                     
   573  000000                     
   574  000000                     
   575  000000                     
   576  000000                     
   577  000000                     
   578  000000                     
   579  000000                     
   580  000000                     
   581  000000                     
   582  000000                     
   583  000000                     
   584  000000                     
   585  000000                     
   586  000000                     
   587  000000                     
   588  000000                     
   589  000000                     
   590  000000                     
   591  000000                     
   592  000000                     
   593  000000                     
   594  000000                     
   595  000000                     
   596  000000                     
   597  000000                     
   598  000000                     
   599  000000                     
   600  000000                     
   601  000000                     
   602  000000                     
   603  000000                     
   604  000000                     
   605  000000                     
   606  000000                     
   607  000000                     
   608  000000                     
   609  000000                     
   610  000000                     
   611  000000                     
   612  000000                     
   613  000000                     
   614  000000                     
   615  000000                     
   616  000000                     
   617  000000                     
   618  000000                     
   619  000000                     
   620  000000                     
   621  000000                     
   622  000000                     
   623  000000                     
   624  000000                     
   625  000000                     
   626  000000                     
   627  000000                     
   628  000000                     
   629  000000                     
   630  000000                     
   631  000000                     
   632  000000                     
   633  000000                     
   634  000000                     
   635  000000                     
   636  000000                     
   637  000000                     
   638  000000                     
   639  000000                     
   640  000000                     
   641  000000                     
   642  000000                     
   643  000000                     
   644  000000                     
   645  000000                     
   646  000000                     
   647  000000                     
   648  000000                     
   649  000000                     
   650  000000                     
   651  000000                     
   652  000000                     
   653  000000                     
   654  000000                     
   655  000000                     
   656  000000                     
   657  000000                     
   658  000000                     
   659  000000                     
   660  000000                     
   661  000000                     
   662  000000                     
   663  000000                     
   664  000000                     
   665  000000                     
   666  000000                     
   667  000000                     
   668  000000                     
   669  000000                     
   670  000000                     
   671  000000                     
   672  000000                     
   673  000000                     
   674  000000                     
   675  000000                     
   676  000000                     
   677  000000                     
   678  000000                     
   679  000000                     
   680  000000                     
   681  000000                     
   682  000000                     
   683  000000                     
   684  000000                     
   685  000000                     
   686  000000                     
   687  000000                     
   688  000000                     
   689  000000                     
   690  000000                     
   691  000000                     
   692  000000                     
   693  000000                     
   694  000000                     
   695  000000                     
   696  000000                     
   697  000000                     
   698  000000                     
   699  000000                     
   700  000000                     
   701  000000                     
   702  000000                     
   703  000000                     
   704  000000                     
   705  000000                     
   706  000000                     
   707  000000                     
   708  000000                     
   709  000000                     
   710  000000                     
   711  000000                     
   712  000000                     
   713  000000                     
   714  000000                     
   715  000000                     
   716  000000                     
   717  000000                     
   718  000000                     
   719  000000                     
   720  000000                     
   721  000000                     
   722  000000                     
   723  000000                     
   724  000000                     
   725  000000                     
   726  000000                     
   727  000000                     
   728  000000                     
   729  000000                     
   730  000000                     
   731  000000                     
   732  000000                     
   733  000000                     
   734  000000                     
   735  000000                     
   736  000000                     
   737  000000                     
   738  000000                     
   739  000000                     
   740  000000                     
   741  000000                     
   742  000000                     
   743  000000                     
   744  000000                     
   745  000000                     
   746  000000                     
   747  000000                     
   748  000000                     
   749  000000                     
   750  000000                     
   751  000000                     
   752  000000                     
   753  000000                     
   754  000000                     
   755  000000                     
   756  000000                     
   757  000000                     
   758  000000                     
   759  000000                     
   760  000000                     
   761  000000                     
   762  000000                     
   763  000000                     
   764  000000                     
   765  000000                     
   766  000000                     
   767  000000                     
   768  000000                     
   769  000000                     
   770  000000                     
   771  000000                     
   772  000000                     
   773  000000                     
   774  000000                     
   775  000000                     
   776  000000                     
   777  000000                     
   778  000000                     
   779  000000                     
   780  000000                     
   781  000000                     
   782  000000                     
   783  000000                     
   784  000000                     
   785  000000                     
   786  000000                     
   787  000000                     
   788  000000                     
   789  000000                     
   790  000000                     
   791  000000                     
   792  000000                     
   793  000000                     
   794  000000                     
   795  000000                     
   796  000000                     
   797  000000                     
   798  000000                     
   799  000000                     
   800  000000                     
   801  000000                     
   802  000000                     
   803  000000                     
   804  000000                     
   805  000000                     
   806  000000                     
   807  000000                     
   808  000000                     
   809  000000                     
   810  000000                     
   811  000000                     
   812  000000                     
   813  000000                     
   814  000000                     
   815  000000                     
   816  000000                     
   817  000000                     
   818  000000                     
   819  000000                     
   820  000000                     
   821  000000                     
   822  000000                     
   823  000000                     
   824  000000                     
   825  000000                     
   826  000000                     
   827  000000                     
   828  000000                     
   829  000000                     
   830  000000                     
   831  000000                     
   832  000000                     
   833  000000                     
   834  000000                     
   835  000000                     
   836  000000                     
   837  000000                     
   838  000000                     
   839  000000                     
   840  000000                     
   841  000000                     
   842  000000                     
   843  000000                     
   844  000000                     
   845  000000                     
   846  000000                     
   847  000000                     
   848  000000                     
   849  000000                     
   850  000000                     
   851  000000                     
   852  000000                     
   853  000000                     
   854  000000                     
   855  000000                     
   856  000000                     
   857  000000                     
   858  000000                     
   859  000000                     
   860  000000                     
   861  000000                     
   862  000000                     
   863  000000                     
   864  000000                     
   865  000000                     
   866  000000                     
   867  000000                     
   868  000000                     
   869  000000                     
   870  000000                     
   871  000000                     
   872  000000                     
   873  000000                     
   874  000000                     
   875  000000                     
   876  000000                     
   877  000000                     
   878  000000                     
   879  000000                     
   880  000000                     
   881  000000                     
   882  000000                     
   883  000000                     
   884  000000                     
   885  000000                     
   886  000000                     
   887  000000                     
   888  000000                     
   889  000000                     
   890  000000                     
   891  000000                     
   892  000000                     
   893  000000                     
   894  000000                     
   895  000000                     
   896  000000                     
   897  000000                     
   898  000000                     
   899  000000                     
   900  000000                     
   901  000000                     
   902  000000                     
   903  000000                     
   904  000000                     
   905  000000                     
   906  000000                     
   907  000000                     
   908  000000                     
   909  000000                     
   910  000000                     
   911  000000                     
   912  000000                     
   913  000000                     
   914  000000                     
   915  000000                     
   916  000000                     
   917  000000                     
   918  000000                     
   919  000000                     
   920  000000                     
   921  000000                     
   922  000000                     
   923  000000                     
   924  000000                     
   925  000000                     
   926  000000                     
   927  000000                     
   928  000000                     
   929  000000                     
   930  000000                     
   931  000000                     
   932  000000                     
   933  000000                     
   934  000000                     
   935  000000                     
   936  000000                     
   937  000000                     
   938  000000                     
   939  000000                     
   940  000000                     
   941  000000                     
   942  000000                     
   943  000000                     
   944  000000                     
   945  000000                     
   946  000000                     
   947  000000                     
   948  000000                     
   949  000000                     
   950  000000                     
   951  000000                     
   952  000000                     
   953  000000                     
   954  000000                     
   955  000000                     
   956  000000                     
   957  000000                     
   958  000000                     
   959  000000                     
   960  000000                     
   961  000000                     
   962  000000                     
   963  000000                     
   964  000000                     
   965  000000                     
   966  000000                     
   967  000000                     
   968  000000                     
   969  000000                     
   970  000000                     
   971  000000                     
   972  000000                     
   973  000000                     
   974  000000                     
   975  000000                     
   976  000000                     
   977  000000                     
   978  000000                     
   979  000000                     
   980  000000                     
   981  000000                     
   982  000000                     
   983  000000                     
   984  000000                     
   985  000000                     
   986  000000                     
   987  000000                     
   988  000000                     
   989  000000                     
   990  000000                     
   991  000000                     
   992  000000                     
   993  000000                     
   994  000000                     
   995  000000                     
   996  000000                     
   997  000000                     
   998  000000                     
   999  000000                     
  1000  000000                     
  1001  000000                     
  1002  000000                     
  1003  000000                     
  1004  000000                     
  1005  000000                     
  1006  000000                     
  1007  000000                     
  1008  000000                     
  1009  000000                     
  1010  000000                     
  1011  000000                     
  1012  000000                     
  1013  000000                     
  1014  000000                     
  1015  000000                     
  1016  000000                     
  1017  000000                     
  1018  000000                     
  1019  000000                     
  1020  000000                     
  1021  000000                     
  1022  000000                     
  1023  000000                     
  1024  000000                     
  1025  000000                     
  1026  000000                     
  1027  000000                     
  1028  000000                     
  1029  000000                     
  1030  000000                     
  1031  000000                     
  1032  000000                     
  1033  000000                     
  1034  000000                     
  1035  000000                     
  1036  000000                     
  1037  000000                     
  1038  000000                     
  1039  000000                     
  1040  000000                     
  1041  000000                     
  1042  000000                     
  1043  000000                     
  1044  000000                     
  1045  000000                     
  1046  000000                     
  1047  000000                     
  1048  000000                     
  1049  000000                     
  1050  000000                     
  1051  000000                     
  1052  000000                     
  1053  000000                     
  1054  000000                     
  1055  000000                     
  1056  000000                     
  1057  000000                     
  1058  000000                     
  1059  000000                     
  1060  000000                     
  1061  000000                     
  1062  000000                     
  1063  000000                     
  1064  000000                     
  1065  000000                     
  1066  000000                     
  1067  000000                     
  1068  000000                     
  1069  000000                     
  1070  000000                     
  1071  000000                     
  1072  000000                     
  1073  000000                     
  1074  000000                     
  1075  000000                     
  1076  000000                     
  1077  000000                     
  1078  000000                     
  1079  000000                     
  1080  000000                     
  1081  000000                     
  1082  000000                     
  1083  000000                     
  1084  000000                     
  1085  000000                     
  1086  000000                     
  1087  000000                     
  1088  000000                     
  1089  000000                     
  1090  000000                     
  1091  000000                     
  1092  000000                     
  1093  000000                     
  1094  000000                     
  1095  000000                     
  1096  000000                     
  1097  000000                     
  1098  000000                     
  1099  000000                     
  1100  000000                     
  1101  000000                     
  1102  000000                     
  1103  000000                     
  1104  000000                     
  1105  000000                     
  1106  000000                     
  1107  000000                     
  1108  000000                     
  1109  000000                     
  1110  000000                     
  1111  000000                     
  1112  000000                     
  1113  000000                     
  1114  000000                     
  1115  000000                     
  1116  000000                     
  1117  000000                     
  1118  000000                     
  1119  000000                     
  1120  000000                     
  1121  000000                     
  1122  000000                     
  1123  000000                     
  1124  000000                     
  1125  000000                     
  1126  000000                     
  1127  000000                     
  1128  000000                     
  1129  000000                     
  1130  000000                     
  1131  000000                     
  1132  000000                     
  1133  000000                     
  1134  000000                     
  1135  000000                     
  1136  000000                     
  1137  000000                     
  1138  000000                     
  1139  000000                     
  1140  000000                     
  1141  000000                     
  1142  000000                     
  1143  000000                     
  1144  000000                     
  1145  000000                     
  1146  000000                     
  1147  000000                     
  1148  000000                     
  1149  000000                     
  1150  000000                     
  1151  000000                     
  1152  000000                     
  1153  000000                     
  1154  000000                     
  1155  000000                     
  1156  000000                     
  1157  000000                     
  1158  000000                     
  1159  000000                     
  1160  000000                     
  1161                           
  1162                           	psect	temp
  1163  000000                     btemp:
  1164  000000                     	ds	6
  1165                           tblptrh	equ	0xFF7
  1166                           tblptrl	equ	0xFF6
  1167                           wreg	equ	0xFE8
  1168                           fsr2l	equ	0xFD9
  1169                           status	equ	0xFD8


HI-TECH Software PICC-18 Macro Assembler V9.51PL3
Symbol Table                                           Fri Nov 21 09:58:05 2014

                    l4 7B10                      l6 7B8E  
                    l7 7B88   __end_of_SetLightLLed 7C28  
                   l10 7BDE                     l11 7BD8  
                   l14 7C16                     l15 7C26  
             _StartRTS 7668                    u180 7C10  
                  _PWM 02F7                    _RTS 768C  
                  wreg 000FE8              _StartRTcS 7604  
       ?a_SetLightLLed 00CF              _WritePWM2 7E5C  
                 _RTcS 7618                   fsr2l 000FD9  
                 btemp 0000                   lwdiv 7DCE  
                 lwmul 7F42             _LLedToHigh 7B48  
   __end_of_LLedToHigh 7B98                  _RdPrt 72D0  
           used_btemp0 0001             used_btemp1 0001  
           used_btemp2 0001             used_btemp3 0001  
           used_btemp4 0001             used_btemp5 0001  
     __end_of_InitLLED 7B06                  status 000FD8  
              __Lparam 00CF                __ramtop 0800  
            _LLedToLow 7B98      __end_of_LLedToLow 7BE8  
        _ProcToLLedPwm 7B06                 tblptrl 000FF6  
__end_of_ProcToLLedPwm 7B48               _InitLLED 7AFE  
         _SetLightLLed 7BE8  
