

HI-TECH Software PICC-18 Macro Assembler V9.51PL3
                                                       Fri Feb 26 07:54:45 2016


     1                           
     2                           	; HI-TECH PICC-18 STD COMPILER (Microchip PIC m
                                 icro) V9.51PL3
     3                           	; Copyright (C) 1984-2009 HI-TECH Software
     4                           	;Serial no. HCPIC18-904077389
     5                           
     6                           	; Auto-generated runtime startup code for final
                                  link stage.
     7                           
     8                           	;
     9                           	; Compiler options:
    10                           	;
    11                           	; -oUNISTR.cof -mUNISTR.map --summary=default -
                                 -output=default ac.obj \
    12                           	; bit.obj i2c_s.obj isr.obj main.obj osc.obj po
                                 miar.obj port.obj \
    13                           	; print.obj pwm.obj pwron.obj rgl.obj rtimer.ob
                                 j timer1.obj konfig.obj \
    14                           	; smgs_rs9b.obj uart9b.obj pompa.obj --chip=18F
                                 46K20 -P \
    15                           	; --runtime=default --opt=default -D__DEBUG=1 -
                                 g --asmlist \
    16                           	; --errformat=Error   [%n] %f; %l.%c %s --msgfo
                                 rmat=Advisory[%n] %s \
    17                           	; --warnformat=Warning [%n] %f; %l.%c %s
    18                           	;
    19                           
    20                           
    21                           	GLOBAL	_main,start,_exit
    22                           	FNROOT	_main
    23                           	FNCONF	param,?a,?
    24                           
    25  000000                     	pic18cxx	equ	1
    26                           
    27                           	psect	config,class=CONFIG,delta=1
    28                           	psect	idloc,class=IDLOC,delta=1
    29                           	psect	eeprom_data,class=EEDATA,delta=1
    30                           	psect	const,class=CODE,delta=1,reloc=2
    31                           	psect	rbss,class=COMRAM,space=1
    32                           	psect	bss,class=RAM,space=1
    33                           	psect	rdata,class=COMRAM,space=1
    34                           	psect	irdata,class=CODE,space=0,reloc=2
    35                           	psect	bss,class=RAM,space=1
    36                           	psect	data,class=RAM,space=1
    37                           	psect	idata,class=CODE,space=0,reloc=2
    38                           	psect	nvram,class=NVRAM,space=1
    39                           	psect	nvrram,class=COMRAM,space=1
    40                           	psect	nvbit,class=COMRAM,bit,space=1
    41                           	psect	temp,ovrld,class=COMRAM,space=1
    42                           	psect	struct,ovrld,class=COMRAM,space=1
    43                           	psect	rbit,class=COMRAM,bit,space=1
    44                           	psect	bigbss,class=BIGRAM,space=1
    45                           	psect	bigdata,class=BIGRAM,space=1
    46                           	psect	ibigdata,class=CODE,space=0,reloc=2
    47                           	psect	farbss,class=FARRAM,space=0,reloc=2,delta
                                 =1
    48                           	psect	fardata,class=FARRAM,space=0,reloc=2,delt
                                 a=1
    49                           	psect	ifardata,class=CODE,space=0,reloc=2,delta
                                 =1
    50                           
    51                           	psect	reset_vec,class=CODE,delta=1,reloc=2
    52                           	psect	powerup,class=CODE,delta=1,reloc=2
    53                           	psect	intcode,class=CODE,delta=1,reloc=2
    54                           	psect	intcodelo,class=CODE,delta=1,reloc=2
    55                           	psect	intret,class=CODE,delta=1,reloc=2
    56                           	psect	intentry,class=CODE,delta=1,reloc=2
    57                           
    58                           	psect	intsave_regs,class=BIGRAM,space=1
    59                           	psect	lowtext,class=CODE,delta=1,reloc=2,limit=
                                 0ffffh
    60                           	psect	init,class=CODE,delta=1,reloc=2
    61                           	psect	text,class=CODE,delta=1,reloc=2
    62                           global	intlevel0,intlevel1
    63  00C600                     intlevel0:
    64  00C600                     intlevel1:
    65                           	psect	end_init,class=CODE,delta=1,reloc=2
    66                           	psect	clrtext,class=CODE,delta=1,reloc=2
    67                           
    68                           
    69                           ; User config settings for word 1
    70                           ;
    71                           	psect config
    72  300000                     	org 0
    73  300000  F8FF               	dw 0xF8FF
    74                           
    75                           ; User config settings for word 2
    76                           ;
    77                           	psect config
    78  300002                     	org 2
    79  300002  EFEF               	dw 0xEFEF
    80                           
    81                           ; User config settings for word 3
    82                           ;
    83                           	psect config
    84  300004                     	org 4
    85  300004  79FF               	dw 0x79FF
    86                           
    87                           ; User config settings for word 4
    88                           ;
    89                           	psect config
    90  300006                     	org 6
    91  300006  FFBB               	dw 0xFFBB
    92                           
    93                           ; User config settings for word 5
    94                           ;
    95                           	psect config
    96  300008                     	org 8
    97  300008  FFF0               	dw 0xFFF0
    98                           
    99                           ; User config settings for word 6
   100                           ;
   101                           	psect config
   102  30000A                     	org 10
   103  30000A  DFF0               	dw 0xDFF0
   104                           	psect	param,class=RAM,space=1
   105  000000                     wreg	EQU	0FE8h
   106  000000                     fsr0l	EQU	0FE9h
   107  000000                     fsr0h	EQU	0FEAh
   108  000000                     fsr1l	EQU	0FE1h
   109  000000                     fsr1h	EQU	0FE2h
   110  000000                     fsr2l	EQU	0FD9h
   111  000000                     fsr2h	EQU	0FDAh
   112  000000                     indf0	EQU	0FEFh
   113  000000                     postinc0	EQU	0FEEh
   114  000000                     postdec0	EQU	0FEDh
   115  000000                     postinc1	EQU	0FE6h
   116  000000                     postdec1	EQU	0FE5h
   117  000000                     postinc2	EQU	0FDEh
   118  000000                     postdec2	EQU	0FDDh
   119  000000                     tblptrl	EQU	0FF6h
   120  000000                     tblptrh	EQU	0FF7h
   121  000000                     tblptru	EQU	0FF8h
   122  000000                     tablat		EQU	0FF5h
   123  000000                     prodl		EQU	0FF3h
   124                           
   125                           	PSECT	ramtop,class=RAM
   126                           	global	__S1			; top of RAM usage
   127                           	global	__ramtop
   128                           	global	__LRAM,__HRAM
   129  001000                     __ramtop:
   130                           
   131                           	PSECT	reset_vec
   132  000000  EF08  F000         	goto	start
   133                           
   134                           	PSECT	init
   135  000010                     start:
   136  000010                     _exit:
   137  000010  6AF8               	clrf	tblptru ; bootloader safety check
   138                           
   139                           ; fardata psect  - 0 bytes to load
   140                           
   141                           ; farbss psect  - 0 bytes to clear
   142                           
   143                           ; clearing bss, rbit psect - 427 bytes to clear
   144                           GLOBAL	__Lrbit
   145  000012  EE00  F028         	lfsr	0,(__Lrbit)/8
   146  000016  EE11 F0AB          	lfsr	1,427	; loop variable
   147                           ; Clear these memory locations
   148  00001A                     clear_ram:
   149  00001A  6AEE               	clrf	postinc0	;clear, increment FSR0
   150  00001C  50E5               	movf	postdec1,w	;decrement loop variable
   151  00001E  50E1               	movf	fsr1l,w
   152  000020  E1FC               	bnz	clear_ram
   153  000022  50E2               	movf	fsr1h,w
   154  000024  E1FA               	bnz	clear_ram
   155                           
   156                           ; clearing rbss psect - 25 bytes to clear
   157                           GLOBAL	__Lrbss
   158  000026  EE00  F00F         	lfsr	0,__Lrbss
   159  00002A  0E19               	movlw	25	; loop counter
   160  00002C                     clear_rbss_psect:
   161  00002C  6AEE               	clrf	postinc0	; clear, increment FSR0
   162  00002E  06E8               	decf	wreg	; decrement loop counter
   163  000030  E1FD               	bnz	clear_rbss_psect
   164                           
   165                           ; clearing bigbss psect - 156 bytes to clear
   166                           GLOBAL	__Lbigbss
   167  000032  EE0E  F0A9         	lfsr	0,__Lbigbss
   168  000036  0E9C               	movlw	156	; loop counter
   169  000038                     clear_bigbss_psect:
   170  000038  6AEE               	clrf	postinc0	; clear, increment FSR0
   171  00003A  06E8               	decf	wreg	; decrement loop counter
   172  00003C  E1FD               	bnz	clear_bigbss_psect
   173                           
   174                           ; bigdata psect - 0 bytes to load
   175                           
   176                           ; data psect - 0 bytes to load
   177                           
   178                           ; rdata psect - 0 bytes to load
   179                           
   180  00003E  6AF8               	clrf	tblptru	; Upper address may be non-zero, m
                                 aintain clear in cp16 mode
   181                           	PSECT	end_init
   182  000040  EFE2  F01E         	goto	_main		;go do the main stuff


HI-TECH Software PICC-18 Macro Assembler V9.51PL3
Symbol Table                                           Fri Feb 26 07:54:45 2016

clear_bigbss_psect 0038                __S1 0F60                wreg 000FE8  
             _main 3DC4               _exit 0010               fsr1h 000FE2  
             fsr1l 000FE1               start 0010           clear_ram 001A  
            __HRAM 01D3              __LRAM 0029           intlevel0 C600  
         intlevel1 C600    clear_rbss_psect 002C            __ramtop 1000  
           __Lrbit 0140             __Lrbss 000F            postdec1 000FE5  
          postinc0 000FEE             tblptru 000FF8           __Lbigbss 0EA9  
