

HI-TECH Software PICC-18 Macro Assembler V9.51PL3
                                                       Mon Sep 14 17:33:12 2020


     1                           	processor	18F46K20
     2                           	opt	pw 80
     3                           	psect	text,global,reloc=2,class=CODE,delta=1
     4                           	psect	bss,global,class=RAM,space=1,delta=1
     5                           	psect	temp,global,ovrld,common,class=COMRAM,spa
      +                          ce=1,delta=1
     6                           	psect	intsave_regs,global,class=BIGRAM,space=1,
      +                          delta=1
     7  000000                     
     8  000000                     
     9  000000                     
    10  000000                     
    11  000000                     
    12  000000                     
    13  000000                     
    14  000000                     
    15  000000                     
    16  000000                     
    17  000000                     
    18  000000                     
    19  000000                     
    20  000000                     
    21  000000                     
    22  000000                     
    23  000000                     
    24  000000                     
    25  000000                     
    26  000000                     
    27  000000                     
    28  000000                     
    29  000000                     
    30  000000                     
    31  000000                     
    32  000000                     
    33  000000                     
    34  000000                     
    35  000000                     
    36  000000                     
    37  000000                     
    38  000000                     
    39  000000                     
    40  000000                     
    41  000000                     
    42  000000                     
    43  000000                     
    44  000000                     
    45  000000                     
    46  000000                     
    47  000000                     
    48  000000                     
    49  000000                     
    50  000000                     
    51  000000                     
    52  000000                     
    53  000000                     
    54  000000                     
    55  000000                     
    56  000000                     
    57  000000                     
    58  000000                     
    59  000000                     
    60  000000                     
    61  000000                     
    62  000000                     
    63  000000                     
    64  000000                     
    65  000000                     
    66  000000                     
    67  000000                     
    68  000000                     
    69  000000                     
    70  000000                     
    71  000000                     
    72  000000                     
    73  000000                     
    74  000000                     
    75  000000                     
    76  000000                     
    77  000000                     
    78  000000                     
    79  000000                     
    80  000000                     
    81  000000                     
    82  000000                     
    83  000000                     
    84  000000                     
    85  000000                     
    86  000000                     
    87  000000                     
    88  000000                     
    89  000000                     
    90  000000                     
    91  000000                     
    92  000000                     
    93  000000                     
    94  000000                     
    95  000000                     
    96                           
    97                           	psect	text
    98                           ;pic18f45k20.h: 20: static volatile near unsigne
      +                          d char TOSU @ 0xFFF;
    99                           ;pic18f45k20.h: 21: static volatile near unsigne
      +                          d char TOSH @ 0xFFE;
   100                           ;pic18f45k20.h: 22: static volatile near unsigne
      +                          d char TOSL @ 0xFFD;
   101                           ;pic18f45k20.h: 23: static volatile near unsigne
      +                          d char STKPTR @ 0xFFC;
   102                           ;pic18f45k20.h: 24: static volatile near unsigne
      +                          d char PCLATU @ 0xFFB;
   103                           ;pic18f45k20.h: 25: static volatile near unsigne
      +                          d char PCLATH @ 0xFFA;
   104                           ;pic18f45k20.h: 26: static volatile near unsigne
      +                          d char PCL @ 0xFF9;
   105                           ;pic18f45k20.h: 27: static volatile far unsigned
      +                           char * TBLPTR @ 0xFF6;
   106                           ;pic18f45k20.h: 28: static volatile near unsigne
      +                          d char TBLPTRU @ 0xFF8;
   107                           ;pic18f45k20.h: 29: static volatile near unsigne
      +                          d char TBLPTRH @ 0xFF7;
   108                           ;pic18f45k20.h: 30: static volatile near unsigne
      +                          d char TBLPTRL @ 0xFF6;
   109                           ;pic18f45k20.h: 31: static volatile near unsigne
      +                          d char TABLAT @ 0xFF5;
   110                           ;pic18f45k20.h: 32: static volatile near unsigne
      +                          d char PRODH @ 0xFF4;
   111                           ;pic18f45k20.h: 33: static volatile near unsigne
      +                          d char PRODL @ 0xFF3;
   112                           ;pic18f45k20.h: 34: static volatile near unsigne
      +                          d char INTCON @ 0xFF2;
   113                           ;pic18f45k20.h: 35: static near unsigned char IN
      +                          TCON2 @ 0xFF1;
   114                           ;pic18f45k20.h: 36: static volatile near unsigne
      +                          d char INTCON3 @ 0xFF0;
   115                           ;pic18f45k20.h: 37: static volatile near unsigne
      +                          d char INDF0 @ 0xFEF;
   116                           ;pic18f45k20.h: 38: static volatile near unsigne
      +                          d char POSTINC0 @ 0xFEE;
   117                           ;pic18f45k20.h: 39: static volatile near unsigne
      +                          d char POSTDEC0 @ 0xFED;
   118                           ;pic18f45k20.h: 40: static volatile near unsigne
      +                          d char PREINC0 @ 0xFEC;
   119                           ;pic18f45k20.h: 41: static volatile near unsigne
      +                          d char PLUSW0 @ 0xFEB;
   120                           ;pic18f45k20.h: 42: static volatile near unsigne
      +                          d char FSR0H @ 0xFEA;
   121                           ;pic18f45k20.h: 43: static volatile near unsigne
      +                          d char FSR0L @ 0xFE9;
   122                           ;pic18f45k20.h: 44: static volatile near unsigne
      +                          d char WREG @ 0xFE8;
   123                           ;pic18f45k20.h: 45: static volatile near unsigne
      +                          d char INDF1 @ 0xFE7;
   124                           ;pic18f45k20.h: 46: static volatile near unsigne
      +                          d char POSTINC1 @ 0xFE6;
   125                           ;pic18f45k20.h: 47: static volatile near unsigne
      +                          d char POSTDEC1 @ 0xFE5;
   126                           ;pic18f45k20.h: 48: static volatile near unsigne
      +                          d char PREINC1 @ 0xFE4;
   127                           ;pic18f45k20.h: 49: static volatile near unsigne
      +                          d char PLUSW1 @ 0xFE3;
   128                           ;pic18f45k20.h: 50: static volatile near unsigne
      +                          d char FSR1H @ 0xFE2;
   129                           ;pic18f45k20.h: 51: static volatile near unsigne
      +                          d char FSR1L @ 0xFE1;
   130                           ;pic18f45k20.h: 52: static near unsigned char BS
      +                          R @ 0xFE0;
   131                           ;pic18f45k20.h: 53: static volatile near unsigne
      +                          d char INDF2 @ 0xFDF;
   132                           ;pic18f45k20.h: 54: static volatile near unsigne
      +                          d char POSTINC2 @ 0xFDE;
   133                           ;pic18f45k20.h: 55: static volatile near unsigne
      +                          d char POSTDEC2 @ 0xFDD;
   134                           ;pic18f45k20.h: 56: static volatile near unsigne
      +                          d char PREINC2 @ 0xFDC;
   135                           ;pic18f45k20.h: 57: static volatile near unsigne
      +                          d char PLUSW2 @ 0xFDB;
   136                           ;pic18f45k20.h: 58: static volatile near unsigne
      +                          d char FSR2H @ 0xFDA;
   137                           ;pic18f45k20.h: 59: static volatile near unsigne
      +                          d char FSR2L @ 0xFD9;
   138                           ;pic18f45k20.h: 60: static volatile near unsigne
      +                          d char STATUS @ 0xFD8;
   139                           ;pic18f45k20.h: 61: static volatile near unsigne
      +                          d char TMR0H @ 0xFD7;
   140                           ;pic18f45k20.h: 62: static volatile near unsigne
      +                          d char TMR0L @ 0xFD6;
   141                           ;pic18f45k20.h: 64: static volatile near unsigne
      +                          d int TMR0 @ 0xFD6;
   142                           ;pic18f45k20.h: 65: static near unsigned char T0
      +                          CON @ 0xFD5;
   143                           ;pic18f45k20.h: 66: static volatile near unsigne
      +                          d char OSCCON @ 0xFD3;
   144                           ;pic18f45k20.h: 67: static volatile near unsigne
      +                          d char HLVDCON @ 0xFD2;
   145                           ;pic18f45k20.h: 68: static volatile near unsigne
      +                          d char WDTCON @ 0xFD1;
   146                           ;pic18f45k20.h: 69: static volatile near unsigne
      +                          d char RCON @ 0xFD0;
   147                           ;pic18f45k20.h: 70: static volatile near unsigne
      +                          d char TMR1H @ 0xFCF;
   148                           ;pic18f45k20.h: 71: static volatile near unsigne
      +                          d char TMR1L @ 0xFCE;
   149                           ;pic18f45k20.h: 73: static volatile near unsigne
      +                          d int TMR1 @ 0xFCE;
   150                           ;pic18f45k20.h: 74: static near unsigned char T1
      +                          CON @ 0xFCD;
   151                           ;pic18f45k20.h: 75: static volatile near unsigne
      +                          d char TMR2 @ 0xFCC;
   152                           ;pic18f45k20.h: 76: static near unsigned char PR
      +                          2 @ 0xFCB;
   153                           ;pic18f45k20.h: 77: static near unsigned char T2
      +                          CON @ 0xFCA;
   154                           ;pic18f45k20.h: 78: static volatile near unsigne
      +                          d char SSPBUF @ 0xFC9;
   155                           ;pic18f45k20.h: 79: static near unsigned char SS
      +                          PADD @ 0xFC8;
   156                           ;pic18f45k20.h: 80: static volatile near unsigne
      +                          d char SSPSTAT @ 0xFC7;
   157                           ;pic18f45k20.h: 81: static volatile near unsigne
      +                          d char SSPCON1 @ 0xFC6;
   158                           ;pic18f45k20.h: 82: static volatile near unsigne
      +                          d char SSPCON2 @ 0xFC5;
   159                           ;pic18f45k20.h: 83: static volatile near unsigne
      +                          d char ADRESH @ 0xFC4;
   160                           ;pic18f45k20.h: 84: static volatile near unsigne
      +                          d char ADRESL @ 0xFC3;
   161                           ;pic18f45k20.h: 86: static volatile near unsigne
      +                          d int ADRES @ 0xFC3;
   162                           ;pic18f45k20.h: 87: static volatile near unsigne
      +                          d char ADCON0 @ 0xFC2;
   163                           ;pic18f45k20.h: 88: static near unsigned char AD
      +                          CON1 @ 0xFC1;
   164                           ;pic18f45k20.h: 89: static near unsigned char AD
      +                          CON2 @ 0xFC0;
   165                           ;pic18f45k20.h: 90: static volatile near unsigne
      +                          d char CCPR1H @ 0xFBF;
   166                           ;pic18f45k20.h: 91: static volatile near unsigne
      +                          d char CCPR1L @ 0xFBE;
   167                           ;pic18f45k20.h: 93: static volatile near unsigne
      +                          d int CCPR1 @ 0xFBE;
   168                           ;pic18f45k20.h: 94: static volatile near unsigne
      +                          d char CCP1CON @ 0xFBD;
   169                           ;pic18f45k20.h: 95: static volatile near unsigne
      +                          d char CCPR2H @ 0xFBC;
   170                           ;pic18f45k20.h: 96: static volatile near unsigne
      +                          d char CCPR2L @ 0xFBB;
   171                           ;pic18f45k20.h: 98: static volatile near unsigne
      +                          d int CCPR2 @ 0xFBB;
   172                           ;pic18f45k20.h: 99: static volatile near unsigne
      +                          d char CCP2CON @ 0xFBA;
   173                           ;pic18f45k20.h: 100: static near unsigned char P
      +                          STRCON @ 0xFB9;
   174                           ;pic18f45k20.h: 101: static volatile near unsign
      +                          ed char BAUDCTL @ 0xFB8;
   175                           ;pic18f45k20.h: 102: static volatile near unsign
      +                          ed char PWM1CON @ 0xFB7;
   176                           ;pic18f45k20.h: 103: static volatile near unsign
      +                          ed char ECCP1AS @ 0xFB6;
   177                           ;pic18f45k20.h: 104: static volatile near unsign
      +                          ed char CVRCON @ 0xFB5;
   178                           ;pic18f45k20.h: 105: static volatile near unsign
      +                          ed char CVRCON2 @ 0xFB4;
   179                           ;pic18f45k20.h: 106: static volatile near unsign
      +                          ed char TMR3H @ 0xFB3;
   180                           ;pic18f45k20.h: 107: static volatile near unsign
      +                          ed char TMR3L @ 0xFB2;
   181                           ;pic18f45k20.h: 109: static volatile near unsign
      +                          ed int TMR3 @ 0xFB2;
   182                           ;pic18f45k20.h: 110: static near unsigned char T
      +                          3CON @ 0xFB1;
   183                           ;pic18f45k20.h: 111: static near unsigned char S
      +                          PBRGH @ 0xFB0;
   184                           ;pic18f45k20.h: 112: static near unsigned char S
      +                          PBRG @ 0xFAF;
   185                           ;pic18f45k20.h: 114: static near unsigned char S
      +                          PBRG1 @ 0xFAF;
   186                           ;pic18f45k20.h: 115: static volatile near unsign
      +                          ed char RCREG @ 0xFAE;
   187                           ;pic18f45k20.h: 117: static volatile near unsign
      +                          ed char RCREG1 @ 0xFAE;
   188                           ;pic18f45k20.h: 118: static volatile near unsign
      +                          ed char TXREG @ 0xFAD;
   189                           ;pic18f45k20.h: 120: static volatile near unsign
      +                          ed char TXREG1 @ 0xFAD;
   190                           ;pic18f45k20.h: 121: static volatile near unsign
      +                          ed char TXSTA @ 0xFAC;
   191                           ;pic18f45k20.h: 123: static volatile near unsign
      +                          ed char TXSTA1 @ 0xFAC;
   192                           ;pic18f45k20.h: 124: static volatile near unsign
      +                          ed char RCSTA @ 0xFAB;
   193                           ;pic18f45k20.h: 126: static volatile near unsign
      +                          ed char RCSTA1 @ 0xFAB;
   194                           ;pic18f45k20.h: 128: static near unsigned char E
      +                          EADRH @ 0xFAA;
   195                           ;pic18f45k20.h: 130: static near unsigned char E
      +                          EADR @ 0xFA9;
   196                           ;pic18f45k20.h: 131: static volatile near unsign
      +                          ed char EEDATA @ 0xFA8;
   197                           ;pic18f45k20.h: 132: static volatile near unsign
      +                          ed char EECON2 @ 0xFA7;
   198  00008E                     _InitPWM:
   199  000000                     
   200                           ;pwm.c: 17: CCP1CON=0;
   201  00008E  6ABD               	clrf	4029,c	;volatile
   202                           ;pwm.c: 18: CCPR1L=0;
   203  000090  6ABE               	clrf	4030,c	;volatile
   204                           ;pwm.c: 19: CCPR1H=0;
   205  000092  6ABF               	clrf	4031,c	;volatile
   206                           ;pwm.c: 20: CCP1CON=0b00001100;
   207  000094  0E0C               	movlw	12
   208  000096  6EBD               	movwf	4029,c	;volatile
   209                           ;pwm.c: 21: STRA=0;
   210  000098  90B9               	bcf	4025,0,c
   211                           ;pwm.c: 22: STRB=0;
   212  00009A  92B9               	bcf	4025,1,c
   213                           ;pwm.c: 23: STRC=0;
   214  00009C  94B9               	bcf	4025,2,c
   215                           ;pwm.c: 24: STRD=1;
   216  00009E  86B9               	bsf	4025,3,c
   217                           ;pwm.c: 26: CCP2CON=0;
   218  0000A0  6ABA               	clrf	4026,c	;volatile
   219                           ;pwm.c: 27: CCPR2L=0;
   220  0000A2  6ABB               	clrf	4027,c	;volatile
   221                           ;pwm.c: 28: CCPR2H=0;
   222  0000A4  6ABC               	clrf	4028,c	;volatile
   223                           ;pwm.c: 29: CCP2CON=0b00001100;
   224  0000A6  0E0C               	movlw	12
   225  0000A8  6EBA               	movwf	4026,c	;volatile
   226                           ;pwm.c: 31: TMR2=0;
   227  0000AA  6ACC               	clrf	4044,c	;volatile
   228                           ;pwm.c: 32: T2CON=0b00000010;
   229  0000AC  0E02               	movlw	2
   230  0000AE  6ECA               	movwf	4042,c
   231                           ;pwm.c: 33: PR2=0x7C;
   232  0000B0  0E7C               	movlw	124
   233  0000B2  6ECB               	movwf	4043,c
   234                           ;pwm.c: 34: TMR2IE=1;
   235  0000B4  829D               	bsf	3997,1,c
   236                           ;pwm.c: 35: TMR2ON=1;
   237  0000B6  84CA               	bsf	4042,2,c
   238                           ;pwm.c: 47: PWM.HIPWM=(0x7C+1)<<1;
   239  0000B8  0EFA               	movlw	-6
   240  0000BA  CFE8 F2DF          	movff	wreg,_PWM+6
   241                           ;pwm.c: 60: PWM.BufPWM=0;
   242  0000BE  0102               	movlb	(_PWM+1) shr (0+8)
   243  0000C0  6BDA               	clrf	(_PWM+1)& (0+255),b
   244                           ;pwm.c: 61: PWM.NewPWM=0;
   245  0000C2  6BDB               	clrf	(_PWM+2)& (0+255),b
   246                           ;pwm.c: 62: PWM.BufPWM2=0;
   247  0000C4  6BDD               	clrf	(_PWM+4)& (0+255),b
   248                           ;pwm.c: 63: PWM.NewPWM2=0;
   249  0000C6  6BDE               	clrf	(_PWM+5)& (0+255),b
   250                           ;pwm.c: 64: }
   251  0000C8  0012               	return	
   252  0000CA                     __end_of_InitPWM:
   253                           ;pwm.c: 69: void ModParam(void)
   254                           ;pwm.c: 70: {
   255  0000CA                     _ModParam:
   256  000000                     
   257                           ;pwm.c: 71: switch(DtKNF.rfan)
   258  0000CA  D003               	goto	l15
   259  0000CC                     l16:
   260  0000CC  D008               	goto	L3
   261                           ;pwm.c: 72: {
   262                           ;pwm.c: 74: {
   263                           ;pwm.c: 76: break;
   264  0000CE                     l17:
   265                           ;pwm.c: 77: }
   266                           ;pwm.c: 79: {
   267  0000CE  0E1F               	movlw	31
   268  0000D0  D007               	goto	L2
   269                           ;pwm.c: 86: }
   270  0000D2                     l15:
   271  0000D2  C2D0  FFE8         	movff	_DtKNF+34,wreg
   272  0000D6  0A00               	xorlw	0
   273  0000D8  E0F9               	bz	l16
   274  0000DA  0A01               	xorlw	1
   275  0000DC  E0F8               	bz	l17
   276  0000DE                     L3:
   277                           ;pwm.c: 81: break;
   278                           ;pwm.c: 82: }
   279                           ;pwm.c: 84: {
   280  0000DE  0E12               	movlw	18
   281  0000E0                     L2:
   282  0000E0  CFE8 F2E0          	movff	wreg,_PWM+7
   283                           ;pwm.c: 88: PWM.MGMOD=CalkVNTtoPWM(DtKNF.mmax);
   284  0000E4  C2C6  FFE8         	movff	_DtKNF+24,wreg
   285  0000E8  ECC0  F063         	call	_CalkVNTtoPWM
   286  0000EC  CFE8 F2E4          	movff	wreg,_PWM+11
   287                           ;pwm.c: 89: if(PWM.MGMOD>PWM.HIPWM) PWM.MGMOD=PW
      +                          M.HIPWM;
   288  0000F0  C2E4  FFE8         	movff	_PWM+11,wreg
   289  0000F4  0102               	movlb	(_PWM+6) shr (0+8)
   290  0000F6  61DF               	cpfslt	(_PWM+6)& (0+255),b
   291  0000F8  D002               	goto	l19
   292  0000FA  C2DF  F2E4         	movff	_PWM+6,_PWM+11
   293  0000FE                     l19:
   294                           ;pwm.c: 90: PWM.MDMOD=CalkVNTtoPWM(DtKNF.mmin);
   295  0000FE  C2C5  FFE8         	movff	_DtKNF+23,wreg
   296  000102  ECC0  F063         	call	_CalkVNTtoPWM
   297  000106  CFE8 F2E1          	movff	wreg,_PWM+8
   298                           ;pwm.c: 91: if(PWM.MDMOD<PWM.VLO_PWM) PWM.MDMOD=
      +                          PWM.VLO_PWM;
   299  00010A  C2E0  FFE8         	movff	_PWM+7,wreg
   300  00010E  0102               	movlb	(_PWM+8) shr (0+8)
   301  000110  61E1               	cpfslt	(_PWM+8)& (0+255),b
   302  000112  D002               	goto	l20
   303  000114  C2E0  F2E1         	movff	_PWM+7,_PWM+8
   304  000118                     l20:
   305                           ;pwm.c: 92: PWM.DKNF_MDMOD=PWM.MDMOD;
   306  000118  C2E1  F2E2         	movff	_PWM+8,_PWM+9
   307                           ;pwm.c: 96: PWM.MSTART=CalkVNTtoPWM(ProcToVNT(Dt
      +                          KNF.mstr));
   308  00011C  C2B4  FFE8         	movff	_DtKNF+6,wreg
   309  000120  ECD1  F063         	call	_ProcToVNT
   310  000124  ECC0  F063         	call	_CalkVNTtoPWM
   311  000128  CFE8 F2F1          	movff	wreg,_PWM+24
   312                           ;pwm.c: 97: if(PWM.MSTART>PWM.MGMOD) PWM.MSTART=
      +                          PWM.MGMOD;
   313  00012C  C2F1  FFE8         	movff	_PWM+24,wreg
   314  000130  0102               	movlb	(_PWM+11) shr (0+8)
   315  000132  61E4               	cpfslt	(_PWM+11)& (0+255),b
   316  000134  D002               	goto	l21
   317  000136  C2E4  F2F1         	movff	_PWM+11,_PWM+24
   318  00013A                     l21:
   319                           ;pwm.c: 98: if(PWM.MSTART<PWM.MDMOD) PWM.MSTART=
      +                          PWM.MDMOD;
   320  00013A  C2E1  FFE8         	movff	_PWM+8,wreg
   321  00013E  0102               	movlb	(_PWM+24) shr (0+8)
   322  000140  61F1               	cpfslt	(_PWM+24)& (0+255),b
   323  000142  D002               	goto	l22
   324  000144  C2E1  F2F1         	movff	_PWM+8,_PWM+24
   325  000148                     l22:
   326                           ;pwm.c: 101: PWM.DV16_MDMOD=CalkVNTtoPWM(16);
   327  000148  0E10               	movlw	16
   328  00014A  ECC0  F063         	call	_CalkVNTtoPWM
   329  00014E  CFE8 F2E3          	movff	wreg,_PWM+10
   330                           ;pwm.c: 102: if(PWM.MSTART>PWM.DV16_MDMOD)
   331  000152  C2F1  FFE8         	movff	_PWM+24,wreg
   332  000156  0102               	movlb	(_PWM+10) shr (0+8)
   333  000158  61E3               	cpfslt	(_PWM+10)& (0+255),b
   334  00015A  D00C               	goto	l23
   335                           ;pwm.c: 103: {
   336  00015C  0E23               	movlw	35
   337  00015E  ECC0  F063         	call	_CalkVNTtoPWM
   338  000162  CFE8 F2E3          	movff	wreg,_PWM+10
   339                           ;pwm.c: 105: if(PWM.MSTART<PWM.DV16_MDMOD) PWM.D
      +                          V16_MDMOD=PWM.MSTART;
   340  000166  C2E3  FFE8         	movff	_PWM+10,wreg
   341  00016A  0102               	movlb	(_PWM+24) shr (0+8)
   342  00016C  61F1               	cpfslt	(_PWM+24)& (0+255),b
   343  00016E  D002               	goto	l23
   344  000170  C2F1  F2E3         	movff	_PWM+24,_PWM+10
   345  000174                     l23:
   346                           ;pwm.c: 106: }
   347  000174  C2E0  FFE8         	movff	_PWM+7,wreg
   348  000178  0102               	movlb	(_PWM+10) shr (0+8)
   349  00017A  61E3               	cpfslt	(_PWM+10)& (0+255),b
   350  00017C  D002               	goto	l25
   351  00017E  C2E0  F2E3         	movff	_PWM+7,_PWM+10
   352  000182                     l25:
   353                           ;pwm.c: 109: PWM.MMAXCW=CalkVNTtoPWM(ProcToVNT(D
      +                          tKNF.mxcw));
   354  000182  C2B5  FFE8         	movff	_DtKNF+7,wreg
   355  000186  ECD1  F063         	call	_ProcToVNT
   356  00018A  ECC0  F063         	call	_CalkVNTtoPWM
   357  00018E  CFE8 F2F3          	movff	wreg,_PWM+26
   358                           ;pwm.c: 110: if(PWM.MMAXCW>PWM.MGMOD) PWM.MMAXCW
      +                          =PWM.MGMOD;
   359  000192  C2F3  FFE8         	movff	_PWM+26,wreg
   360  000196  0102               	movlb	(_PWM+11) shr (0+8)
   361  000198  61E4               	cpfslt	(_PWM+11)& (0+255),b
   362  00019A  D002               	goto	l26
   363  00019C  C2E4  F2F3         	movff	_PWM+11,_PWM+26
   364  0001A0                     l26:
   365                           ;pwm.c: 111: if(PWM.MMAXCW<PWM.MDMOD) PWM.MMAXCW
      +                          =PWM.MDMOD;
   366  0001A0  C2E1  FFE8         	movff	_PWM+8,wreg
   367  0001A4  0102               	movlb	(_PWM+26) shr (0+8)
   368  0001A6  61F3               	cpfslt	(_PWM+26)& (0+255),b
   369  0001A8  D002               	goto	l27
   370  0001AA  C2E1  F2F3         	movff	_PWM+8,_PWM+26
   371  0001AE                     l27:
   372                           ;pwm.c: 112: PWM.MMAXCO=CalkVNTtoPWM(ProcToVNT(D
      +                          tKNF.mxco));
   373  0001AE  C2B6  FFE8         	movff	_DtKNF+8,wreg
   374  0001B2  ECD1  F063         	call	_ProcToVNT
   375  0001B6  ECC0  F063         	call	_CalkVNTtoPWM
   376  0001BA  CFE8 F2F2          	movff	wreg,_PWM+25
   377                           ;pwm.c: 113: if(PWM.MMAXCO>PWM.MGMOD) PWM.MMAXCO
      +                          =PWM.MGMOD;
   378  0001BE  C2F2  FFE8         	movff	_PWM+25,wreg
   379  0001C2  0102               	movlb	(_PWM+11) shr (0+8)
   380  0001C4  61E4               	cpfslt	(_PWM+11)& (0+255),b
   381  0001C6  D002               	goto	l28
   382  0001C8  C2E4  F2F2         	movff	_PWM+11,_PWM+25
   383  0001CC                     l28:
   384                           ;pwm.c: 114: if(PWM.MMAXCO<PWM.MDMOD) PWM.MMAXCO
      +                          =PWM.MDMOD;
   385  0001CC  C2E1  FFE8         	movff	_PWM+8,wreg
   386  0001D0  0102               	movlb	(_PWM+25) shr (0+8)
   387  0001D2  61F2               	cpfslt	(_PWM+25)& (0+255),b
   388  0001D4  D002               	goto	l29
   389  0001D6  C2E1  F2F2         	movff	_PWM+8,_PWM+25
   390  0001DA                     l29:
   391                           ;pwm.c: 116: PWM.FIRSTPB=PWM.MGMOD-4*((PWM.MGMOD
      +                          -PWM.MDMOD)/10);
   392  0001DA  0E0A               	movlw	10
   393  0001DC  6E02               	movwf	btemp+2,c
   394  0001DE  6A03               	clrf	btemp+3,c
   395  0001E0  C2E1  FFE8         	movff	_PWM+8,wreg
   396  0001E4  C2E4  F000         	movff	_PWM+11,btemp
   397  0001E8  6A01               	clrf	btemp+1,c
   398  0001EA  5E00               	subwf	btemp,f,c
   399  0001EC  0E00               	movlw	0
   400  0001EE  5A01               	subwfb	btemp+1,f,c
   401  0001F0  ECA5  F006         	call	awdiv
   402  0001F4  90D8               	bcf	status,0,c
   403  0001F6  3604               	rlcf	btemp+4,f,c
   404  0001F8  90D8               	bcf	status,0,c
   405  0001FA  3404               	rlcf	btemp+4,w,c
   406  0001FC  0102               	movlb	(_PWM+11) shr (0+8)
   407  0001FE  5DE4               	subwf	(_PWM+11)& (0+255),w,b
   408  000200  CFE8 F2EB          	movff	wreg,_PWM+18
   409                           ;pwm.c: 117: PWM.PROP1=PWM.MGMOD-1*((PWM.MGMOD-P
      +                          WM.MDMOD)/7);
   410  000204  0E07               	movlw	7
   411  000206  6E02               	movwf	btemp+2,c
   412  000208  6A03               	clrf	btemp+3,c
   413  00020A  C2E1  FFE8         	movff	_PWM+8,wreg
   414  00020E  C2E4  F000         	movff	_PWM+11,btemp
   415  000212  6A01               	clrf	btemp+1,c
   416  000214  5E00               	subwf	btemp,f,c
   417  000216  0E00               	movlw	0
   418  000218  5A01               	subwfb	btemp+1,f,c
   419  00021A  ECA5  F006         	call	awdiv
   420  00021E  5004               	movf	btemp+4,w,c
   421  000220  5DE4               	subwf	(_PWM+11)& (0+255),w,b
   422  000222  CFE8 F2EC          	movff	wreg,_PWM+19
   423                           ;pwm.c: 118: PWM.PROP2=PWM.MGMOD-2*((PWM.MGMOD-P
      +                          WM.MDMOD)/7);
   424  000226  0E07               	movlw	7
   425  000228  6E02               	movwf	btemp+2,c
   426  00022A  6A03               	clrf	btemp+3,c
   427  00022C  C2E1  FFE8         	movff	_PWM+8,wreg
   428  000230  C2E4  F000         	movff	_PWM+11,btemp
   429  000234  6A01               	clrf	btemp+1,c
   430  000236  5E00               	subwf	btemp,f,c
   431  000238  0E00               	movlw	0
   432  00023A  5A01               	subwfb	btemp+1,f,c
   433  00023C  ECA5  F006         	call	awdiv
   434  000240  90D8               	bcf	status,0,c
   435  000242  3404               	rlcf	btemp+4,w,c
   436  000244  5DE4               	subwf	(_PWM+11)& (0+255),w,b
   437  000246  CFE8 F2ED          	movff	wreg,_PWM+20
   438                           ;pwm.c: 119: PWM.PROP3=PWM.MGMOD-3*((PWM.MGMOD-P
      +                          WM.MDMOD)/7);
   439  00024A  0E07               	movlw	7
   440  00024C  6E02               	movwf	btemp+2,c
   441  00024E  6A03               	clrf	btemp+3,c
   442  000250  C2E1  FFE8         	movff	_PWM+8,wreg
   443  000254  C2E4  F000         	movff	_PWM+11,btemp
   444  000258  6A01               	clrf	btemp+1,c
   445  00025A  5E00               	subwf	btemp,f,c
   446  00025C  0E00               	movlw	0
   447  00025E  5A01               	subwfb	btemp+1,f,c
   448  000260  ECA5  F006         	call	awdiv
   449  000264  5004               	movf	btemp+4,w,c
   450  000266  0D03               	mullw	3
   451  000268  50F3               	movf	prodl,w,c
   452  00026A  5DE4               	subwf	(_PWM+11)& (0+255),w,b
   453  00026C  CFE8 F2EE          	movff	wreg,_PWM+21
   454                           ;pwm.c: 120: }
   455  000270  0012               	return	
   456  000272                     __end_of_ModParam:
   457                           ;pwm.c: 123: unsigned char VPWMtoPROC(unsigned c
      +                          har pwm)
   458                           ;pwm.c: 124: {
   459  000272                     _VPWMtoPROC:
   460  000000                     
   461                           ; _pwm loaded to fsr2l
   462  000272  6ED9               	movwf	fsr2l,c
   463                           ;pwm.c: 125: unsigned int p;
   464  000274  50D9               	movf	fsr2l,w,c
   465  000276  0102               	movlb	(_PWM+11) shr (0+8)
   466  000278  61E4               	cpfslt	(_PWM+11)& (0+255),b
   467  00027A  D002               	goto	l31
   468  00027C  C2E4  FFD9         	movff	_PWM+11,fsr2l
   469  000280                     l31:
   470                           ;pwm.c: 128: if(pwm<PWM.MDMOD) pwm=PWM.MDMOD;
   471  000280  C2E1  FFE8         	movff	_PWM+8,wreg
   472  000284  60D9               	cpfslt	fsr2l,c
   473  000286  D002               	goto	l32
   474  000288  C2E1  FFD9         	movff	_PWM+8,fsr2l
   475  00028C                     l32:
   476                           ;pwm.c: 130: p=(pwm-PWM.MDMOD)*100;
   477  00028C  0E64               	movlw	100
   478  00028E  6E02               	movwf	btemp+2,c
   479  000290  6A03               	clrf	btemp+3,c
   480  000292  C2E1  FFE8         	movff	_PWM+8,wreg
   481  000296  CFD9 F000          	movff	fsr2l,btemp
   482  00029A  6A01               	clrf	btemp+1,c
   483  00029C  5E00               	subwf	btemp,f,c
   484  00029E  0E00               	movlw	0
   485  0002A0  5A01               	subwfb	btemp+1,f,c
   486  0002A2  EC12  F007         	call	lwmul
   487  0002A6  C004  FFF6         	movff	btemp+4,tblptrl
   488  0002AA  C005  FFF7         	movff	btemp+5,tblptrh
   489                           ;pwm.c: 131: p/=(PWM.MGMOD-PWM.MDMOD);
   490  0002AE  C2E1  FFE8         	movff	_PWM+8,wreg
   491  0002B2  C2E4  F002         	movff	_PWM+11,btemp+2
   492  0002B6  6A03               	clrf	btemp+3,c
   493  0002B8  5E02               	subwf	btemp+2,f,c
   494  0002BA  0E00               	movlw	0
   495  0002BC  5A03               	subwfb	btemp+3,f,c
   496  0002BE  CFF6 F000          	movff	tblptrl,btemp
   497  0002C2  CFF7 F001          	movff	tblptrh,btemp+1
   498  0002C6  ECE3  F005         	call	lwdiv
   499  0002CA  C004  FFF6         	movff	btemp+4,tblptrl
   500  0002CE  C005  FFF7         	movff	btemp+5,tblptrh
   501                           ;pwm.c: 132: if (p>100) p=100;
   502  0002D2  0E00               	movlw	0
   503  0002D4  5CF7               	subwf	tblptrh,w,c
   504  0002D6  0E65               	movlw	101
   505  0002D8  B4D8               	btfsc	status,2,c
   506  0002DA  5CF6               	subwf	tblptrl,w,c
   507  0002DC  E303               	bnc	l33
   508  0002DE  0E64               	movlw	100
   509  0002E0  6EF6               	movwf	tblptrl,c
   510  0002E2  6AF7               	clrf	tblptrh,c
   511  0002E4                     l33:
   512                           ;pwm.c: 134: return (unsigned char)p;
   513  0002E4  50F6               	movf	tblptrl,w,c
   514  0002E6  0012               	return	
   515                           ;pwm.c: 135: }
   516  0002E8                     __end_of_VPWMtoPROC:
   517                           ;pwm.c: 139: void WritePWM(const unsigned char t
      +                          pwm)
   518                           ;pwm.c: 140: {
   519  0002E8                     _WritePWM:
   520  000000                     
   521                           ;pwm.c: 142: PWM._ENPWM=0;
   522  0002E8  0102               	movlb	_PWM shr (0+8)
   523  0002EA  91D9               	bcf	_PWM& (0+255),0,b
   524                           ;pwm.c: 143: PWM.BufPWM=tpwm;
   525  0002EC  EE02  F0DA         	lfsr	0,_PWM+1
   526  0002F0  CFE8 FFEF          	movff	wreg,indf0
   527                           ;pwm.c: 144: PWM._ENPWM=1;
   528  0002F4  81D9               	bsf	_PWM& (0+255),0,b
   529                           ;pwm.c: 145: PWM.APROC=VPWMtoPROC(PWM.BufPWM);
   530  0002F6  C2DA  FFE8         	movff	_PWM+1,wreg
   531  0002FA  DFBB               	call	_VPWMtoPROC
   532  0002FC  CFE8 F2EF          	movff	wreg,_PWM+22
   533                           ;pwm.c: 146: }
   534  000300  0012               	return	
   535  000302                     __end_of_WritePWM:
   536                           ;pwm.c: 150: void WritePWM2(const unsigned char 
      +                          tpwm)
   537                           ;pwm.c: 151: {
   538  000302                     _WritePWM2:
   539  000000                     
   540                           ;pwm.c: 152: PWM._ENPWM2=0;
   541  000302  0102               	movlb	(_PWM+3) shr (0+8)
   542  000304  91DC               	bcf	(_PWM+3)& (0+255),0,b
   543                           ;pwm.c: 153: PWM.BufPWM2=tpwm;
   544  000306  EE02  F0DD         	lfsr	0,_PWM+4
   545  00030A  CFE8 FFEF          	movff	wreg,indf0
   546                           ;pwm.c: 154: PWM._ENPWM2=1;
   547  00030E  81DC               	bsf	(_PWM+3)& (0+255),0,b
   548                           ;pwm.c: 155: }
   549  000310  0012               	return	
   550  000312                     __end_of_WritePWM2:
   551                           ;pwm.c: 171: void IntPWM(void)
   552                           ;pwm.c: 172: {
   553  000312                     _IntPWM:
   554  000000                     
   555                           ;pwm.c: 173: static bit btOsc=0;
   556  000312  0102               	movlb	_PWM shr (0+8)
   557  000314  B1D9               	btfsc	_PWM& (0+255),0,b
   558                           ;pwm.c: 176: {
   559  000316  C2DA  F2DB         	movff	_PWM+1,_PWM+2
   560                           ;pwm.c: 178: }
   561  00031A  C2DB  FFE8         	movff	_PWM+2,wreg
   562  00031E  0102               	movlb	(_PWM+6) shr (0+8)
   563  000320  61DF               	cpfslt	(_PWM+6)& (0+255),b
   564  000322  D002               	goto	l38
   565  000324  C2DF  F2DB         	movff	_PWM+6,_PWM+2
   566  000328                     l38:
   567                           ;pwm.c: 189: DC1B1=((PWM.NewPWM&0b00000001)>0)?1
      +                          :0;
   568  000328  0102               	movlb	(_PWM+2) shr (0+8)
   569  00032A  8ABD               	bsf	4029,5,c
   570  00032C  A1DB               	btfss	(_PWM+2)& (0+255),0,b
   571  00032E  9ABD               	bcf	4029,5,c
   572                           ;pwm.c: 190: DC1B0=0;
   573  000330  98BD               	bcf	4029,4,c
   574                           ;pwm.c: 191: CCPR1L=PWM.NewPWM>>1;
   575  000332  C2DB  F000         	movff	_PWM+2,btemp
   576  000336  90D8               	bcf	status,0,c
   577  000338  3000               	rrcf	btemp,w,c
   578  00033A  6EBE               	movwf	4030,c	;volatile
   579                           ;pwm.c: 198: }
   580  00033C  0012               	return	
   581  00033E                     __end_of_IntPWM:
   582                           ;pwm.c: 202: void IntPWM2(void)
   583                           ;pwm.c: 203: {
   584  00033E                     _IntPWM2:
   585  000000                     
   586                           ;pwm.c: 204: static bit btOsc=0;
   587  00033E  0102               	movlb	(_PWM+3) shr (0+8)
   588  000340  B1DC               	btfsc	(_PWM+3)& (0+255),0,b
   589                           ;pwm.c: 207: {
   590  000342  C2DD  F2DE         	movff	_PWM+4,_PWM+5
   591                           ;pwm.c: 209: }
   592  000346  C2DE  FFE8         	movff	_PWM+5,wreg
   593  00034A  0102               	movlb	(_PWM+6) shr (0+8)
   594  00034C  61DF               	cpfslt	(_PWM+6)& (0+255),b
   595  00034E  D002               	goto	l41
   596  000350  C2DF  F2DE         	movff	_PWM+6,_PWM+5
   597  000354                     l41:
   598                           ;pwm.c: 220: DC2B1=((PWM.NewPWM2&0b00000001)>0)?
      +                          1:0;
   599  000354  0102               	movlb	(_PWM+5) shr (0+8)
   600  000356  8ABA               	bsf	4026,5,c
   601  000358  A1DE               	btfss	(_PWM+5)& (0+255),0,b
   602  00035A  9ABA               	bcf	4026,5,c
   603                           ;pwm.c: 221: DC2B0=0;
   604  00035C  98BA               	bcf	4026,4,c
   605                           ;pwm.c: 222: CCPR2L=PWM.NewPWM2>>1;
   606  00035E  C2DE  F000         	movff	_PWM+5,btemp
   607  000362  90D8               	bcf	status,0,c
   608  000364  3000               	rrcf	btemp,w,c
   609  000366  6EBB               	movwf	4027,c	;volatile
   610                           ;pwm.c: 229: }
   611  000368  0012               	return	
   612  00036A                     __end_of_IntPWM2:
   613  000000                     
   614  000000                     
   615  000000                     
   616  000000                     
   617  000000                     
   618  000000                     
   619  000000                     
   620  000000                     
   621  000000                     
   622  000000                     
   623  000000                     
   624  000000                     
   625  000000                     
   626  000000                     
   627  000000                     
   628  000000                     
   629  000000                     
   630  000000                     
   631  000000                     
   632  000000                     
   633  000000                     
   634  000000                     
   635  000000                     
   636  000000                     
   637  000000                     
   638  000000                     
   639  000000                     
   640  000000                     
   641  000000                     
   642  000000                     
   643  000000                     
   644  000000                     
   645  000000                     
   646  000000                     
   647  000000                     
   648  000000                     
   649  000000                     
   650  000000                     
   651  000000                     
   652  000000                     
   653  000000                     
   654  000000                     
   655  000000                     
   656  000000                     
   657  000000                     
   658  000000                     
   659  000000                     
   660  000000                     
   661  000000                     
   662  000000                     
   663  000000                     
   664  000000                     
   665  000000                     
   666  000000                     
   667  000000                     
   668  000000                     
   669  000000                     
   670  000000                     
   671  000000                     
   672  000000                     
   673  000000                     
   674  000000                     
   675  000000                     
   676  000000                     
   677  000000                     
   678  000000                     
   679  000000                     
   680  000000                     
   681  000000                     
   682  000000                     
   683  000000                     
   684  000000                     
   685  000000                     
   686  000000                     
   687  000000                     
   688  000000                     
   689  000000                     
   690  000000                     
   691  000000                     
   692  000000                     
   693  000000                     
   694  000000                     
   695  000000                     
   696  000000                     
   697  000000                     
   698  000000                     
   699  000000                     
   700  000000                     
   701  000000                     
   702  000000                     
   703  000000                     
   704  000000                     
   705  000000                     
   706  000000                     
   707  000000                     
   708  000000                     
   709  000000                     
   710  000000                     
   711  000000                     
   712  000000                     
   713  000000                     
   714  000000                     
   715  000000                     
   716  000000                     
   717  000000                     
   718  000000                     
   719  000000                     
   720  000000                     
   721  000000                     
   722  000000                     
   723  000000                     
   724  000000                     
   725  000000                     
   726  000000                     
   727  000000                     
   728  000000                     
   729  000000                     
   730  000000                     
   731  000000                     
   732  000000                     
   733  000000                     
   734  000000                     
   735  000000                     
   736  000000                     
   737  000000                     
   738  000000                     
   739  000000                     
   740  000000                     
   741  000000                     
   742  000000                     
   743  000000                     
   744  000000                     
   745  000000                     
   746  000000                     
   747  000000                     
   748  000000                     
   749  000000                     
   750  000000                     
   751  000000                     
   752  000000                     
   753  000000                     
   754  000000                     
   755  000000                     
   756  000000                     
   757  000000                     
   758  000000                     
   759  000000                     
   760  000000                     
   761  000000                     
   762  000000                     
   763  000000                     
   764  000000                     
   765  000000                     
   766  000000                     
   767  000000                     
   768  000000                     
   769  000000                     
   770  000000                     
   771  000000                     
   772  000000                     
   773  000000                     
   774  000000                     
   775  000000                     
   776  000000                     
   777  000000                     
   778  000000                     
   779  000000                     
   780  000000                     
   781  000000                     
   782  000000                     
   783  000000                     
   784  000000                     
   785  000000                     
   786  000000                     
   787  000000                     
   788  000000                     
   789  000000                     
   790  000000                     
   791  000000                     
   792  000000                     
   793  000000                     
   794  000000                     
   795  000000                     
   796  000000                     
   797  000000                     
   798  000000                     
   799  000000                     
   800  000000                     
   801  000000                     
   802  000000                     
   803  000000                     
   804  000000                     
   805  000000                     
   806  000000                     
   807  000000                     
   808  000000                     
   809  000000                     
   810  000000                     
   811  000000                     
   812  000000                     
   813  000000                     
   814  000000                     
   815  000000                     
   816  000000                     
   817  000000                     
   818  000000                     
   819  000000                     
   820  000000                     
   821  000000                     
   822  000000                     
   823  000000                     
   824  000000                     
   825  000000                     
   826  000000                     
   827  000000                     
   828  000000                     
   829  000000                     
   830  000000                     
   831  000000                     
   832  000000                     
   833  000000                     
   834  000000                     
   835  000000                     
   836  000000                     
   837  000000                     
   838  000000                     
   839  000000                     
   840  000000                     
   841  000000                     
   842  000000                     
   843  000000                     
   844  000000                     
   845  000000                     
   846  000000                     
   847  000000                     
   848  000000                     
   849  000000                     
   850  000000                     
   851  000000                     
   852  000000                     
   853  000000                     
   854  000000                     
   855  000000                     
   856  000000                     
   857  000000                     
   858  000000                     
   859  000000                     
   860  000000                     
   861  000000                     
   862  000000                     
   863  000000                     
   864  000000                     
   865  000000                     
   866  000000                     
   867  000000                     
   868  000000                     
   869  000000                     
   870  000000                     
   871  000000                     
   872  000000                     
   873  000000                     
   874  000000                     
   875  000000                     
   876  000000                     
   877  000000                     
   878  000000                     
   879  000000                     
   880  000000                     
   881  000000                     
   882  000000                     
   883  000000                     
   884  000000                     
   885  000000                     
   886  000000                     
   887  000000                     
   888  000000                     
   889  000000                     
   890  000000                     
   891  000000                     
   892  000000                     
   893  000000                     
   894  000000                     
   895  000000                     
   896  000000                     
   897  000000                     
   898  000000                     
   899  000000                     
   900  000000                     
   901  000000                     
   902  000000                     
   903  000000                     
   904  000000                     
   905  000000                     
   906  000000                     
   907  000000                     
   908  000000                     
   909  000000                     
   910  000000                     
   911  000000                     
   912  000000                     
   913  000000                     
   914  000000                     
   915  000000                     
   916  000000                     
   917  000000                     
   918  000000                     
   919  000000                     
   920  000000                     
   921  000000                     
   922  000000                     
   923  000000                     
   924  000000                     
   925  000000                     
   926  000000                     
   927  000000                     
   928  000000                     
   929  000000                     
   930  000000                     
   931  000000                     
   932  000000                     
   933  000000                     
   934  000000                     
   935  000000                     
   936  000000                     
   937  000000                     
   938  000000                     
   939  000000                     
   940  000000                     
   941  000000                     
   942  000000                     
   943  000000                     
   944  000000                     
   945  000000                     
   946  000000                     
   947  000000                     
   948  000000                     
   949  000000                     
   950  000000                     
   951  000000                     
   952  000000                     
   953  000000                     
   954  000000                     
   955  000000                     
   956  000000                     
   957  000000                     
   958  000000                     
   959  000000                     
   960  000000                     
   961  000000                     
   962  000000                     
   963  000000                     
   964  000000                     
   965  000000                     
   966  000000                     
   967  000000                     
   968  000000                     
   969  000000                     
   970  000000                     
   971  000000                     
   972  000000                     
   973  000000                     
   974  000000                     
   975  000000                     
   976  000000                     
   977  000000                     
   978  000000                     
   979  000000                     
   980  000000                     
   981  000000                     
   982  000000                     
   983  000000                     
   984  000000                     
   985  000000                     
   986  000000                     
   987  000000                     
   988  000000                     
   989  000000                     
   990  000000                     
   991  000000                     
   992  000000                     
   993  000000                     
   994  000000                     
   995  000000                     
   996  000000                     
   997  000000                     
   998  000000                     
   999  000000                     
  1000  000000                     
  1001  000000                     
  1002  000000                     
  1003  000000                     
  1004  000000                     
  1005  000000                     
  1006  000000                     
  1007  000000                     
  1008  000000                     
  1009  000000                     
  1010  000000                     
  1011  000000                     
  1012  000000                     
  1013  000000                     
  1014  000000                     
  1015  000000                     
  1016  000000                     
  1017  000000                     
  1018  000000                     
  1019  000000                     
  1020  000000                     
  1021  000000                     
  1022  000000                     
  1023  000000                     
  1024  000000                     
  1025  000000                     
  1026  000000                     
  1027  000000                     
  1028  000000                     
  1029  000000                     
  1030  000000                     
  1031  000000                     
  1032  000000                     
  1033  000000                     
  1034  000000                     
  1035  000000                     
  1036  000000                     
  1037  000000                     
  1038  000000                     
  1039  000000                     
  1040  000000                     
  1041  000000                     
  1042  000000                     
  1043  000000                     
  1044  000000                     
  1045  000000                     
  1046  000000                     
  1047  000000                     
  1048  000000                     
  1049  000000                     
  1050  000000                     
  1051  000000                     
  1052  000000                     
  1053  000000                     
  1054  000000                     
  1055  000000                     
  1056  000000                     
  1057  000000                     
  1058  000000                     
  1059  000000                     
  1060  000000                     
  1061  000000                     
  1062  000000                     
  1063  000000                     
  1064  000000                     
  1065  000000                     
  1066  000000                     
  1067  000000                     
  1068  000000                     
  1069  000000                     
  1070  000000                     
  1071  000000                     
  1072  000000                     
  1073  000000                     
  1074  000000                     
  1075  000000                     
  1076  000000                     
  1077  000000                     
  1078  000000                     
  1079  000000                     
  1080  000000                     
  1081  000000                     
  1082  000000                     
  1083  000000                     
  1084  000000                     
  1085  000000                     
  1086  000000                     
  1087  000000                     
  1088  000000                     
  1089  000000                     
  1090  000000                     
  1091  000000                     
  1092  000000                     
  1093  000000                     
  1094  000000                     
  1095  000000                     
  1096  000000                     
  1097  000000                     
  1098  000000                     
  1099  000000                     
  1100  000000                     
  1101  000000                     
  1102  000000                     
  1103  000000                     
  1104  000000                     
  1105  000000                     
  1106  000000                     
  1107  000000                     
  1108  000000                     
  1109  000000                     
  1110  000000                     
  1111  000000                     
  1112  000000                     
  1113  000000                     
  1114  000000                     
  1115  000000                     
  1116  000000                     
  1117  000000                     
  1118  000000                     
  1119  000000                     
  1120  000000                     
  1121  000000                     
  1122  000000                     
  1123  000000                     
  1124  000000                     
  1125  000000                     
  1126  000000                     
  1127  000000                     
  1128  000000                     
  1129  000000                     
  1130  000000                     
  1131  000000                     
  1132  000000                     
  1133  000000                     
  1134  000000                     
  1135  000000                     
  1136  000000                     
  1137  000000                     
  1138  000000                     
  1139  000000                     
  1140  000000                     
  1141  000000                     
  1142  000000                     
  1143  000000                     
  1144  000000                     
  1145  000000                     
  1146  000000                     
  1147  000000                     
  1148  000000                     
  1149  000000                     
  1150  000000                     
  1151  000000                     
  1152  000000                     
  1153  000000                     
  1154  000000                     
  1155  000000                     
  1156  000000                     
  1157  000000                     
  1158  000000                     
  1159  000000                     
  1160  000000                     
  1161  000000                     
  1162  000000                     
  1163  000000                     
  1164  000000                     
  1165  000000                     
  1166  000000                     
  1167  000000                     
  1168  000000                     
  1169  000000                     
  1170  000000                     
  1171  000000                     
  1172  000000                     
  1173  000000                     
  1174  000000                     
  1175  000000                     
  1176  000000                     
  1177  000000                     
  1178  000000                     
  1179  000000                     
  1180  000000                     
  1181                           
  1182                           	psect	bss
  1183  0002D9                     _PWM:
  1184  0002D9                     	ds	30
  1185                           
  1186                           	psect	temp
  1187  000000                     btemp:
  1188  000000                     	ds	6
  1189                           tblptrh	equ	0xFF7
  1190                           tblptrl	equ	0xFF6
  1191                           prodl	equ	0xFF3
  1192                           indf0	equ	0xFEF
  1193                           wreg	equ	0xFE8
  1194                           fsr2l	equ	0xFD9
  1195                           status	equ	0xFD8


HI-TECH Software PICC-18 Macro Assembler V9.51PL3
Symbol Table                                           Mon Sep 14 17:33:12 2020

                l20 0118                  l21 013A  
                l22 0148                  l31 0280  
                l23 0174                  l15 00D2  
                l32 028C                  l16 00CC  
                l41 0354                  l33 02E4  
                l25 0182                  l17 00CE  
                l26 01A0                  l27 01AE  
                l19 00FE                  l28 01CC  
                l29 01DA                  l38 0328  
         _ProcToVNT C7A2                 _PWM 02D9  
          _WritePWM 02E8                 wreg 000FE8  
         _WritePWM2 0302   __end_of_WritePWM2 0312  
              indf0 000FEF                fsr2l 000FD9  
              btemp 0000                awdiv 0D4A  
              lwdiv 0BC6     __end_of_IntPWM2 036A  
              prodl 000FF3                lwmul 0E24  
   __end_of_InitPWM 00CA               _DtKNF 02AE  
        used_btemp0 0001          used_btemp1 0001  
        used_btemp2 0001          used_btemp3 0001  
        used_btemp4 0001          used_btemp5 0001  
             status 000FD8    __end_of_ModParam 0272  
           _IntPWM2 033E             _InitPWM 008E  
           __Lparam 00A4          _VPWMtoPROC 0272  
__end_of_VPWMtoPROC 02E8             __ramtop 1000  
  __end_of_WritePWM 0302      __end_of_IntPWM 033E  
      _CalkVNTtoPWM C780              _IntPWM 0312  
            tblptrl 000FF6            _ModParam 00CA  
