

HI-TECH Software PICC-18 Macro Assembler V9.51PL3
                                                       Wed Jun 11 12:30:07 2014


     1                           	processor	18F46K20
     2                           	opt	pw 80
     3                           	psect	text,global,reloc=2,class=CODE,delta=1
     4                           	psect	temp,global,ovrld,common,class=COMRAM,spa
      +                          ce=1,delta=1
     5                           	psect	intsave_regs,global,class=BIGRAM,space=1,
      +                          delta=1
     6  000000                     
     7  000000                     
     8  000000                     
     9  000000                     
    10  000000                     
    11  000000                     
    12  000000                     
    13  000000                     
    14  000000                     
    15  000000                     
    16  000000                     
    17  000000                     
    18  000000                     
    19  000000                     
    20  000000                     
    21  000000                     
    22  000000                     
    23  000000                     
    24  000000                     
    25  000000                     
    26  000000                     
    27  000000                     
    28  000000                     
    29  000000                     
    30  000000                     
    31  000000                     
    32  000000                     
    33  000000                     
    34  000000                     
    35  000000                     
    36  000000                     
    37  000000                     
    38  000000                     
    39  000000                     
    40  000000                     
    41  000000                     
    42  000000                     
    43  000000                     
    44  000000                     
    45  000000                     
    46  000000                     
    47  000000                     
    48  000000                     
    49  000000                     
    50  000000                     
    51  000000                     
    52  000000                     
    53  000000                     
    54  000000                     
    55  000000                     
    56  000000                     
    57  000000                     
    58  000000                     
    59  000000                     
    60  000000                     
    61  000000                     
    62  000000                     
    63  000000                     
    64  000000                     
    65  000000                     
    66  000000                     
    67  000000                     
    68  000000                     
    69  000000                     
    70  000000                     
    71  000000                     
    72  000000                     
    73  000000                     
    74  000000                     
    75  000000                     
    76  000000                     
    77  000000                     
    78  000000                     
    79  000000                     
    80  000000                     
    81  000000                     
    82  000000                     
    83  000000                     
    84  000000                     
    85  000000                     
    86  000000                     
    87  000000                     
    88  000000                     
    89  000000                     
    90  000000                     
    91  000000                     
    92  000000                     
    93  000000                     
    94  000000                     
    95                           ;pic18f45k20.h: 20: static volatile near unsigne
      +                          d char TOSU @ 0xFFF;
    96                           ;pic18f45k20.h: 21: static volatile near unsigne
      +                          d char TOSH @ 0xFFE;
    97                           ;pic18f45k20.h: 22: static volatile near unsigne
      +                          d char TOSL @ 0xFFD;
    98                           ;pic18f45k20.h: 23: static volatile near unsigne
      +                          d char STKPTR @ 0xFFC;
    99                           ;pic18f45k20.h: 24: static volatile near unsigne
      +                          d char PCLATU @ 0xFFB;
   100                           ;pic18f45k20.h: 25: static volatile near unsigne
      +                          d char PCLATH @ 0xFFA;
   101                           ;pic18f45k20.h: 26: static volatile near unsigne
      +                          d char PCL @ 0xFF9;
   102                           ;pic18f45k20.h: 27: static volatile far unsigned
      +                           char * TBLPTR @ 0xFF6;
   103                           ;pic18f45k20.h: 28: static volatile near unsigne
      +                          d char TBLPTRU @ 0xFF8;
   104                           ;pic18f45k20.h: 29: static volatile near unsigne
      +                          d char TBLPTRH @ 0xFF7;
   105                           ;pic18f45k20.h: 30: static volatile near unsigne
      +                          d char TBLPTRL @ 0xFF6;
   106                           ;pic18f45k20.h: 31: static volatile near unsigne
      +                          d char TABLAT @ 0xFF5;
   107                           ;pic18f45k20.h: 32: static volatile near unsigne
      +                          d char PRODH @ 0xFF4;
   108                           ;pic18f45k20.h: 33: static volatile near unsigne
      +                          d char PRODL @ 0xFF3;
   109                           ;pic18f45k20.h: 34: static volatile near unsigne
      +                          d char INTCON @ 0xFF2;
   110                           ;pic18f45k20.h: 35: static near unsigned char IN
      +                          TCON2 @ 0xFF1;
   111                           ;pic18f45k20.h: 36: static volatile near unsigne
      +                          d char INTCON3 @ 0xFF0;
   112                           ;pic18f45k20.h: 37: static volatile near unsigne
      +                          d char INDF0 @ 0xFEF;
   113                           ;pic18f45k20.h: 38: static volatile near unsigne
      +                          d char POSTINC0 @ 0xFEE;
   114                           ;pic18f45k20.h: 39: static volatile near unsigne
      +                          d char POSTDEC0 @ 0xFED;
   115                           ;pic18f45k20.h: 40: static volatile near unsigne
      +                          d char PREINC0 @ 0xFEC;
   116                           ;pic18f45k20.h: 41: static volatile near unsigne
      +                          d char PLUSW0 @ 0xFEB;
   117                           ;pic18f45k20.h: 42: static volatile near unsigne
      +                          d char FSR0H @ 0xFEA;
   118                           ;pic18f45k20.h: 43: static volatile near unsigne
      +                          d char FSR0L @ 0xFE9;
   119                           ;pic18f45k20.h: 44: static volatile near unsigne
      +                          d char WREG @ 0xFE8;
   120                           ;pic18f45k20.h: 45: static volatile near unsigne
      +                          d char INDF1 @ 0xFE7;
   121                           ;pic18f45k20.h: 46: static volatile near unsigne
      +                          d char POSTINC1 @ 0xFE6;
   122                           ;pic18f45k20.h: 47: static volatile near unsigne
      +                          d char POSTDEC1 @ 0xFE5;
   123                           ;pic18f45k20.h: 48: static volatile near unsigne
      +                          d char PREINC1 @ 0xFE4;
   124                           ;pic18f45k20.h: 49: static volatile near unsigne
      +                          d char PLUSW1 @ 0xFE3;
   125                           ;pic18f45k20.h: 50: static volatile near unsigne
      +                          d char FSR1H @ 0xFE2;
   126                           ;pic18f45k20.h: 51: static volatile near unsigne
      +                          d char FSR1L @ 0xFE1;
   127                           ;pic18f45k20.h: 52: static near unsigned char BS
      +                          R @ 0xFE0;
   128                           ;pic18f45k20.h: 53: static volatile near unsigne
      +                          d char INDF2 @ 0xFDF;
   129                           ;pic18f45k20.h: 54: static volatile near unsigne
      +                          d char POSTINC2 @ 0xFDE;
   130                           ;pic18f45k20.h: 55: static volatile near unsigne
      +                          d char POSTDEC2 @ 0xFDD;
   131                           ;pic18f45k20.h: 56: static volatile near unsigne
      +                          d char PREINC2 @ 0xFDC;
   132                           ;pic18f45k20.h: 57: static volatile near unsigne
      +                          d char PLUSW2 @ 0xFDB;
   133                           ;pic18f45k20.h: 58: static volatile near unsigne
      +                          d char FSR2H @ 0xFDA;
   134                           ;pic18f45k20.h: 59: static volatile near unsigne
      +                          d char FSR2L @ 0xFD9;
   135                           ;pic18f45k20.h: 60: static volatile near unsigne
      +                          d char STATUS @ 0xFD8;
   136                           ;pic18f45k20.h: 61: static volatile near unsigne
      +                          d char TMR0H @ 0xFD7;
   137                           ;pic18f45k20.h: 62: static volatile near unsigne
      +                          d char TMR0L @ 0xFD6;
   138                           ;pic18f45k20.h: 64: static volatile near unsigne
      +                          d int TMR0 @ 0xFD6;
   139                           ;pic18f45k20.h: 65: static near unsigned char T0
      +                          CON @ 0xFD5;
   140                           ;pic18f45k20.h: 66: static volatile near unsigne
      +                          d char OSCCON @ 0xFD3;
   141                           ;pic18f45k20.h: 67: static volatile near unsigne
      +                          d char HLVDCON @ 0xFD2;
   142                           ;pic18f45k20.h: 68: static volatile near unsigne
      +                          d char WDTCON @ 0xFD1;
   143                           ;pic18f45k20.h: 69: static volatile near unsigne
      +                          d char RCON @ 0xFD0;
   144                           ;pic18f45k20.h: 70: static volatile near unsigne
      +                          d char TMR1H @ 0xFCF;
   145                           ;pic18f45k20.h: 71: static volatile near unsigne
      +                          d char TMR1L @ 0xFCE;
   146                           ;pic18f45k20.h: 73: static volatile near unsigne
      +                          d int TMR1 @ 0xFCE;
   147                           ;pic18f45k20.h: 74: static near unsigned char T1
      +                          CON @ 0xFCD;
   148                           ;pic18f45k20.h: 75: static volatile near unsigne
      +                          d char TMR2 @ 0xFCC;
   149                           ;pic18f45k20.h: 76: static near unsigned char PR
      +                          2 @ 0xFCB;
   150                           ;pic18f45k20.h: 77: static near unsigned char T2
      +                          CON @ 0xFCA;
   151                           ;pic18f45k20.h: 78: static volatile near unsigne
      +                          d char SSPBUF @ 0xFC9;
   152                           ;pic18f45k20.h: 79: static near unsigned char SS
      +                          PADD @ 0xFC8;
   153                           ;pic18f45k20.h: 80: static volatile near unsigne
      +                          d char SSPSTAT @ 0xFC7;
   154                           ;pic18f45k20.h: 81: static volatile near unsigne
      +                          d char SSPCON1 @ 0xFC6;
   155                           ;pic18f45k20.h: 82: static volatile near unsigne
      +                          d char SSPCON2 @ 0xFC5;
   156                           ;pic18f45k20.h: 83: static volatile near unsigne
      +                          d char ADRESH @ 0xFC4;
   157                           ;pic18f45k20.h: 84: static volatile near unsigne
      +                          d char ADRESL @ 0xFC3;
   158                           ;pic18f45k20.h: 86: static volatile near unsigne
      +                          d int ADRES @ 0xFC3;
   159                           ;pic18f45k20.h: 87: static volatile near unsigne
      +                          d char ADCON0 @ 0xFC2;
   160                           ;pic18f45k20.h: 88: static near unsigned char AD
      +                          CON1 @ 0xFC1;
   161                           ;pic18f45k20.h: 89: static near unsigned char AD
      +                          CON2 @ 0xFC0;
   162                           ;pic18f45k20.h: 90: static volatile near unsigne
      +                          d char CCPR1H @ 0xFBF;
   163                           ;pic18f45k20.h: 91: static volatile near unsigne
      +                          d char CCPR1L @ 0xFBE;
   164                           ;pic18f45k20.h: 93: static volatile near unsigne
      +                          d int CCPR1 @ 0xFBE;
   165                           ;pic18f45k20.h: 94: static volatile near unsigne
      +                          d char CCP1CON @ 0xFBD;
   166                           ;pic18f45k20.h: 95: static volatile near unsigne
      +                          d char CCPR2H @ 0xFBC;
   167                           ;pic18f45k20.h: 96: static volatile near unsigne
      +                          d char CCPR2L @ 0xFBB;
   168                           ;pic18f45k20.h: 98: static volatile near unsigne
      +                          d int CCPR2 @ 0xFBB;
   169                           ;pic18f45k20.h: 99: static volatile near unsigne
      +                          d char CCP2CON @ 0xFBA;
   170                           ;pic18f45k20.h: 100: static near unsigned char P
      +                          STRCON @ 0xFB9;
   171                           ;pic18f45k20.h: 101: static volatile near unsign
      +                          ed char BAUDCTL @ 0xFB8;
   172                           ;pic18f45k20.h: 102: static volatile near unsign
      +                          ed char PWM1CON @ 0xFB7;
   173                           ;pic18f45k20.h: 103: static volatile near unsign
      +                          ed char ECCP1AS @ 0xFB6;
   174                           ;pic18f45k20.h: 104: static volatile near unsign
      +                          ed char CVRCON @ 0xFB5;
   175                           ;pic18f45k20.h: 105: static volatile near unsign
      +                          ed char CVRCON2 @ 0xFB4;
   176                           ;pic18f45k20.h: 106: static volatile near unsign
      +                          ed char TMR3H @ 0xFB3;
   177                           ;pic18f45k20.h: 107: static volatile near unsign
      +                          ed char TMR3L @ 0xFB2;
   178                           ;pic18f45k20.h: 109: static volatile near unsign
      +                          ed int TMR3 @ 0xFB2;
   179                           ;pic18f45k20.h: 110: static near unsigned char T
      +                          3CON @ 0xFB1;
   180                           ;pic18f45k20.h: 111: static near unsigned char S
      +                          PBRGH @ 0xFB0;
   181                           ;pic18f45k20.h: 112: static near unsigned char S
      +                          PBRG @ 0xFAF;
   182                           ;pic18f45k20.h: 114: static near unsigned char S
      +                          PBRG1 @ 0xFAF;
   183                           ;pic18f45k20.h: 115: static volatile near unsign
      +                          ed char RCREG @ 0xFAE;
   184                           ;pic18f45k20.h: 117: static volatile near unsign
      +                          ed char RCREG1 @ 0xFAE;
   185                           ;pic18f45k20.h: 118: static volatile near unsign
      +                          ed char TXREG @ 0xFAD;
   186                           ;pic18f45k20.h: 120: static volatile near unsign
      +                          ed char TXREG1 @ 0xFAD;
   187                           ;pic18f45k20.h: 121: static volatile near unsign
      +                          ed char TXSTA @ 0xFAC;
   188                           ;pic18f45k20.h: 123: static volatile near unsign
      +                          ed char TXSTA1 @ 0xFAC;
   189                           ;pic18f45k20.h: 124: static volatile near unsign
      +                          ed char RCSTA @ 0xFAB;
   190                           ;pic18f45k20.h: 126: static volatile near unsign
      +                          ed char RCSTA1 @ 0xFAB;
   191                           ;pic18f45k20.h: 128: static near unsigned char E
      +                          EADRH @ 0xFAA;
   192                           ;pic18f45k20.h: 130: static near unsigned char E
      +                          EADR @ 0xFA9;
   193                           ;pic18f45k20.h: 131: static volatile near unsign
      +                          ed char EEDATA @ 0xFA8;
   194                           ;pic18f45k20.h: 132: static volatile near unsign
      +                          ed char EECON2 @ 0xFA7;
   195  000000                     _GetBit$nbit	set	?_GetBit
   196                           
   197                           	psect	text
   198                           ;bit.c: 9: bit GetBit(const unsigned char data,c
      +                          onst unsigned char nbit)
   199                           ;bit.c: 10: {
   200  0092B4  00F0               	dw	?_GetBit
   201                           ;       param _bt assigned to ?_BitSet+3
   202  000000                     _BitSet$bt	set	?_BitSet+3
   203                           ;       param _nbit assigned to ?_BitSet+2
   204  000000                     _BitSet$nbit	set	?_BitSet+2
   205                           ;       param _data assigned to ?_BitSet+0
   206  000000                     _BitSet$data	set	?_BitSet
   207  0092B6                     _GetBit:
   208  000000                     
   209                           ; _data loaded to fsr2l
   210  0092B6  6ED9               	movwf	fsr2l,c
   211                           ;bit.c: 11: if(data&(1<<nbit)) return 1;
   212  0092B8  C0F0  F001         	movff	?_GetBit,btemp+1
   213  0092BC  0E01               	movlw	1
   214  0092BE  6E00               	movwf	btemp,c
   215  0092C0  2A01               	incf	btemp+1,f,c
   216  0092C2  D002               	goto	u14
   217  0092C4                     u15:
   218  0092C4  90D8               	bcf	status,0,c
   219  0092C6  3600               	rlcf	btemp,f,c
   220  0092C8                     u14:
   221  0092C8  2E01               	decfsz	btemp+1,f,c
   222  0092CA  D7FC               	goto	u15
   223  0092CC  50D9               	movf	fsr2l,w,c
   224  0092CE  1400               	andwf	btemp,w,c
   225  0092D0  E002               	bz	l2
   226  0092D2  80D8               	bsf	status,0,c
   227  0092D4  0012               	return	
   228  0092D6                     l2:
   229                           ;bit.c: 12: return 0;
   230  0092D6  90D8               	bcf	status,0,c
   231  0092D8  0012               	return	
   232                           ;bit.c: 13: }
   233  0092DA                     __end_of_GetBit:
   234                           ;bit.c: 15: void BitSet(unsigned char *data, con
      +                          st unsigned char nbit,const unsigned char bt)
   235                           ;bit.c: 16: {
   236  0092DA  00FC               	dw	?_BitSet
   237  0092DC                     _BitSet:
   238  000000                     
   239                           ; _data loaded to fsr1
   240  0092DC  C0FC  FFE1         	movff	?_BitSet,fsr1l
   241  0092E0  C0FD  FFE2         	movff	?_BitSet+1,fsr1h
   242                           ;bit.c: 17: if(bt) *data|=1<<nbit;
   243  0092E4  0100               	movlb	__Lparam shr (0+8)
   244  0092E6  51FF               	movf	(?_BitSet+3)^(__Lparam& (0+65280)),w
   245  0092E8  C0FE  F001         	movff	?_BitSet+2,btemp+1
   246  0092EC  0E01               	movlw	1
   247  0092EE  E00A               	bz	L1
   248  0092F0  6E00               	movwf	btemp,c
   249  0092F2  2A01               	incf	btemp+1,f,c
   250  0092F4  D002               	goto	u44
   251  0092F6                     u45:
   252  0092F6  90D8               	bcf	status,0,c
   253  0092F8  3600               	rlcf	btemp,f,c
   254  0092FA                     u44:
   255  0092FA  2E01               	decfsz	btemp+1,f,c
   256  0092FC  D7FC               	goto	u45
   257  0092FE  5000               	movf	btemp,w,c
   258  009300  12E7               	iorwf	indf1,f,c
   259  009302  0012               	return	
   260                           ;bit.c: 18: else *data&=~(1<<nbit);
   261  009304                     L1:
   262  009304  6E00               	movwf	btemp,c
   263  009306  2A01               	incf	btemp+1,f,c
   264  009308  D002               	goto	u54
   265  00930A                     u55:
   266  00930A  90D8               	bcf	status,0,c
   267  00930C  3600               	rlcf	btemp,f,c
   268  00930E                     u54:
   269  00930E  2E01               	decfsz	btemp+1,f,c
   270  009310  D7FC               	goto	u55
   271  009312  1E00               	comf	btemp,f,c
   272  009314  5000               	movf	btemp,w,c
   273  009316  16E7               	andwf	indf1,f,c
   274                           ;bit.c: 19: }
   275  009318  0012               	return	
   276  00931A                     __end_of_BitSet:
   277  000000                     
   278  000000                     
   279  000000                     
   280  000000                     
   281  000000                     
   282  000000                     
   283  000000                     
   284  000000                     
   285  000000                     
   286  000000                     
   287  000000                     
   288  000000                     
   289  000000                     
   290  000000                     
   291  000000                     
   292  000000                     
   293  000000                     
   294  000000                     
   295  000000                     
   296  000000                     
   297  000000                     
   298  000000                     
   299  000000                     
   300  000000                     
   301  000000                     
   302  000000                     
   303  000000                     
   304  000000                     
   305  000000                     
   306  000000                     
   307  000000                     
   308  000000                     
   309  000000                     
   310  000000                     
   311  000000                     
   312  000000                     
   313  000000                     
   314  000000                     
   315  000000                     
   316  000000                     
   317  000000                     
   318  000000                     
   319  000000                     
   320  000000                     
   321  000000                     
   322  000000                     
   323  000000                     
   324  000000                     
   325  000000                     
   326  000000                     
   327  000000                     
   328  000000                     
   329  000000                     
   330  000000                     
   331  000000                     
   332  000000                     
   333  000000                     
   334  000000                     
   335  000000                     
   336  000000                     
   337  000000                     
   338  000000                     
   339  000000                     
   340  000000                     
   341  000000                     
   342  000000                     
   343  000000                     
   344  000000                     
   345  000000                     
   346  000000                     
   347  000000                     
   348  000000                     
   349  000000                     
   350  000000                     
   351  000000                     
   352  000000                     
   353  000000                     
   354  000000                     
   355  000000                     
   356  000000                     
   357  000000                     
   358  000000                     
   359  000000                     
   360  000000                     
   361  000000                     
   362  000000                     
   363  000000                     
   364  000000                     
   365  000000                     
   366  000000                     
   367  000000                     
   368  000000                     
   369  000000                     
   370  000000                     
   371  000000                     
   372  000000                     
   373  000000                     
   374  000000                     
   375  000000                     
   376  000000                     
   377  000000                     
   378  000000                     
   379  000000                     
   380  000000                     
   381  000000                     
   382  000000                     
   383  000000                     
   384  000000                     
   385  000000                     
   386  000000                     
   387  000000                     
   388  000000                     
   389  000000                     
   390  000000                     
   391  000000                     
   392  000000                     
   393  000000                     
   394  000000                     
   395  000000                     
   396  000000                     
   397  000000                     
   398  000000                     
   399  000000                     
   400  000000                     
   401  000000                     
   402  000000                     
   403  000000                     
   404  000000                     
   405  000000                     
   406  000000                     
   407  000000                     
   408  000000                     
   409  000000                     
   410  000000                     
   411  000000                     
   412  000000                     
   413  000000                     
   414  000000                     
   415  000000                     
   416  000000                     
   417  000000                     
   418  000000                     
   419  000000                     
   420  000000                     
   421  000000                     
   422  000000                     
   423  000000                     
   424  000000                     
   425  000000                     
   426  000000                     
   427  000000                     
   428  000000                     
   429  000000                     
   430  000000                     
   431  000000                     
   432  000000                     
   433  000000                     
   434  000000                     
   435  000000                     
   436  000000                     
   437  000000                     
   438  000000                     
   439  000000                     
   440  000000                     
   441  000000                     
   442  000000                     
   443  000000                     
   444  000000                     
   445  000000                     
   446  000000                     
   447  000000                     
   448  000000                     
   449  000000                     
   450  000000                     
   451  000000                     
   452  000000                     
   453  000000                     
   454  000000                     
   455  000000                     
   456  000000                     
   457  000000                     
   458  000000                     
   459  000000                     
   460  000000                     
   461  000000                     
   462  000000                     
   463  000000                     
   464  000000                     
   465  000000                     
   466  000000                     
   467  000000                     
   468  000000                     
   469  000000                     
   470  000000                     
   471  000000                     
   472  000000                     
   473  000000                     
   474  000000                     
   475  000000                     
   476  000000                     
   477  000000                     
   478  000000                     
   479  000000                     
   480  000000                     
   481  000000                     
   482  000000                     
   483  000000                     
   484  000000                     
   485  000000                     
   486  000000                     
   487  000000                     
   488  000000                     
   489  000000                     
   490  000000                     
   491  000000                     
   492  000000                     
   493  000000                     
   494  000000                     
   495  000000                     
   496  000000                     
   497  000000                     
   498  000000                     
   499  000000                     
   500  000000                     
   501  000000                     
   502  000000                     
   503  000000                     
   504  000000                     
   505  000000                     
   506  000000                     
   507  000000                     
   508  000000                     
   509  000000                     
   510  000000                     
   511  000000                     
   512  000000                     
   513  000000                     
   514  000000                     
   515  000000                     
   516  000000                     
   517  000000                     
   518  000000                     
   519  000000                     
   520  000000                     
   521  000000                     
   522  000000                     
   523  000000                     
   524  000000                     
   525  000000                     
   526  000000                     
   527  000000                     
   528  000000                     
   529  000000                     
   530  000000                     
   531  000000                     
   532  000000                     
   533  000000                     
   534  000000                     
   535  000000                     
   536  000000                     
   537  000000                     
   538  000000                     
   539  000000                     
   540  000000                     
   541  000000                     
   542  000000                     
   543  000000                     
   544  000000                     
   545  000000                     
   546  000000                     
   547  000000                     
   548  000000                     
   549  000000                     
   550  000000                     
   551  000000                     
   552  000000                     
   553  000000                     
   554  000000                     
   555  000000                     
   556  000000                     
   557  000000                     
   558  000000                     
   559  000000                     
   560  000000                     
   561  000000                     
   562  000000                     
   563  000000                     
   564  000000                     
   565  000000                     
   566  000000                     
   567  000000                     
   568  000000                     
   569  000000                     
   570  000000                     
   571  000000                     
   572  000000                     
   573  000000                     
   574  000000                     
   575  000000                     
   576  000000                     
   577  000000                     
   578  000000                     
   579  000000                     
   580  000000                     
   581  000000                     
   582  000000                     
   583  000000                     
   584  000000                     
   585  000000                     
   586  000000                     
   587  000000                     
   588  000000                     
   589  000000                     
   590  000000                     
   591  000000                     
   592  000000                     
   593  000000                     
   594  000000                     
   595  000000                     
   596  000000                     
   597  000000                     
   598  000000                     
   599  000000                     
   600  000000                     
   601  000000                     
   602  000000                     
   603  000000                     
   604  000000                     
   605  000000                     
   606  000000                     
   607  000000                     
   608  000000                     
   609  000000                     
   610  000000                     
   611  000000                     
   612  000000                     
   613  000000                     
   614  000000                     
   615  000000                     
   616  000000                     
   617  000000                     
   618  000000                     
   619  000000                     
   620  000000                     
   621  000000                     
   622  000000                     
   623  000000                     
   624  000000                     
   625  000000                     
   626  000000                     
   627  000000                     
   628  000000                     
   629  000000                     
   630  000000                     
   631  000000                     
   632  000000                     
   633  000000                     
   634  000000                     
   635  000000                     
   636  000000                     
   637  000000                     
   638  000000                     
   639  000000                     
   640  000000                     
   641  000000                     
   642  000000                     
   643  000000                     
   644  000000                     
   645  000000                     
   646  000000                     
   647  000000                     
   648  000000                     
   649  000000                     
   650  000000                     
   651  000000                     
   652  000000                     
   653  000000                     
   654  000000                     
   655  000000                     
   656  000000                     
   657  000000                     
   658  000000                     
   659  000000                     
   660  000000                     
   661  000000                     
   662  000000                     
   663  000000                     
   664  000000                     
   665  000000                     
   666  000000                     
   667  000000                     
   668  000000                     
   669  000000                     
   670  000000                     
   671  000000                     
   672  000000                     
   673  000000                     
   674  000000                     
   675  000000                     
   676  000000                     
   677  000000                     
   678  000000                     
   679  000000                     
   680  000000                     
   681  000000                     
   682  000000                     
   683  000000                     
   684  000000                     
   685  000000                     
   686  000000                     
   687  000000                     
   688  000000                     
   689  000000                     
   690  000000                     
   691  000000                     
   692  000000                     
   693  000000                     
   694  000000                     
   695  000000                     
   696  000000                     
   697  000000                     
   698  000000                     
   699  000000                     
   700  000000                     
   701  000000                     
   702  000000                     
   703  000000                     
   704  000000                     
   705  000000                     
   706  000000                     
   707  000000                     
   708  000000                     
   709  000000                     
   710  000000                     
   711  000000                     
   712  000000                     
   713  000000                     
   714  000000                     
   715  000000                     
   716  000000                     
   717  000000                     
   718  000000                     
   719  000000                     
   720  000000                     
   721  000000                     
   722  000000                     
   723  000000                     
   724  000000                     
   725  000000                     
   726  000000                     
   727  000000                     
   728  000000                     
   729  000000                     
   730  000000                     
   731  000000                     
   732  000000                     
   733  000000                     
   734  000000                     
   735  000000                     
   736  000000                     
   737  000000                     
   738  000000                     
   739  000000                     
   740  000000                     
   741  000000                     
   742  000000                     
   743  000000                     
   744  000000                     
   745  000000                     
   746  000000                     
   747  000000                     
   748  000000                     
   749  000000                     
   750  000000                     
   751  000000                     
   752  000000                     
   753  000000                     
   754  000000                     
   755  000000                     
   756  000000                     
   757  000000                     
   758  000000                     
   759  000000                     
   760  000000                     
   761  000000                     
   762  000000                     
   763  000000                     
   764  000000                     
   765  000000                     
   766  000000                     
   767  000000                     
   768  000000                     
   769  000000                     
   770  000000                     
   771  000000                     
   772  000000                     
   773  000000                     
   774  000000                     
   775  000000                     
   776  000000                     
   777  000000                     
   778  000000                     
   779  000000                     
   780  000000                     
   781  000000                     
   782  000000                     
   783  000000                     
   784  000000                     
   785  000000                     
   786  000000                     
   787  000000                     
   788  000000                     
   789  000000                     
   790  000000                     
   791  000000                     
   792  000000                     
   793  000000                     
   794  000000                     
   795  000000                     
   796  000000                     
   797  000000                     
   798  000000                     
   799  000000                     
   800  000000                     
   801  000000                     
   802  000000                     
   803  000000                     
   804  000000                     
   805  000000                     
   806  000000                     
   807  000000                     
   808  000000                     
   809  000000                     
   810  000000                     
   811  000000                     
   812  000000                     
   813  000000                     
   814  000000                     
   815  000000                     
   816  000000                     
   817  000000                     
   818  000000                     
   819  000000                     
   820  000000                     
   821  000000                     
   822  000000                     
   823  000000                     
   824  000000                     
   825  000000                     
   826  000000                     
   827  000000                     
   828  000000                     
   829  000000                     
   830  000000                     
   831  000000                     
   832  000000                     
   833  000000                     
   834  000000                     
   835  000000                     
   836  000000                     
   837  000000                     
   838  000000                     
   839  000000                     
   840  000000                     
   841  000000                     
   842  000000                     
   843  000000                     
   844  000000                     
   845                           
   846                           	psect	temp
   847  000000                     btemp:
   848  000000                     	ds	2
   849                           indf1	equ	0xFE7
   850                           fsr1h	equ	0xFE2
   851                           fsr1l	equ	0xFE1
   852                           fsr2l	equ	0xFD9
   853                           status	equ	0xFD8


HI-TECH Software PICC-18 Macro Assembler V9.51PL3
Symbol Table                                           Wed Jun 11 12:30:07 2014

             l2 92D6              u14 92C8              u15 92C4  
            u44 92FA              u45 92F6              u54 930E  
            u55 930A            indf1 000FE7            fsr1l 000FE1  
          fsr2l 000FD9            btemp 0000         ?_BitSet 00FC  
       ?_GetBit 00F0      used_btemp0 0001      used_btemp1 0001  
         status 000FD8         __Lparam 00F0         __ramtop 1000  
__end_of_BitSet 931A  __end_of_GetBit 92DA          _BitSet 92DC  
        _GetBit 92B6  
