

HI-TECH Software PICC-18 Macro Assembler V9.51PL3
                                                       Fri Nov 21 09:58:03 2014


     1                           	processor	18F65J90
     2                           	opt	pw 80
     3                           	psect	text,global,reloc=2,class=CODE,delta=1
     4                           	psect	bigbss,global,class=BIGRAM,space=1,delta=
      +                          1
     5                           	psect	bss,global,class=RAM,space=1,delta=1
     6                           	psect	temp,global,ovrld,common,class=COMRAM,spa
      +                          ce=1,delta=1
     7                           	psect	intsave_regs,global,class=BIGRAM,space=1,
      +                          delta=1
     8  000000                     
     9  000000                     
    10  000000                     
    11  000000                     
    12  000000                     
    13  000000                     
    14  000000                     
    15  000000                     
    16  000000                     
    17  000000                     
    18  000000                     
    19  000000                     
    20  000000                     
    21  000000                     
    22  000000                     
    23  000000                     
    24  000000                     
    25  000000                     
    26  000000                     
    27  000000                     
    28  000000                     
    29  000000                     
    30  000000                     
    31  000000                     
    32  000000                     
    33  000000                     
    34  000000                     
    35  000000                     
    36  000000                     
    37  000000                     
    38  000000                     
    39  000000                     
    40  000000                     
    41  000000                     
    42  000000                     
    43  000000                     
    44  000000                     
    45  000000                     
    46  000000                     
    47  000000                     
    48  000000                     
    49  000000                     
    50  000000                     
    51  000000                     
    52  000000                     
    53  000000                     
    54  000000                     
    55  000000                     
    56  000000                     
    57  000000                     
    58  000000                     
    59  000000                     
    60  000000                     
    61  000000                     
    62  000000                     
    63  000000                     
    64  000000                     
    65  000000                     
    66  000000                     
    67  000000                     
    68  000000                     
    69  000000                     
    70  000000                     
    71  000000                     
    72  000000                     
    73  000000                     
    74  000000                     
    75  000000                     
    76  000000                     
    77  000000                     
    78  000000                     
    79  000000                     
    80  000000                     
    81  000000                     
    82  000000                     
    83  000000                     
    84  000000                     
    85  000000                     
    86  000000                     
    87  000000                     
    88  000000                     
    89  000000                     
    90  000000                     
    91  000000                     
    92  000000                     
    93  000000                     
    94  000000                     
    95  000000                     
    96  000000                     
    97                           
    98                           	psect	text
    99                           ;pic18f85j90.h: 18: static volatile near unsigne
      +                          d char TOSU @ 0xFFF;
   100                           ;pic18f85j90.h: 19: static volatile near unsigne
      +                          d char TOSH @ 0xFFE;
   101                           ;pic18f85j90.h: 20: static volatile near unsigne
      +                          d char TOSL @ 0xFFD;
   102                           ;pic18f85j90.h: 21: static volatile near unsigne
      +                          d char STKPTR @ 0xFFC;
   103                           ;pic18f85j90.h: 22: static volatile near unsigne
      +                          d char PCLATU @ 0xFFB;
   104                           ;pic18f85j90.h: 23: static volatile near unsigne
      +                          d char PCLATH @ 0xFFA;
   105                           ;pic18f85j90.h: 24: static volatile near unsigne
      +                          d char PCL @ 0xFF9;
   106                           ;pic18f85j90.h: 25: static volatile far unsigned
      +                           char * TBLPTR @ 0xFF6;
   107                           ;pic18f85j90.h: 26: static volatile near unsigne
      +                          d char TBLPTRU @ 0xFF8;
   108                           ;pic18f85j90.h: 27: static volatile near unsigne
      +                          d char TBLPTRH @ 0xFF7;
   109                           ;pic18f85j90.h: 28: static volatile near unsigne
      +                          d char TBLPTRL @ 0xFF6;
   110                           ;pic18f85j90.h: 29: static volatile near unsigne
      +                          d char TABLAT @ 0xFF5;
   111                           ;pic18f85j90.h: 30: static volatile near unsigne
      +                          d char PRODH @ 0xFF4;
   112                           ;pic18f85j90.h: 31: static volatile near unsigne
      +                          d char PRODL @ 0xFF3;
   113                           ;pic18f85j90.h: 32: static volatile near unsigne
      +                          d char INTCON @ 0xFF2;
   114                           ;pic18f85j90.h: 33: static near unsigned char IN
      +                          TCON2 @ 0xFF1;
   115                           ;pic18f85j90.h: 34: static volatile near unsigne
      +                          d char INTCON3 @ 0xFF0;
   116                           ;pic18f85j90.h: 35: static volatile near unsigne
      +                          d char INDF0 @ 0xFEF;
   117                           ;pic18f85j90.h: 36: static volatile near unsigne
      +                          d char POSTINC0 @ 0xFEE;
   118                           ;pic18f85j90.h: 37: static volatile near unsigne
      +                          d char POSTDEC0 @ 0xFED;
   119                           ;pic18f85j90.h: 38: static volatile near unsigne
      +                          d char PREINC0 @ 0xFEC;
   120                           ;pic18f85j90.h: 39: static volatile near unsigne
      +                          d char PLUSW0 @ 0xFEB;
   121                           ;pic18f85j90.h: 40: static volatile near unsigne
      +                          d char FSR0H @ 0xFEA;
   122                           ;pic18f85j90.h: 41: static volatile near unsigne
      +                          d char FSR0L @ 0xFE9;
   123                           ;pic18f85j90.h: 42: static volatile near unsigne
      +                          d char WREG @ 0xFE8;
   124                           ;pic18f85j90.h: 43: static volatile near unsigne
      +                          d char INDF1 @ 0xFE7;
   125                           ;pic18f85j90.h: 44: static volatile near unsigne
      +                          d char POSTINC1 @ 0xFE6;
   126                           ;pic18f85j90.h: 45: static volatile near unsigne
      +                          d char POSTDEC1 @ 0xFE5;
   127                           ;pic18f85j90.h: 46: static volatile near unsigne
      +                          d char PREINC1 @ 0xFE4;
   128                           ;pic18f85j90.h: 47: static volatile near unsigne
      +                          d char PLUSW1 @ 0xFE3;
   129                           ;pic18f85j90.h: 48: static volatile near unsigne
      +                          d char FSR1H @ 0xFE2;
   130                           ;pic18f85j90.h: 49: static volatile near unsigne
      +                          d char FSR1L @ 0xFE1;
   131                           ;pic18f85j90.h: 50: static near unsigned char BS
      +                          R @ 0xFE0;
   132                           ;pic18f85j90.h: 51: static volatile near unsigne
      +                          d char INDF2 @ 0xFDF;
   133                           ;pic18f85j90.h: 52: static volatile near unsigne
      +                          d char POSTINC2 @ 0xFDE;
   134                           ;pic18f85j90.h: 53: static volatile near unsigne
      +                          d char POSTDEC2 @ 0xFDD;
   135                           ;pic18f85j90.h: 54: static volatile near unsigne
      +                          d char PREINC2 @ 0xFDC;
   136                           ;pic18f85j90.h: 55: static volatile near unsigne
      +                          d char PLUSW2 @ 0xFDB;
   137                           ;pic18f85j90.h: 56: static volatile near unsigne
      +                          d char FSR2H @ 0xFDA;
   138                           ;pic18f85j90.h: 57: static volatile near unsigne
      +                          d char FSR2L @ 0xFD9;
   139                           ;pic18f85j90.h: 58: static volatile near unsigne
      +                          d char STATUS @ 0xFD8;
   140                           ;pic18f85j90.h: 59: static volatile near unsigne
      +                          d char TMR0H @ 0xFD7;
   141                           ;pic18f85j90.h: 60: static volatile near unsigne
      +                          d char TMR0L @ 0xFD6;
   142                           ;pic18f85j90.h: 62: static volatile near unsigne
      +                          d int TMR0 @ 0xFD6;
   143                           ;pic18f85j90.h: 63: static near unsigned char T0
      +                          CON @ 0xFD5;
   144                           ;pic18f85j90.h: 64: static volatile near unsigne
      +                          d char OSCCON @ 0xFD3;
   145                           ;pic18f85j90.h: 65: static near unsigned char LC
      +                          DREG @ 0xFD2;
   146                           ;pic18f85j90.h: 66: static volatile near unsigne
      +                          d char WDTCON @ 0xFD1;
   147                           ;pic18f85j90.h: 67: static volatile near unsigne
      +                          d char RCON @ 0xFD0;
   148                           ;pic18f85j90.h: 68: static volatile near unsigne
      +                          d char TMR1H @ 0xFCF;
   149                           ;pic18f85j90.h: 69: static volatile near unsigne
      +                          d char TMR1L @ 0xFCE;
   150                           ;pic18f85j90.h: 71: static volatile near unsigne
      +                          d int TMR1 @ 0xFCE;
   151                           ;pic18f85j90.h: 72: static near unsigned char T1
      +                          CON @ 0xFCD;
   152                           ;pic18f85j90.h: 73: static volatile near unsigne
      +                          d char TMR2 @ 0xFCC;
   153                           ;pic18f85j90.h: 74: static near unsigned char PR
      +                          2 @ 0xFCB;
   154                           ;pic18f85j90.h: 75: static near unsigned char T2
      +                          CON @ 0xFCA;
   155                           ;pic18f85j90.h: 76: static volatile near unsigne
      +                          d char SSPBUF @ 0xFC9;
   156                           ;pic18f85j90.h: 77: static near unsigned char SS
      +                          PADD @ 0xFC8;
   157                           ;pic18f85j90.h: 78: static volatile near unsigne
      +                          d char SSPSTAT @ 0xFC7;
   158                           ;pic18f85j90.h: 79: static volatile near unsigne
      +                          d char SSPCON1 @ 0xFC6;
   159                           ;pic18f85j90.h: 80: static volatile near unsigne
      +                          d char SSPCON2 @ 0xFC5;
   160                           ;pic18f85j90.h: 81: static volatile near unsigne
      +                          d char ADRESH @ 0xFC4;
   161                           ;pic18f85j90.h: 82: static volatile near unsigne
      +                          d char ADRESL @ 0xFC3;
   162                           ;pic18f85j90.h: 84: static volatile near unsigne
      +                          d int ADRES @ 0xFC3;
   163                           ;pic18f85j90.h: 85: static volatile near unsigne
      +                          d char ADCON0 @ 0xFC2;
   164                           ;pic18f85j90.h: 86: static near unsigned char AD
      +                          CON1 @ 0xFC1;
   165                           ;pic18f85j90.h: 87: static near unsigned char AD
      +                          CON2 @ 0xFC0;
   166                           ;pic18f85j90.h: 88: static near unsigned char LC
      +                          DDATA4 @ 0xFBF;
   167                           ;pic18f85j90.h: 89: static near unsigned char LC
      +                          DDATA3 @ 0xFBE;
   168                           ;pic18f85j90.h: 90: static near unsigned char LC
      +                          DDATA2 @ 0xFBD;
   169                           ;pic18f85j90.h: 91: static near unsigned char LC
      +                          DDATA1 @ 0xFBC;
   170                           ;pic18f85j90.h: 92: static near unsigned char LC
      +                          DDATA0 @ 0xFBB;
   171                           ;pic18f85j90.h: 93: static near unsigned char LC
      +                          DSE5 @ 0xFBA;
   172                           ;pic18f85j90.h: 94: static near unsigned char LC
      +                          DSE4 @ 0xFB9;
   173                           ;pic18f85j90.h: 95: static near unsigned char LC
      +                          DSE3 @ 0xFB8;
   174                           ;pic18f85j90.h: 96: static near unsigned char LC
      +                          DSE2 @ 0xFB7;
   175                           ;pic18f85j90.h: 97: static near unsigned char LC
      +                          DSE1 @ 0xFB6;
   176                           ;pic18f85j90.h: 98: static volatile near unsigne
      +                          d char CVRCON @ 0xFB5;
   177                           ;pic18f85j90.h: 99: static volatile near unsigne
      +                          d char CMCON @ 0xFB4;
   178                           ;pic18f85j90.h: 100: static volatile near unsign
      +                          ed char TMR3H @ 0xFB3;
   179                           ;pic18f85j90.h: 101: static volatile near unsign
      +                          ed char TMR3L @ 0xFB2;
   180                           ;pic18f85j90.h: 103: static volatile near unsign
      +                          ed int TMR3 @ 0xFB2;
   181                           ;pic18f85j90.h: 104: static near unsigned char T
      +                          3CON @ 0xFB1;
   182                           ;pic18f85j90.h: 105: static near unsigned char S
      +                          PBRG1 @ 0xFAF;
   183                           ;pic18f85j90.h: 107: static near unsigned char S
      +                          PBRG @ 0xFAF;
   184                           ;pic18f85j90.h: 108: static volatile near unsign
      +                          ed char RCREG1 @ 0xFAE;
   185                           ;pic18f85j90.h: 110: static volatile near unsign
      +                          ed char RCREG @ 0xFAE;
   186                           ;pic18f85j90.h: 111: static volatile near unsign
      +                          ed char TXREG1 @ 0xFAD;
   187                           ;pic18f85j90.h: 113: static volatile near unsign
      +                          ed char TXREG @ 0xFAD;
   188                           ;pic18f85j90.h: 114: static volatile near unsign
      +                          ed char TXSTA1 @ 0xFAC;
   189                           ;pic18f85j90.h: 116: static volatile near unsign
      +                          ed char TXSTA @ 0xFAC;
   190                           ;pic18f85j90.h: 117: static volatile near unsign
      +                          ed char RCSTA1 @ 0xFAB;
   191                           ;pic18f85j90.h: 119: static volatile near unsign
      +                          ed char RCSTA @ 0xFAB;
   192                           ;pic18f85j90.h: 120: static volatile near unsign
      +                          ed char LCDPS @ 0xFAA;
   193                           ;pic18f85j90.h: 121: static near unsigned char L
      +                          CDSE0 @ 0xFA9;
   194                           ;pic18f85j90.h: 122: static volatile near unsign
      +                          ed char LCDCON @ 0xFA8;
   195                           ;pic18f85j90.h: 123: static volatile near unsign
      +                          ed char EECON2 @ 0xFA7;
   196                           ;pic18f85j90.h: 124: static volatile near unsign
      +                          ed char EECON1 @ 0xFA6;
   197                           ;pic18f85j90.h: 125: static near unsigned char I
      +                          PR3 @ 0xFA5;
   198                           ;pic18f85j90.h: 126: static volatile near unsign
      +                          ed char PIR3 @ 0xFA4;
   199  007838                     _InitI2C:
   200  000000                     
   201                           ;i2c_s.c: 22: TRISC3=1;
   202  007838  8694               	bsf	3988,3,c	;volatile
   203                           ;i2c_s.c: 23: TRISC4=1;
   204  00783A  8894               	bsf	3988,4,c	;volatile
   205                           ;i2c_s.c: 26: SSPADD=0b11001100;
   206  00783C  0ECC               	movlw	204
   207  00783E  6EC8               	movwf	4040,c
   208                           ;i2c_s.c: 29: SSPM0=0;
   209  007840  90C6               	bcf	4038,0,c
   210                           ;i2c_s.c: 30: SSPM1=1;
   211  007842  82C6               	bsf	4038,1,c
   212                           ;i2c_s.c: 31: SSPM2=1;
   213  007844  84C6               	bsf	4038,2,c
   214                           ;i2c_s.c: 32: SSPM3=0;
   215  007846  96C6               	bcf	4038,3,c
   216                           ;i2c_s.c: 33: CKP=1;
   217  007848  88C6               	bsf	4038,4,c
   218                           ;i2c_s.c: 34: SSPEN=1;
   219  00784A  8AC6               	bsf	4038,5,c
   220                           ;i2c_s.c: 37: SMP=1;
   221  00784C  8EC7               	bsf	4039,7,c
   222                           ;i2c_s.c: 38: CKE=0;
   223  00784E  9CC7               	bcf	4039,6,c
   224                           ;i2c_s.c: 41: SSPIE=1;
   225  007850  869D               	bsf	3997,3,c
   226                           ;i2c_s.c: 46: SSPIP=1;
   227  007852  869F               	bsf	3999,3,c
   228                           ;i2c_s.c: 48: BufI2C.indeks=0;
   229  007854  0103               	movlb	_BufI2C shr (0+8)
   230  007856  6B17               	clrf	_BufI2C& (0+255),b
   231                           ;i2c_s.c: 49: DtI2C.error=0;
   232  007858  6B01               	clrf	(_DtI2C+1)& (0+255),b
   233                           ;i2c_s.c: 50: DtI2C.krok=0;
   234  00785A  9100               	bcf	_DtI2C& (0+255),0,b
   235                           ;i2c_s.c: 51: }
   236  00785C  0012               	return	
   237  00785E                     __end_of_InitI2C:
   238                           ;i2c_s.c: 55: void I2CSlaveTR(void)
   239                           ;i2c_s.c: 56: {
   240  00785E                     _I2CSlaveTR:
   241  000000                     
   242                           ;i2c_s.c: 57: unsigned char dt;
   243  00785E  AEC6               	btfss	4038,7,c	;volatile
   244  007860  D003               	goto	l9
   245                           ;i2c_s.c: 60: {
   246  007862  9EC6               	bcf	4038,7,c	;volatile
   247                           ;i2c_s.c: 62: DtI2C.error=7;
   248  007864  0E07               	movlw	7
   249  007866  D004               	goto	L1
   250                           ;i2c_s.c: 64: }
   251  007868                     l9:
   252                           ;i2c_s.c: 65: else
   253  007868  ACC6               	btfss	4038,6,c	;volatile
   254  00786A  D005               	goto	l11
   255                           ;i2c_s.c: 67: {
   256  00786C  9CC6               	bcf	4038,6,c	;volatile
   257                           ;i2c_s.c: 69: DtI2C.error=8;
   258  00786E  0E08               	movlw	8
   259  007870                     L1:
   260  007870  CFE8 F301          	movff	wreg,_DtI2C+1
   261                           ;i2c_s.c: 70: }
   262  007874  D01B               	goto	l10
   263  007876                     l11:
   264                           ;i2c_s.c: 71: else
   265  007876  BAC7               	btfsc	4039,5,c	;volatile
   266  007878  D013               	goto	l13
   267                           ;i2c_s.c: 77: {
   268  00787A  0103               	movlb	_DtI2C shr (0+8)
   269                           ;i2c_s.c: 74: {
   270  00787C  A4C7               	btfss	4039,2,c	;volatile
   271  00787E  D00B               	goto	L2
   272  007880  8100               	bsf	_DtI2C& (0+255),0,b
   273                           ;i2c_s.c: 80: SetTData();
   274  007882  D870               	call	_SetTData	;wreg free
   275                           ;i2c_s.c: 81: BufI2C.Bf[22-1]=LiczCHK(22);
   276  007884  0E16               	movlw	22
   277  007886  D817               	call	_LiczCHK
   278  007888  CFE8 F32D          	movff	wreg,_BufI2C+22
   279                           ;i2c_s.c: 82: BufI2C.indeks=0;
   280  00788C  0103               	movlb	_BufI2C shr (0+8)
   281  00788E  6B17               	clrf	_BufI2C& (0+255),b
   282                           ;i2c_s.c: 83: dt=SSPBUF;
   283  007890  50C9               	movf	4041,w,c	;volatile
   284  007892  6ED9               	movwf	fsr2l,c
   285                           ;i2c_s.c: 84: }
   286  007894  D005               	goto	l13
   287                           ;i2c_s.c: 85: else
   288  007896                     L2:
   289  007896  9100               	bcf	_DtI2C& (0+255),0,b
   290                           ;i2c_s.c: 89: SetRData();
   291  007898  D88B               	call	_SetRData	;wreg free
   292                           ;i2c_s.c: 90: dt=SSPBUF;
   293  00789A  50C9               	movf	4041,w,c	;volatile
   294  00789C  6ED9               	movwf	fsr2l,c
   295                           ;i2c_s.c: 91: return;
   296  00789E  0012               	return	
   297  0078A0                     l13:
   298                           ;i2c_s.c: 92: }
   299  0078A0  0103               	movlb	_DtI2C shr (0+8)
   300  0078A2  A100               	btfss	_DtI2C& (0+255),0,b
   301                           ;i2c_s.c: 97: {
   302  0078A4  D044               	goto	_ReceptData	;wreg free
   303                           ;i2c_s.c: 99: return;
   304                           ;i2c_s.c: 100: }
   305  0078A6  0103               	movlb	_DtI2C shr (0+8)
   306  0078A8  B100               	btfsc	_DtI2C& (0+255),0,b
   307                           ;i2c_s.c: 103: {
   308  0078AA  D02B               	goto	_TransmitData	;wreg free
   309                           ;i2c_s.c: 105: return;
   310  0078AC                     l10:
   311                           ;i2c_s.c: 106: }
   312  0078AC  88C6               	bsf	4038,4,c
   313                           ;i2c_s.c: 110: DtI2C.krok=0;
   314  0078AE  0103               	movlb	_DtI2C shr (0+8)
   315  0078B0  9100               	bcf	_DtI2C& (0+255),0,b
   316                           ;i2c_s.c: 111: BufI2C.indeks=0;
   317  0078B2  6B17               	clrf	_BufI2C& (0+255),b
   318                           ;i2c_s.c: 112: }
   319  0078B4  0012               	return	
   320  0078B6                     __end_of_I2CSlaveTR:
   321                           ;i2c_s.c: 116: unsigned char LiczCHK(const unsig
      +                          ned char NBTI2C)
   322                           ;i2c_s.c: 117: {
   323  0078B6                     _LiczCHK:
   324  000000                     
   325                           ; _NBTI2C loaded to prodl
   326  0078B6  6EF3               	movwf	prodl,c
   327                           ;i2c_s.c: 118: unsigned char i;
   328  0078B8  6AE1               	clrf	fsr1l,c
   329                           ;i2c_s.c: 121: for(i=0;i<NBTI2C-1;i++) chk+=(Buf
      +                          I2C.Bf[i]+i)^0xAA;
   330  0078BA  6AD9               	clrf	fsr2l,c
   331  0078BC                     l22:
   332  0078BC  0EFF               	movlw	255
   333  0078BE  24F3               	addwf	prodl,w,c
   334  0078C0  6E02               	movwf	btemp+2,c
   335  0078C2  6A03               	clrf	btemp+3,c
   336  0078C4  0EFF               	movlw	255
   337  0078C6  2203               	addwfc	btemp+3,f,c
   338  0078C8  CFD9 F000          	movff	fsr2l,btemp
   339  0078CC  6A01               	clrf	btemp+1,c
   340  0078CE  5001               	movf	btemp+1,w,c
   341  0078D0  0A80               	xorlw	128
   342  0078D2  6E04               	movwf	btemp+4,c
   343  0078D4  5003               	movf	btemp+3,w,c
   344  0078D6  0A80               	xorlw	128
   345  0078D8  5C04               	subwf	btemp+4,w,c
   346  0078DA  E102               	bnz	u75
   347  0078DC  5002               	movf	btemp+2,w,c
   348  0078DE  5C00               	subwf	btemp,w,c
   349  0078E0                     u75:
   350  0078E0  E20E               	bc	u70
   351  0078E2  50D9               	movf	fsr2l,w,c
   352  0078E4  EE03  F018         	lfsr	0,_BufI2C+1
   353  0078E8  26E9               	addwf	fsr0l,f,c
   354  0078EA  0E00               	movlw	0
   355  0078EC  22EA               	addwfc	fsr0h,f,c
   356  0078EE  50EF               	movf	indf0,w,c
   357  0078F0  6E00               	movwf	btemp,c
   358  0078F2  50D9               	movf	fsr2l,w,c
   359  0078F4  2400               	addwf	btemp,w,c
   360  0078F6  0AAA               	xorlw	-86
   361  0078F8  26E1               	addwf	fsr1l,f,c
   362  0078FA  2AD9               	incf	fsr2l,f,c
   363  0078FC  D7DF               	goto	l22
   364  0078FE                     u70:
   365                           ;i2c_s.c: 122: return chk;
   366  0078FE  50E1               	movf	fsr1l,w,c
   367  007900  0012               	return	
   368                           ;i2c_s.c: 123: }
   369  007902                     __end_of_LiczCHK:
   370                           ;i2c_s.c: 126: void TransmitData(void)
   371                           ;i2c_s.c: 127: {
   372  007902                     _TransmitData:
   373  000000                     
   374                           ;i2c_s.c: 128: if(RW)
   375  007902  A4C7               	btfss	4039,2,c	;volatile
   376  007904  D010               	goto	l24
   377                           ;i2c_s.c: 129: {
   378  007906  C317  FFE8         	movff	_BufI2C,wreg
   379  00790A  EE03  F018         	lfsr	0,_BufI2C+1
   380  00790E  26E9               	addwf	fsr0l,f,c
   381  007910  0E00               	movlw	0
   382  007912  22EA               	addwfc	fsr0h,f,c
   383  007914  50EF               	movf	indf0,w,c
   384  007916  6EC9               	movwf	4041,c	;volatile
   385                           ;i2c_s.c: 131: CKP=1;
   386  007918  88C6               	bsf	4038,4,c
   387                           ;i2c_s.c: 132: if(BufI2C.indeks<22-1) BufI2C.ind
      +                          eks++;
   388  00791A  0E15               	movlw	21
   389  00791C  0103               	movlb	_BufI2C shr (0+8)
   390  00791E  6117               	cpfslt	_BufI2C& (0+255),b
   391  007920  0C15               	retlw	21
   392  007922  2B17               	incf	_BufI2C& (0+255),f,b
   393                           ;i2c_s.c: 133: }
   394  007924  0C01               	retlw	1
   395  007926                     l24:
   396                           ;i2c_s.c: 134: else
   397  007926  88C6               	bsf	4038,4,c
   398                           ;i2c_s.c: 137: BufI2C.indeks=0;
   399  007928  0103               	movlb	_BufI2C shr (0+8)
   400  00792A  6B17               	clrf	_BufI2C& (0+255),b
   401                           ;i2c_s.c: 138: }
   402  00792C  0012               	return	
   403  00792E                     __end_of_TransmitData:
   404                           ;i2c_s.c: 142: void ReceptData(void)
   405                           ;i2c_s.c: 143: {
   406  00792E                     _ReceptData:
   407  000000                     
   408                           ;i2c_s.c: 144: if(BufI2C.indeks<3)
   409  00792E  0E03               	movlw	3
   410  007930  0103               	movlb	_BufI2C shr (0+8)
   411  007932  6117               	cpfslt	_BufI2C& (0+255),b
   412  007934  0C03               	retlw	3
   413                           ;i2c_s.c: 145: {
   414  007936  C317  FFE8         	movff	_BufI2C,wreg
   415  00793A  EE03  F018         	lfsr	0,_BufI2C+1
   416  00793E  26E9               	addwf	fsr0l,f,c
   417  007940  0E00               	movlw	0
   418  007942  22EA               	addwfc	fsr0h,f,c
   419  007944  CFC9 FFEF          	movff	4041,indf0	;volatile
   420                           ;i2c_s.c: 147: BufI2C.indeks++;
   421  007948  2B17               	incf	_BufI2C& (0+255),f,b
   422                           ;i2c_s.c: 148: if(BufI2C.indeks==3-1)
   423  00794A  C317  FFE8         	movff	_BufI2C,wreg
   424  00794E  0A02               	xorlw	2
   425  007950  A4D8               	btfss	status,2,c
   426  007952  0012               	return	
   427                           ;i2c_s.c: 149: if(LiczCHK(3)==BufI2C.Bf[3-1]) To
      +                          Work();
   428  007954  0E03               	movlw	3
   429  007956  DFAF               	call	_LiczCHK
   430  007958  0103               	movlb	(_BufI2C+3) shr (0+8)
   431  00795A  191A               	xorwf	(_BufI2C+3)& (0+255),w,b
   432  00795C  B4D8               	btfsc	status,2,c
   433  00795E  D801               	call	_ToWork	;wreg free
   434                           ;i2c_s.c: 150: }
   435  007960  0012               	return	
   436  007962                     __end_of_ReceptData:
   437                           ;i2c_s.c: 154: void ToWork(void)
   438                           ;i2c_s.c: 155: {
   439  007962                     _ToWork:
   440  000000                     
   441                           ;i2c_s.c: 157: }
   442  007962  0012               	return	
   443  007964                     __end_of_ToWork:
   444                           ;i2c_s.c: 161: void SetTData(void)
   445                           ;i2c_s.c: 162: {
   446  007964                     _SetTData:
   447  000000                     
   448                           ;i2c_s.c: 163: static unsigned char d;
   449  007964  0E63               	movlw	99
   450  007966  0107               	movlb	F1755 shr (0+8)
   451  007968  618C               	cpfslt	F1755& (0+255),b
   452  00796A  D002               	goto	u146
   453  00796C  298C               	incf	F1755& (0+255),w,b
   454  00796E  D001               	goto	u148
   455  007970                     u146:
   456  007970  0E00               	movlw	0
   457  007972                     u148:
   458  007972  CFE8 F78C          	movff	wreg,F1755
   459                           ;i2c_s.c: 166: BufI2C.Bf[0]=0xD1;
   460  007976  0ED1               	movlw	-47
   461  007978  CFE8 F318          	movff	wreg,_BufI2C+1
   462                           ;i2c_s.c: 167: BufI2C.Bf[1]=xxy;
   463  00797C  C798  F319         	movff	_xxy,_BufI2C+2
   464                           ;i2c_s.c: 168: BufI2C.Bf[2]=y;
   465  007980  C768  F31A         	movff	_y,_BufI2C+3
   466                           ;i2c_s.c: 169: BufI2C.Bf[3]=zzz;
   467  007984  C799  F31B         	movff	_zzz,_BufI2C+4
   468                           ;i2c_s.c: 170: BufI2C.Bf[4]=0;
   469  007988  0103               	movlb	(_BufI2C+5) shr (0+8)
   470  00798A  6B1C               	clrf	(_BufI2C+5)& (0+255),b
   471                           ;i2c_s.c: 171: BufI2C.Bf[5]=x;
   472  00798C  C767  F31D         	movff	_x,_BufI2C+6
   473                           ;i2c_s.c: 172: BufI2C.Bf[6]=0;
   474  007990  6B1E               	clrf	(_BufI2C+7)& (0+255),b
   475                           ;i2c_s.c: 173: BufI2C.Bf[7]=0;
   476  007992  6B1F               	clrf	(_BufI2C+8)& (0+255),b
   477                           ;i2c_s.c: 174: BufI2C.Bf[8]=0;
   478  007994  6B20               	clrf	(_BufI2C+9)& (0+255),b
   479                           ;i2c_s.c: 175: BufI2C.Bf[9]=0;
   480  007996  6B21               	clrf	(_BufI2C+10)& (0+255),b
   481                           ;i2c_s.c: 176: BufI2C.Bf[10]=0;
   482  007998  6B22               	clrf	(_BufI2C+11)& (0+255),b
   483                           ;i2c_s.c: 177: BufI2C.Bf[11]=0;
   484  00799A  6B23               	clrf	(_BufI2C+12)& (0+255),b
   485                           ;i2c_s.c: 178: BufI2C.Bf[12]=0;
   486  00799C  6B24               	clrf	(_BufI2C+13)& (0+255),b
   487                           ;i2c_s.c: 179: BufI2C.Bf[13]=0;
   488  00799E  6B25               	clrf	(_BufI2C+14)& (0+255),b
   489                           ;i2c_s.c: 180: BufI2C.Bf[14]=0;
   490  0079A0  6B26               	clrf	(_BufI2C+15)& (0+255),b
   491                           ;i2c_s.c: 181: BufI2C.Bf[15]=0;
   492  0079A2  6B27               	clrf	(_BufI2C+16)& (0+255),b
   493                           ;i2c_s.c: 182: BufI2C.Bf[16]=0;
   494  0079A4  6B28               	clrf	(_BufI2C+17)& (0+255),b
   495                           ;i2c_s.c: 183: BufI2C.Bf[17]=0;
   496  0079A6  6B29               	clrf	(_BufI2C+18)& (0+255),b
   497                           ;i2c_s.c: 184: BufI2C.Bf[18]=0;
   498  0079A8  6B2A               	clrf	(_BufI2C+19)& (0+255),b
   499                           ;i2c_s.c: 185: BufI2C.Bf[19]=0;
   500  0079AA  6B2B               	clrf	(_BufI2C+20)& (0+255),b
   501                           ;i2c_s.c: 186: BufI2C.Bf[20]=0;
   502  0079AC  6B2C               	clrf	(_BufI2C+21)& (0+255),b
   503                           ;i2c_s.c: 187: }
   504  0079AE  0012               	return	
   505  0079B0                     __end_of_SetTData:
   506                           ;i2c_s.c: 190: void SetRData(void)
   507                           ;i2c_s.c: 191: {
   508  0079B0                     _SetRData:
   509  000000                     
   510                           ;i2c_s.c: 192: BufI2C.indeks=0;
   511  0079B0  0103               	movlb	_BufI2C shr (0+8)
   512  0079B2  6B17               	clrf	_BufI2C& (0+255),b
   513                           ;i2c_s.c: 193: }
   514  0079B4  0012               	return	
   515  0079B6                     __end_of_SetRData:
   516                           ;i2c_s.c: 196: void FormatDataIMY(void)
   517                           ;i2c_s.c: 197: {
   518  0079B6                     _FormatDataIMY:
   519  000000                     
   520                           ;i2c_s.c: 199: }
   521  0079B6  0012               	return	
   522  0079B8                     __end_of_FormatDataIMY:
   523  000000                     
   524  000000                     
   525  000000                     
   526  000000                     
   527  000000                     
   528  000000                     
   529  000000                     
   530  000000                     
   531  000000                     
   532  000000                     
   533  000000                     
   534  000000                     
   535  000000                     
   536  000000                     
   537  000000                     
   538  000000                     
   539  000000                     
   540  000000                     
   541  000000                     
   542  000000                     
   543  000000                     
   544  000000                     
   545  000000                     
   546  000000                     
   547  000000                     
   548  000000                     
   549  000000                     
   550  000000                     
   551  000000                     
   552  000000                     
   553  000000                     
   554  000000                     
   555  000000                     
   556  000000                     
   557  000000                     
   558  000000                     
   559  000000                     
   560  000000                     
   561  000000                     
   562  000000                     
   563  000000                     
   564  000000                     
   565  000000                     
   566  000000                     
   567  000000                     
   568  000000                     
   569  000000                     
   570  000000                     
   571  000000                     
   572  000000                     
   573  000000                     
   574  000000                     
   575  000000                     
   576  000000                     
   577  000000                     
   578  000000                     
   579  000000                     
   580  000000                     
   581  000000                     
   582  000000                     
   583  000000                     
   584  000000                     
   585  000000                     
   586  000000                     
   587  000000                     
   588  000000                     
   589  000000                     
   590  000000                     
   591  000000                     
   592  000000                     
   593  000000                     
   594  000000                     
   595  000000                     
   596  000000                     
   597  000000                     
   598  000000                     
   599  000000                     
   600  000000                     
   601  000000                     
   602  000000                     
   603  000000                     
   604  000000                     
   605  000000                     
   606  000000                     
   607  000000                     
   608  000000                     
   609  000000                     
   610  000000                     
   611  000000                     
   612  000000                     
   613  000000                     
   614  000000                     
   615  000000                     
   616  000000                     
   617  000000                     
   618  000000                     
   619  000000                     
   620  000000                     
   621  000000                     
   622  000000                     
   623  000000                     
   624  000000                     
   625  000000                     
   626  000000                     
   627  000000                     
   628  000000                     
   629  000000                     
   630  000000                     
   631  000000                     
   632  000000                     
   633  000000                     
   634  000000                     
   635  000000                     
   636  000000                     
   637  000000                     
   638  000000                     
   639  000000                     
   640  000000                     
   641  000000                     
   642  000000                     
   643  000000                     
   644  000000                     
   645  000000                     
   646  000000                     
   647  000000                     
   648  000000                     
   649  000000                     
   650  000000                     
   651  000000                     
   652  000000                     
   653  000000                     
   654  000000                     
   655  000000                     
   656  000000                     
   657  000000                     
   658  000000                     
   659  000000                     
   660  000000                     
   661  000000                     
   662  000000                     
   663  000000                     
   664  000000                     
   665  000000                     
   666  000000                     
   667  000000                     
   668  000000                     
   669  000000                     
   670  000000                     
   671  000000                     
   672  000000                     
   673  000000                     
   674  000000                     
   675  000000                     
   676  000000                     
   677  000000                     
   678  000000                     
   679  000000                     
   680  000000                     
   681  000000                     
   682  000000                     
   683  000000                     
   684  000000                     
   685  000000                     
   686  000000                     
   687  000000                     
   688  000000                     
   689  000000                     
   690  000000                     
   691  000000                     
   692  000000                     
   693  000000                     
   694  000000                     
   695  000000                     
   696  000000                     
   697  000000                     
   698  000000                     
   699  000000                     
   700  000000                     
   701  000000                     
   702  000000                     
   703  000000                     
   704  000000                     
   705  000000                     
   706  000000                     
   707  000000                     
   708  000000                     
   709  000000                     
   710  000000                     
   711  000000                     
   712  000000                     
   713  000000                     
   714  000000                     
   715  000000                     
   716  000000                     
   717  000000                     
   718  000000                     
   719  000000                     
   720  000000                     
   721  000000                     
   722  000000                     
   723  000000                     
   724  000000                     
   725  000000                     
   726  000000                     
   727  000000                     
   728  000000                     
   729  000000                     
   730  000000                     
   731  000000                     
   732  000000                     
   733  000000                     
   734  000000                     
   735  000000                     
   736  000000                     
   737  000000                     
   738  000000                     
   739  000000                     
   740  000000                     
   741  000000                     
   742  000000                     
   743  000000                     
   744  000000                     
   745  000000                     
   746  000000                     
   747  000000                     
   748  000000                     
   749  000000                     
   750  000000                     
   751  000000                     
   752  000000                     
   753  000000                     
   754  000000                     
   755  000000                     
   756  000000                     
   757  000000                     
   758  000000                     
   759  000000                     
   760  000000                     
   761  000000                     
   762  000000                     
   763  000000                     
   764  000000                     
   765  000000                     
   766  000000                     
   767  000000                     
   768  000000                     
   769  000000                     
   770  000000                     
   771  000000                     
   772  000000                     
   773  000000                     
   774  000000                     
   775  000000                     
   776  000000                     
   777  000000                     
   778  000000                     
   779  000000                     
   780  000000                     
   781  000000                     
   782  000000                     
   783  000000                     
   784  000000                     
   785  000000                     
   786  000000                     
   787  000000                     
   788  000000                     
   789  000000                     
   790  000000                     
   791  000000                     
   792  000000                     
   793  000000                     
   794  000000                     
   795  000000                     
   796  000000                     
   797  000000                     
   798  000000                     
   799  000000                     
   800  000000                     
   801  000000                     
   802  000000                     
   803  000000                     
   804  000000                     
   805  000000                     
   806  000000                     
   807  000000                     
   808  000000                     
   809  000000                     
   810  000000                     
   811  000000                     
   812  000000                     
   813  000000                     
   814  000000                     
   815  000000                     
   816  000000                     
   817  000000                     
   818  000000                     
   819  000000                     
   820  000000                     
   821  000000                     
   822  000000                     
   823  000000                     
   824  000000                     
   825  000000                     
   826  000000                     
   827  000000                     
   828  000000                     
   829  000000                     
   830  000000                     
   831  000000                     
   832  000000                     
   833  000000                     
   834  000000                     
   835  000000                     
   836  000000                     
   837  000000                     
   838  000000                     
   839  000000                     
   840  000000                     
   841  000000                     
   842  000000                     
   843  000000                     
   844  000000                     
   845  000000                     
   846  000000                     
   847  000000                     
   848  000000                     
   849  000000                     
   850  000000                     
   851  000000                     
   852  000000                     
   853  000000                     
   854  000000                     
   855  000000                     
   856  000000                     
   857  000000                     
   858  000000                     
   859  000000                     
   860  000000                     
   861  000000                     
   862  000000                     
   863  000000                     
   864  000000                     
   865  000000                     
   866  000000                     
   867  000000                     
   868  000000                     
   869  000000                     
   870  000000                     
   871  000000                     
   872  000000                     
   873  000000                     
   874  000000                     
   875  000000                     
   876  000000                     
   877  000000                     
   878  000000                     
   879  000000                     
   880  000000                     
   881  000000                     
   882  000000                     
   883  000000                     
   884  000000                     
   885  000000                     
   886  000000                     
   887  000000                     
   888  000000                     
   889  000000                     
   890  000000                     
   891  000000                     
   892  000000                     
   893  000000                     
   894  000000                     
   895  000000                     
   896  000000                     
   897  000000                     
   898  000000                     
   899  000000                     
   900  000000                     
   901  000000                     
   902  000000                     
   903  000000                     
   904  000000                     
   905  000000                     
   906  000000                     
   907  000000                     
   908  000000                     
   909  000000                     
   910  000000                     
   911  000000                     
   912  000000                     
   913  000000                     
   914  000000                     
   915  000000                     
   916  000000                     
   917  000000                     
   918  000000                     
   919  000000                     
   920  000000                     
   921  000000                     
   922  000000                     
   923  000000                     
   924  000000                     
   925  000000                     
   926  000000                     
   927  000000                     
   928  000000                     
   929  000000                     
   930  000000                     
   931  000000                     
   932  000000                     
   933  000000                     
   934  000000                     
   935  000000                     
   936  000000                     
   937  000000                     
   938  000000                     
   939  000000                     
   940  000000                     
   941  000000                     
   942  000000                     
   943  000000                     
   944  000000                     
   945  000000                     
   946  000000                     
   947  000000                     
   948  000000                     
   949  000000                     
   950  000000                     
   951  000000                     
   952  000000                     
   953  000000                     
   954  000000                     
   955  000000                     
   956  000000                     
   957  000000                     
   958  000000                     
   959  000000                     
   960  000000                     
   961  000000                     
   962  000000                     
   963  000000                     
   964  000000                     
   965  000000                     
   966  000000                     
   967  000000                     
   968  000000                     
   969  000000                     
   970  000000                     
   971  000000                     
   972  000000                     
   973  000000                     
   974  000000                     
   975  000000                     
   976  000000                     
   977  000000                     
   978  000000                     
   979  000000                     
   980  000000                     
   981  000000                     
   982  000000                     
   983  000000                     
   984  000000                     
   985  000000                     
   986  000000                     
   987  000000                     
   988  000000                     
   989  000000                     
   990  000000                     
   991  000000                     
   992  000000                     
   993  000000                     
   994  000000                     
   995  000000                     
   996  000000                     
   997  000000                     
   998  000000                     
   999  000000                     
  1000  000000                     
  1001  000000                     
  1002  000000                     
  1003  000000                     
  1004  000000                     
  1005  000000                     
  1006  000000                     
  1007  000000                     
  1008  000000                     
  1009  000000                     
  1010  000000                     
  1011  000000                     
  1012  000000                     
  1013  000000                     
  1014  000000                     
  1015  000000                     
  1016  000000                     
  1017  000000                     
  1018  000000                     
  1019  000000                     
  1020  000000                     
  1021  000000                     
  1022  000000                     
  1023  000000                     
  1024  000000                     
  1025  000000                     
  1026  000000                     
  1027  000000                     
  1028  000000                     
  1029  000000                     
  1030  000000                     
  1031  000000                     
  1032  000000                     
  1033  000000                     
  1034  000000                     
  1035  000000                     
  1036  000000                     
  1037  000000                     
  1038  000000                     
  1039  000000                     
  1040  000000                     
  1041  000000                     
  1042  000000                     
  1043  000000                     
  1044  000000                     
  1045  000000                     
  1046  000000                     
  1047  000000                     
  1048  000000                     
  1049  000000                     
  1050  000000                     
  1051  000000                     
  1052  000000                     
  1053  000000                     
  1054  000000                     
  1055  000000                     
  1056  000000                     
  1057  000000                     
  1058  000000                     
  1059  000000                     
  1060  000000                     
  1061  000000                     
  1062  000000                     
  1063  000000                     
  1064  000000                     
  1065  000000                     
  1066  000000                     
  1067  000000                     
  1068  000000                     
  1069  000000                     
  1070  000000                     
  1071  000000                     
  1072  000000                     
  1073  000000                     
  1074  000000                     
  1075  000000                     
  1076  000000                     
  1077  000000                     
  1078  000000                     
  1079  000000                     
  1080  000000                     
  1081  000000                     
  1082  000000                     
  1083  000000                     
  1084  000000                     
  1085  000000                     
  1086  000000                     
  1087  000000                     
  1088  000000                     
  1089  000000                     
  1090  000000                     
  1091  000000                     
  1092  000000                     
  1093  000000                     
  1094  000000                     
  1095  000000                     
  1096  000000                     
  1097  000000                     
  1098  000000                     
  1099  000000                     
  1100  000000                     
  1101  000000                     
  1102  000000                     
  1103  000000                     
  1104  000000                     
  1105  000000                     
  1106  000000                     
  1107  000000                     
  1108  000000                     
  1109  000000                     
  1110  000000                     
  1111  000000                     
  1112  000000                     
  1113  000000                     
  1114  000000                     
  1115  000000                     
  1116  000000                     
  1117  000000                     
  1118  000000                     
  1119  000000                     
  1120  000000                     
  1121  000000                     
  1122  000000                     
  1123  000000                     
  1124  000000                     
  1125  000000                     
  1126  000000                     
  1127  000000                     
  1128  000000                     
  1129  000000                     
  1130  000000                     
  1131  000000                     
  1132  000000                     
  1133  000000                     
  1134  000000                     
  1135  000000                     
  1136  000000                     
  1137  000000                     
  1138  000000                     
  1139  000000                     
  1140  000000                     
  1141  000000                     
  1142                           
  1143                           	psect	bigbss
  1144  00078C                     F1755:
  1145  00078C                     	ds	1
  1146  000000                     
  1147  000000                     
  1148  000000                     
  1149  000000                     
  1150  000000                     
  1151  000000                     
  1152  000000                     
  1153  000000                     
  1154  000000                     
  1155  000000                     
  1156  000000                     
  1157  000000                     
  1158  000000                     
  1159  000000                     
  1160  000000                     
  1161  000000                     
  1162  000000                     
  1163  000000                     
  1164  000000                     
  1165  000000                     
  1166  000000                     
  1167  000000                     
  1168  000000                     
  1169  000000                     
  1170  000000                     
  1171  000000                     
  1172  000000                     
  1173  000000                     
  1174  000000                     
  1175  000000                     
  1176  000000                     
  1177  000000                     
  1178  000000                     
  1179  000000                     
  1180  000000                     
  1181  000000                     
  1182  000000                     
  1183  000000                     
  1184  000000                     
  1185  000000                     
  1186  000000                     
  1187  000000                     
  1188  000000                     
  1189  000000                     
  1190  000000                     
  1191  000000                     
  1192  000000                     
  1193  000000                     
  1194  000000                     
  1195  000000                     
  1196  000000                     
  1197  000000                     
  1198  000000                     
  1199  000000                     
  1200  000000                     
  1201  000000                     
  1202  000000                     
  1203  000000                     
  1204  000000                     
  1205  000000                     
  1206  000000                     
  1207  000000                     
  1208  000000                     
  1209  000000                     
  1210  000000                     
  1211  000000                     
  1212  000000                     
  1213  000000                     
  1214  000000                     
  1215  000000                     
  1216  000000                     
  1217  000000                     
  1218  000000                     
  1219  000000                     
  1220  000000                     
  1221  000000                     
  1222  000000                     
  1223  000000                     
  1224  000000                     
  1225  000000                     
  1226  000000                     
  1227  000000                     
  1228  000000                     
  1229  000000                     
  1230  000000                     
  1231  000000                     
  1232  000000                     
  1233  000000                     
  1234  000000                     
  1235  000000                     
  1236  000000                     
  1237  000000                     
  1238  000000                     
  1239  000000                     
  1240  000000                     
  1241  000000                     
  1242  000000                     
  1243  000000                     
  1244  000000                     
  1245  000000                     
  1246  000000                     
  1247  000000                     
  1248  000000                     
  1249  000000                     
  1250  000000                     
  1251  000000                     
  1252  000000                     
  1253  000000                     
  1254  000000                     
  1255  000000                     
  1256  000000                     
  1257  000000                     
  1258  000000                     
  1259  000000                     
  1260  000000                     
  1261  000000                     
  1262  000000                     
  1263  000000                     
  1264  000000                     
  1265  000000                     
  1266  000000                     
  1267  000000                     
  1268  000000                     
  1269  000000                     
  1270  000000                     
  1271  000000                     
  1272  000000                     
  1273  000000                     
  1274  000000                     
  1275  000000                     
  1276  000000                     
  1277  000000                     
  1278  000000                     
  1279  000000                     
  1280  000000                     
  1281  000000                     
  1282  000000                     
  1283  000000                     
  1284  000000                     
  1285  000000                     
  1286  000000                     
  1287  000000                     
  1288  000000                     
  1289  000000                     
  1290  000000                     
  1291  000000                     
  1292  000000                     
  1293  000000                     
  1294  000000                     
  1295  000000                     
  1296  000000                     
  1297  000000                     
  1298  000000                     
  1299  000000                     
  1300  000000                     
  1301  000000                     
  1302  000000                     
  1303  000000                     
  1304  000000                     
  1305                           
  1306                           	psect	bss
  1307  000300                     _DtI2C:
  1308  000300                     	ds	23
  1309  000300                     _BufI2C:
  1310  000300                     	ds	25
  1311                           
  1312                           	psect	temp
  1313  000000                     btemp:
  1314  000000                     	ds	5
  1315                           prodl	equ	0xFF3
  1316                           indf0	equ	0xFEF
  1317                           fsr0h	equ	0xFEA
  1318                           fsr0l	equ	0xFE9
  1319                           wreg	equ	0xFE8
  1320                           fsr1l	equ	0xFE1
  1321                           fsr2l	equ	0xFD9
  1322                           status	equ	0xFD8


HI-TECH Software PICC-18 Macro Assembler V9.51PL3
Symbol Table                                           Fri Nov 21 09:58:03 2014

                    l9 7868                      _x 0767  
                    _y 0768   __end_of_TransmitData 792E  
                   l10 78AC                     l11 7876  
                   l13 78A0                     l22 78BC  
                   l24 7926                     u70 78FE  
                   u75 78E0                    u146 7970  
                  u148 7972                    _xxy 0798  
                  _zzz 0799                    wreg 000FE8  
                 F1755 078C                   fsr0h 000FEA  
                 indf0 000FEF                   fsr0l 000FE9  
                 fsr1l 000FE1                   fsr2l 000FD9  
                 btemp 0000        __end_of_InitI2C 785E  
      __end_of_LiczCHK 7902                   prodl 000FF3  
                _DtI2C 0300             used_btemp0 0001  
           used_btemp1 0001             used_btemp2 0001  
           used_btemp3 0001             used_btemp4 0001  
                status 000FD8                _InitI2C 7838  
              _LiczCHK 78B6       __end_of_SetRData 79B6  
     __end_of_SetTData 79B0             _I2CSlaveTR 785E  
              __Lparam 00CF     __end_of_I2CSlaveTR 78B6  
              __ramtop 0800         __end_of_ToWork 7964  
        _FormatDataIMY 79B6                 _BufI2C 0317  
               _ToWork 7962  __end_of_FormatDataIMY 79B8  
           _ReceptData 792E     __end_of_ReceptData 7962  
             _SetRData 79B0               _SetTData 7964  
         _TransmitData 7902  
