     1: /*eeprom.c*/
     2: //Funkcje zapisu/odczytu daneych do/z pamieci EEPROM
     3: /*---------------------------------------------------------------------------------*/
     4: #include <pic18.h>
     5: #include <htc.h>
     6: #include "eeprom.h"
     7: /*---------------------------------------------------------------------------------*/
     8: //---------------------------------------------------
     9: //Zapis danej do pamieci EEPROM pod wskazany adres
    10: void WriteEEPROM(unsigned int adr,unsigned char data)
    11: {
    12:         eeprom_write(adr,data);
    13: }
    14: //---------------------------------------------------
    15: //Odczyt danej z pamieci EEPROM pod wskazanym adresem
    16: unsigned char ReadEEPROM(unsigned int adr)
    17: {
    18:         unsigned char data;
    19:         data=eeprom_read(adr);
    20:         return data;
    21: }
    22: //---------------------------------------------------
