

HI-TECH Software PICC-18 Macro Assembler V9.51PL3
                                                       Fri Feb 26 07:54:44 2016


     1                           	processor	18F46K20
     2                           	opt	pw 80
     3                           	psect	text,global,reloc=2,class=CODE,delta=1
     4                           	psect	intsave_regs,global,class=BIGRAM,space=1,
      +                          delta=1
     5  000000                     
     6  000000                     
     7  000000                     
     8  000000                     
     9  000000                     
    10  000000                     
    11  000000                     
    12  000000                     
    13  000000                     
    14  000000                     
    15  000000                     
    16  000000                     
    17  000000                     
    18  000000                     
    19  000000                     
    20  000000                     
    21  000000                     
    22  000000                     
    23  000000                     
    24  000000                     
    25  000000                     
    26  000000                     
    27  000000                     
    28  000000                     
    29  000000                     
    30  000000                     
    31  000000                     
    32  000000                     
    33  000000                     
    34  000000                     
    35  000000                     
    36  000000                     
    37  000000                     
    38  000000                     
    39  000000                     
    40  000000                     
    41  000000                     
    42  000000                     
    43  000000                     
    44  000000                     
    45  000000                     
    46  000000                     
    47  000000                     
    48  000000                     
    49  000000                     
    50  000000                     
    51  000000                     
    52  000000                     
    53  000000                     
    54  000000                     
    55  000000                     
    56  000000                     
    57  000000                     
    58  000000                     
    59  000000                     
    60  000000                     
    61  000000                     
    62  000000                     
    63  000000                     
    64  000000                     
    65  000000                     
    66  000000                     
    67  000000                     
    68  000000                     
    69  000000                     
    70  000000                     
    71  000000                     
    72  000000                     
    73  000000                     
    74  000000                     
    75  000000                     
    76  000000                     
    77  000000                     
    78  000000                     
    79  000000                     
    80  000000                     
    81  000000                     
    82  000000                     
    83  000000                     
    84  000000                     
    85  000000                     
    86  000000                     
    87  000000                     
    88  000000                     
    89  000000                     
    90  000000                     
    91  000000                     
    92  000000                     
    93  000000                     
    94                           ;pic18f45k20.h: 20: static volatile near unsigne
      +                          d char TOSU @ 0xFFF;
    95                           ;pic18f45k20.h: 21: static volatile near unsigne
      +                          d char TOSH @ 0xFFE;
    96                           ;pic18f45k20.h: 22: static volatile near unsigne
      +                          d char TOSL @ 0xFFD;
    97                           ;pic18f45k20.h: 23: static volatile near unsigne
      +                          d char STKPTR @ 0xFFC;
    98                           ;pic18f45k20.h: 24: static volatile near unsigne
      +                          d char PCLATU @ 0xFFB;
    99                           ;pic18f45k20.h: 25: static volatile near unsigne
      +                          d char PCLATH @ 0xFFA;
   100                           ;pic18f45k20.h: 26: static volatile near unsigne
      +                          d char PCL @ 0xFF9;
   101                           ;pic18f45k20.h: 27: static volatile far unsigned
      +                           char * TBLPTR @ 0xFF6;
   102                           ;pic18f45k20.h: 28: static volatile near unsigne
      +                          d char TBLPTRU @ 0xFF8;
   103                           ;pic18f45k20.h: 29: static volatile near unsigne
      +                          d char TBLPTRH @ 0xFF7;
   104                           ;pic18f45k20.h: 30: static volatile near unsigne
      +                          d char TBLPTRL @ 0xFF6;
   105                           ;pic18f45k20.h: 31: static volatile near unsigne
      +                          d char TABLAT @ 0xFF5;
   106                           ;pic18f45k20.h: 32: static volatile near unsigne
      +                          d char PRODH @ 0xFF4;
   107                           ;pic18f45k20.h: 33: static volatile near unsigne
      +                          d char PRODL @ 0xFF3;
   108                           ;pic18f45k20.h: 34: static volatile near unsigne
      +                          d char INTCON @ 0xFF2;
   109                           ;pic18f45k20.h: 35: static near unsigned char IN
      +                          TCON2 @ 0xFF1;
   110                           ;pic18f45k20.h: 36: static volatile near unsigne
      +                          d char INTCON3 @ 0xFF0;
   111                           ;pic18f45k20.h: 37: static volatile near unsigne
      +                          d char INDF0 @ 0xFEF;
   112                           ;pic18f45k20.h: 38: static volatile near unsigne
      +                          d char POSTINC0 @ 0xFEE;
   113                           ;pic18f45k20.h: 39: static volatile near unsigne
      +                          d char POSTDEC0 @ 0xFED;
   114                           ;pic18f45k20.h: 40: static volatile near unsigne
      +                          d char PREINC0 @ 0xFEC;
   115                           ;pic18f45k20.h: 41: static volatile near unsigne
      +                          d char PLUSW0 @ 0xFEB;
   116                           ;pic18f45k20.h: 42: static volatile near unsigne
      +                          d char FSR0H @ 0xFEA;
   117                           ;pic18f45k20.h: 43: static volatile near unsigne
      +                          d char FSR0L @ 0xFE9;
   118                           ;pic18f45k20.h: 44: static volatile near unsigne
      +                          d char WREG @ 0xFE8;
   119                           ;pic18f45k20.h: 45: static volatile near unsigne
      +                          d char INDF1 @ 0xFE7;
   120                           ;pic18f45k20.h: 46: static volatile near unsigne
      +                          d char POSTINC1 @ 0xFE6;
   121                           ;pic18f45k20.h: 47: static volatile near unsigne
      +                          d char POSTDEC1 @ 0xFE5;
   122                           ;pic18f45k20.h: 48: static volatile near unsigne
      +                          d char PREINC1 @ 0xFE4;
   123                           ;pic18f45k20.h: 49: static volatile near unsigne
      +                          d char PLUSW1 @ 0xFE3;
   124                           ;pic18f45k20.h: 50: static volatile near unsigne
      +                          d char FSR1H @ 0xFE2;
   125                           ;pic18f45k20.h: 51: static volatile near unsigne
      +                          d char FSR1L @ 0xFE1;
   126                           ;pic18f45k20.h: 52: static near unsigned char BS
      +                          R @ 0xFE0;
   127                           ;pic18f45k20.h: 53: static volatile near unsigne
      +                          d char INDF2 @ 0xFDF;
   128                           ;pic18f45k20.h: 54: static volatile near unsigne
      +                          d char POSTINC2 @ 0xFDE;
   129                           ;pic18f45k20.h: 55: static volatile near unsigne
      +                          d char POSTDEC2 @ 0xFDD;
   130                           ;pic18f45k20.h: 56: static volatile near unsigne
      +                          d char PREINC2 @ 0xFDC;
   131                           ;pic18f45k20.h: 57: static volatile near unsigne
      +                          d char PLUSW2 @ 0xFDB;
   132                           ;pic18f45k20.h: 58: static volatile near unsigne
      +                          d char FSR2H @ 0xFDA;
   133                           ;pic18f45k20.h: 59: static volatile near unsigne
      +                          d char FSR2L @ 0xFD9;
   134                           ;pic18f45k20.h: 60: static volatile near unsigne
      +                          d char STATUS @ 0xFD8;
   135                           ;pic18f45k20.h: 61: static volatile near unsigne
      +                          d char TMR0H @ 0xFD7;
   136                           ;pic18f45k20.h: 62: static volatile near unsigne
      +                          d char TMR0L @ 0xFD6;
   137                           ;pic18f45k20.h: 64: static volatile near unsigne
      +                          d int TMR0 @ 0xFD6;
   138                           ;pic18f45k20.h: 65: static near unsigned char T0
      +                          CON @ 0xFD5;
   139                           ;pic18f45k20.h: 66: static volatile near unsigne
      +                          d char OSCCON @ 0xFD3;
   140                           ;pic18f45k20.h: 67: static volatile near unsigne
      +                          d char HLVDCON @ 0xFD2;
   141                           ;pic18f45k20.h: 68: static volatile near unsigne
      +                          d char WDTCON @ 0xFD1;
   142                           ;pic18f45k20.h: 69: static volatile near unsigne
      +                          d char RCON @ 0xFD0;
   143                           ;pic18f45k20.h: 70: static volatile near unsigne
      +                          d char TMR1H @ 0xFCF;
   144                           ;pic18f45k20.h: 71: static volatile near unsigne
      +                          d char TMR1L @ 0xFCE;
   145                           ;pic18f45k20.h: 73: static volatile near unsigne
      +                          d int TMR1 @ 0xFCE;
   146                           ;pic18f45k20.h: 74: static near unsigned char T1
      +                          CON @ 0xFCD;
   147                           ;pic18f45k20.h: 75: static volatile near unsigne
      +                          d char TMR2 @ 0xFCC;
   148                           ;pic18f45k20.h: 76: static near unsigned char PR
      +                          2 @ 0xFCB;
   149                           ;pic18f45k20.h: 77: static near unsigned char T2
      +                          CON @ 0xFCA;
   150                           ;pic18f45k20.h: 78: static volatile near unsigne
      +                          d char SSPBUF @ 0xFC9;
   151                           ;pic18f45k20.h: 79: static near unsigned char SS
      +                          PADD @ 0xFC8;
   152                           ;pic18f45k20.h: 80: static volatile near unsigne
      +                          d char SSPSTAT @ 0xFC7;
   153                           ;pic18f45k20.h: 81: static volatile near unsigne
      +                          d char SSPCON1 @ 0xFC6;
   154                           ;pic18f45k20.h: 82: static volatile near unsigne
      +                          d char SSPCON2 @ 0xFC5;
   155                           ;pic18f45k20.h: 83: static volatile near unsigne
      +                          d char ADRESH @ 0xFC4;
   156                           ;pic18f45k20.h: 84: static volatile near unsigne
      +                          d char ADRESL @ 0xFC3;
   157                           ;pic18f45k20.h: 86: static volatile near unsigne
      +                          d int ADRES @ 0xFC3;
   158                           ;pic18f45k20.h: 87: static volatile near unsigne
      +                          d char ADCON0 @ 0xFC2;
   159                           ;pic18f45k20.h: 88: static near unsigned char AD
      +                          CON1 @ 0xFC1;
   160                           ;pic18f45k20.h: 89: static near unsigned char AD
      +                          CON2 @ 0xFC0;
   161                           ;pic18f45k20.h: 90: static volatile near unsigne
      +                          d char CCPR1H @ 0xFBF;
   162                           ;pic18f45k20.h: 91: static volatile near unsigne
      +                          d char CCPR1L @ 0xFBE;
   163                           ;pic18f45k20.h: 93: static volatile near unsigne
      +                          d int CCPR1 @ 0xFBE;
   164                           ;pic18f45k20.h: 94: static volatile near unsigne
      +                          d char CCP1CON @ 0xFBD;
   165                           ;pic18f45k20.h: 95: static volatile near unsigne
      +                          d char CCPR2H @ 0xFBC;
   166                           ;pic18f45k20.h: 96: static volatile near unsigne
      +                          d char CCPR2L @ 0xFBB;
   167                           ;pic18f45k20.h: 98: static volatile near unsigne
      +                          d int CCPR2 @ 0xFBB;
   168                           ;pic18f45k20.h: 99: static volatile near unsigne
      +                          d char CCP2CON @ 0xFBA;
   169                           ;pic18f45k20.h: 100: static near unsigned char P
      +                          STRCON @ 0xFB9;
   170                           ;pic18f45k20.h: 101: static volatile near unsign
      +                          ed char BAUDCTL @ 0xFB8;
   171                           ;pic18f45k20.h: 102: static volatile near unsign
      +                          ed char PWM1CON @ 0xFB7;
   172                           ;pic18f45k20.h: 103: static volatile near unsign
      +                          ed char ECCP1AS @ 0xFB6;
   173                           ;pic18f45k20.h: 104: static volatile near unsign
      +                          ed char CVRCON @ 0xFB5;
   174                           ;pic18f45k20.h: 105: static volatile near unsign
      +                          ed char CVRCON2 @ 0xFB4;
   175                           ;pic18f45k20.h: 106: static volatile near unsign
      +                          ed char TMR3H @ 0xFB3;
   176                           ;pic18f45k20.h: 107: static volatile near unsign
      +                          ed char TMR3L @ 0xFB2;
   177                           ;pic18f45k20.h: 109: static volatile near unsign
      +                          ed int TMR3 @ 0xFB2;
   178                           ;pic18f45k20.h: 110: static near unsigned char T
      +                          3CON @ 0xFB1;
   179                           ;pic18f45k20.h: 111: static near unsigned char S
      +                          PBRGH @ 0xFB0;
   180                           ;pic18f45k20.h: 112: static near unsigned char S
      +                          PBRG @ 0xFAF;
   181                           ;pic18f45k20.h: 114: static near unsigned char S
      +                          PBRG1 @ 0xFAF;
   182                           ;pic18f45k20.h: 115: static volatile near unsign
      +                          ed char RCREG @ 0xFAE;
   183                           ;pic18f45k20.h: 117: static volatile near unsign
      +                          ed char RCREG1 @ 0xFAE;
   184                           ;pic18f45k20.h: 118: static volatile near unsign
      +                          ed char TXREG @ 0xFAD;
   185                           ;pic18f45k20.h: 120: static volatile near unsign
      +                          ed char TXREG1 @ 0xFAD;
   186                           ;pic18f45k20.h: 121: static volatile near unsign
      +                          ed char TXSTA @ 0xFAC;
   187                           ;pic18f45k20.h: 123: static volatile near unsign
      +                          ed char TXSTA1 @ 0xFAC;
   188                           ;pic18f45k20.h: 124: static volatile near unsign
      +                          ed char RCSTA @ 0xFAB;
   189                           ;pic18f45k20.h: 126: static volatile near unsign
      +                          ed char RCSTA1 @ 0xFAB;
   190                           ;pic18f45k20.h: 128: static near unsigned char E
      +                          EADRH @ 0xFAA;
   191                           ;pic18f45k20.h: 130: static near unsigned char E
      +                          EADR @ 0xFA9;
   192                           ;pic18f45k20.h: 131: static volatile near unsign
      +                          ed char EEDATA @ 0xFA8;
   193                           ;pic18f45k20.h: 132: static volatile near unsign
      +                          ed char EECON2 @ 0xFA7;
   194  000000                     _PrintErr$pls	set	?_PrintErr
   195                           
   196                           	psect	text
   197                           ;print.c: 53: void PrintErr(const unsigned char 
      +                          kod, const unsigned char pls)
   198                           ;print.c: 54: {
   199  00C104  00EC               	dw	?_PrintErr
   200                           ;       param _pls assigned to ?_PrintErrCs+1
   201  000000                     _PrintErrCs$pls	set	?_PrintErrCs+1
   202  00C106                     _PrintErr:
   203  000000                     
   204                           ; _kod loaded to fsr2l
   205  00C106  6ED9               	movwf	fsr2l,c
   206                           ;print.c: 55: if(pls)
   207  00C108  0100               	movlb	__Lparam shr (0+8)
   208  00C10A  51EC               	movf	?_PrintErr^(__Lparam& (0+65280)),w
   209  00C10C  E005               	bz	l23
   210                           ;print.c: 56: {
   211  00C10E  CFD9 F0AC          	movff	fsr2l,_RSDT1+15
   212                           ;print.c: 58: RSDT1.outAWR=0;
   213  00C112  0100               	movlb	(_RSDT1+16) shr (0+8)
   214  00C114  6BAD               	clrf	(_RSDT1+16)& (0+255),b
   215                           ;print.c: 59: }
   216  00C116  D004               	goto	l24
   217  00C118                     l23:
   218                           ;print.c: 60: else
   219  00C118  0100               	movlb	(_RSDT1+15) shr (0+8)
   220  00C11A  6BAC               	clrf	(_RSDT1+15)& (0+255),b
   221                           ;print.c: 63: RSDT1.outAWR=kod;
   222  00C11C  CFD9 F0AD          	movff	fsr2l,_RSDT1+16
   223  00C120                     l24:
   224                           ;print.c: 64: }
   225  00C120  0100               	movlb	__Lparam shr (0+8)
   226  00C122  0EAF               	movlw	low (_RSDT1+18)
   227  00C124  6FEE               	movwf	?_BitSet2^(__Lparam& (0+65280)),b
   228  00C126  0E00               	movlw	high (_RSDT1+18)
   229  00C128  6FEF               	movwf	(?_BitSet2+1)^(__Lparam& (0+65280)),b
   230  00C12A  0E03               	movlw	3
   231  00C12C  6FF0               	movwf	(?_BitSet2+2)^(__Lparam& (0+65280)),b
   232  00C12E  51EC               	movf	?_PrintErr^(__Lparam& (0+65280)),w
   233  00C130  6FF1               	movwf	(?_BitSet2+3)^(__Lparam& (0+65280)),b
   234  00C132  EC39  F061         	call	_BitSet2	;wreg free
   235                           ;print.c: 66: BitSet2(&RSDT1.outSTAT1,2,!pls);
   236  00C136  0100               	movlb	__Lparam shr (0+8)
   237  00C138  0EAF               	movlw	low (_RSDT1+18)
   238  00C13A  6FEE               	movwf	?_BitSet2^(__Lparam& (0+65280)),b
   239  00C13C  0E00               	movlw	high (_RSDT1+18)
   240  00C13E  6FEF               	movwf	(?_BitSet2+1)^(__Lparam& (0+65280)),b
   241  00C140  0E02               	movlw	2
   242  00C142  6FF0               	movwf	(?_BitSet2+2)^(__Lparam& (0+65280)),b
   243  00C144  51EC               	movf	?_PrintErr^(__Lparam& (0+65280)),w
   244  00C146  D021               	goto	L1
   245                           ;print.c: 74: }
   246  00C148                     __end_of_PrintErr:
   247                           ;       param _cs assigned to ?_PrintErrCs+0
   248  000000                     _PrintErrCs$cs	set	?_PrintErrCs
   249                           ;print.c: 75: void PrintErrCs(const unsigned cha
      +                          r kod,const unsigned char cs, const unsigned cha
      +                          r pls)
   250                           ;print.c: 76: {
   251  00C148  00EC               	dw	?_PrintErrCs
   252  00C14A                     _PrintErrCs:
   253  000000                     
   254                           ; _kod loaded to fsr2l
   255  00C14A  6ED9               	movwf	fsr2l,c
   256                           ;print.c: 77: if(pls)
   257  00C14C  0100               	movlb	__Lparam shr (0+8)
   258  00C14E  51ED               	movf	(?_PrintErrCs+1)^(__Lparam& (0+65280)),w
   259  00C150  E005               	bz	l26
   260                           ;print.c: 78: {
   261  00C152  CFD9 F0AC          	movff	fsr2l,_RSDT1+15
   262                           ;print.c: 80: RSDT1.outAWR=0;
   263  00C156  0100               	movlb	(_RSDT1+16) shr (0+8)
   264  00C158  6BAD               	clrf	(_RSDT1+16)& (0+255),b
   265                           ;print.c: 81: }
   266  00C15A  D004               	goto	l27
   267  00C15C                     l26:
   268                           ;print.c: 82: else
   269  00C15C  0100               	movlb	(_RSDT1+15) shr (0+8)
   270  00C15E  6BAC               	clrf	(_RSDT1+15)& (0+255),b
   271                           ;print.c: 85: RSDT1.outAWR=kod;
   272  00C160  CFD9 F0AD          	movff	fsr2l,_RSDT1+16
   273  00C164                     l27:
   274                           ;print.c: 86: }
   275  00C164  0100               	movlb	__Lparam shr (0+8)
   276  00C166  0EAF               	movlw	low (_RSDT1+18)
   277  00C168  6FEE               	movwf	?_BitSet2^(__Lparam& (0+65280)),b
   278  00C16A  0E00               	movlw	high (_RSDT1+18)
   279  00C16C  6FEF               	movwf	(?_BitSet2+1)^(__Lparam& (0+65280)),b
   280  00C16E  0E03               	movlw	3
   281  00C170  6FF0               	movwf	(?_BitSet2+2)^(__Lparam& (0+65280)),b
   282  00C172  51ED               	movf	(?_PrintErrCs+1)^(__Lparam& (0+65280)),w
   283  00C174  6FF1               	movwf	(?_BitSet2+3)^(__Lparam& (0+65280)),b
   284  00C176  EC39  F061         	call	_BitSet2	;wreg free
   285                           ;print.c: 88: BitSet2(&RSDT1.outSTAT1,2,!pls);
   286  00C17A  0100               	movlb	__Lparam shr (0+8)
   287  00C17C  0EAF               	movlw	low (_RSDT1+18)
   288  00C17E  6FEE               	movwf	?_BitSet2^(__Lparam& (0+65280)),b
   289  00C180  0E00               	movlw	high (_RSDT1+18)
   290  00C182  6FEF               	movwf	(?_BitSet2+1)^(__Lparam& (0+65280)),b
   291  00C184  0E02               	movlw	2
   292  00C186  6FF0               	movwf	(?_BitSet2+2)^(__Lparam& (0+65280)),b
   293  00C188  51ED               	movf	(?_PrintErrCs+1)^(__Lparam& (0+65280)),w
   294  00C18A                     L1:
   295  00C18A  0E00               	movlw	0
   296  00C18C  B4D8               	btfsc	status,2,c
   297  00C18E                     L3:
   298  00C18E  0E01               	movlw	1
   299  00C190  6FF1               	movwf	(?_BitSet2+3)^(__Lparam& (0+65280)),b
   300  00C192  EF39  F061         	goto	_BitSet2	;wreg free
   301                           ;print.c: 97: }
   302  00C196                     __end_of_PrintErrCs:
   303                           ;print.c: 111: void EndErr(void)
   304                           ;print.c: 112: {
   305  00C196                     _EndErr:
   306  000000                     
   307                           ;print.c: 113: RSDT1.outERR=0;
   308  00C196  0100               	movlb	(_RSDT1+15) shr (0+8)
   309  00C198  6BAC               	clrf	(_RSDT1+15)& (0+255),b
   310                           ;print.c: 114: RSDT1.outAWR=0;
   311  00C19A  0100               	movlb	(_RSDT1+16) shr (0+8)
   312  00C19C  6BAD               	clrf	(_RSDT1+16)& (0+255),b
   313                           ;print.c: 115: BitSet2(&RSDT1.outSTAT1,3,0);
   314  00C19E  0100               	movlb	__Lparam shr (0+8)
   315  00C1A0  0EAF               	movlw	low (_RSDT1+18)
   316  00C1A2  6FEE               	movwf	?_BitSet2^(__Lparam& (0+65280)),b
   317  00C1A4  0E00               	movlw	high (_RSDT1+18)
   318  00C1A6  6FEF               	movwf	(?_BitSet2+1)^(__Lparam& (0+65280)),b
   319  00C1A8  0E03               	movlw	3
   320  00C1AA  6FF0               	movwf	(?_BitSet2+2)^(__Lparam& (0+65280)),b
   321  00C1AC  6BF1               	clrf	(?_BitSet2+3)^(__Lparam& (0+65280)),b
   322  00C1AE  EC39  F061         	call	_BitSet2	;wreg free
   323                           ;print.c: 116: BitSet2(&RSDT1.outSTAT1,2,0);
   324  00C1B2  0100               	movlb	__Lparam shr (0+8)
   325  00C1B4  0EAF               	movlw	low (_RSDT1+18)
   326  00C1B6  6FEE               	movwf	?_BitSet2^(__Lparam& (0+65280)),b
   327  00C1B8  0E00               	movlw	high (_RSDT1+18)
   328  00C1BA  6FEF               	movwf	(?_BitSet2+1)^(__Lparam& (0+65280)),b
   329  00C1BC  0E02               	movlw	2
   330  00C1BE  D00E               	goto	L2
   331                           ;print.c: 118: }
   332  00C1C0                     __end_of_EndErr:
   333                           ;print.c: 194: void PrintL3(void)
   334                           ;print.c: 195: {
   335  00C1C0                     _PrintL3:
   336  000000                     
   337                           ;print.c: 196: BitSet2(&RSDT1.outSTAT1,4,1);
   338  00C1C0  0100               	movlb	__Lparam shr (0+8)
   339  00C1C2  0EAF               	movlw	low (_RSDT1+18)
   340  00C1C4  6FEE               	movwf	?_BitSet2^(__Lparam& (0+65280)),b
   341  00C1C6  0E00               	movlw	high (_RSDT1+18)
   342  00C1C8  6FEF               	movwf	(?_BitSet2+1)^(__Lparam& (0+65280)),b
   343  00C1CA  0E04               	movlw	4
   344  00C1CC  6FF0               	movwf	(?_BitSet2+2)^(__Lparam& (0+65280)),b
   345  00C1CE  D7DF               	goto	L3
   346                           ;print.c: 211: }
   347  00C1D0                     __end_of_PrintL3:
   348                           ;print.c: 214: void EndL3(void)
   349                           ;print.c: 215: {
   350  00C1D0                     _EndL3:
   351  000000                     
   352                           ;print.c: 216: BitSet2(&RSDT1.outSTAT1,4,0);
   353  00C1D0  0100               	movlb	__Lparam shr (0+8)
   354  00C1D2  0EAF               	movlw	low (_RSDT1+18)
   355  00C1D4  6FEE               	movwf	?_BitSet2^(__Lparam& (0+65280)),b
   356  00C1D6  0E00               	movlw	high (_RSDT1+18)
   357  00C1D8  6FEF               	movwf	(?_BitSet2+1)^(__Lparam& (0+65280)),b
   358  00C1DA  0E04               	movlw	4
   359  00C1DC                     L2:
   360  00C1DC  6FF0               	movwf	(?_BitSet2+2)^(__Lparam& (0+65280)),b
   361  00C1DE  6BF1               	clrf	(?_BitSet2+3)^(__Lparam& (0+65280)),b
   362  00C1E0  EF39  F061         	goto	_BitSet2	;wreg free
   363                           ;print.c: 218: }
   364  00C1E4                     __end_of_EndL3:
   365  000000                     
   366  000000                     
   367  000000                     
   368  000000                     
   369  000000                     
   370  000000                     
   371  000000                     
   372  000000                     
   373  000000                     
   374  000000                     
   375  000000                     
   376  000000                     
   377  000000                     
   378  000000                     
   379  000000                     
   380  000000                     
   381  000000                     
   382  000000                     
   383  000000                     
   384  000000                     
   385  000000                     
   386  000000                     
   387  000000                     
   388  000000                     
   389  000000                     
   390  000000                     
   391  000000                     
   392  000000                     
   393  000000                     
   394  000000                     
   395  000000                     
   396  000000                     
   397  000000                     
   398  000000                     
   399  000000                     
   400  000000                     
   401  000000                     
   402  000000                     
   403  000000                     
   404  000000                     
   405  000000                     
   406  000000                     
   407  000000                     
   408  000000                     
   409  000000                     
   410  000000                     
   411  000000                     
   412  000000                     
   413  000000                     
   414  000000                     
   415  000000                     
   416  000000                     
   417  000000                     
   418  000000                     
   419  000000                     
   420  000000                     
   421  000000                     
   422  000000                     
   423  000000                     
   424  000000                     
   425  000000                     
   426  000000                     
   427  000000                     
   428  000000                     
   429  000000                     
   430  000000                     
   431  000000                     
   432  000000                     
   433  000000                     
   434  000000                     
   435  000000                     
   436  000000                     
   437  000000                     
   438  000000                     
   439  000000                     
   440  000000                     
   441  000000                     
   442  000000                     
   443  000000                     
   444  000000                     
   445  000000                     
   446  000000                     
   447  000000                     
   448  000000                     
   449  000000                     
   450  000000                     
   451  000000                     
   452  000000                     
   453  000000                     
   454  000000                     
   455  000000                     
   456  000000                     
   457  000000                     
   458  000000                     
   459  000000                     
   460  000000                     
   461  000000                     
   462  000000                     
   463  000000                     
   464  000000                     
   465  000000                     
   466  000000                     
   467  000000                     
   468  000000                     
   469  000000                     
   470  000000                     
   471  000000                     
   472  000000                     
   473  000000                     
   474  000000                     
   475  000000                     
   476  000000                     
   477  000000                     
   478  000000                     
   479  000000                     
   480  000000                     
   481  000000                     
   482  000000                     
   483  000000                     
   484  000000                     
   485  000000                     
   486  000000                     
   487  000000                     
   488  000000                     
   489  000000                     
   490  000000                     
   491  000000                     
   492  000000                     
   493  000000                     
   494  000000                     
   495  000000                     
   496  000000                     
   497  000000                     
   498  000000                     
   499  000000                     
   500  000000                     
   501  000000                     
   502  000000                     
   503  000000                     
   504  000000                     
   505  000000                     
   506  000000                     
   507  000000                     
   508  000000                     
   509  000000                     
   510  000000                     
   511  000000                     
   512  000000                     
   513  000000                     
   514  000000                     
   515  000000                     
   516  000000                     
   517  000000                     
   518  000000                     
   519  000000                     
   520  000000                     
   521  000000                     
   522  000000                     
   523  000000                     
   524  000000                     
   525  000000                     
   526  000000                     
   527  000000                     
   528  000000                     
   529  000000                     
   530  000000                     
   531  000000                     
   532  000000                     
   533  000000                     
   534  000000                     
   535  000000                     
   536  000000                     
   537  000000                     
   538  000000                     
   539  000000                     
   540  000000                     
   541  000000                     
   542  000000                     
   543  000000                     
   544  000000                     
   545  000000                     
   546  000000                     
   547  000000                     
   548  000000                     
   549  000000                     
   550  000000                     
   551  000000                     
   552  000000                     
   553  000000                     
   554  000000                     
   555  000000                     
   556  000000                     
   557  000000                     
   558  000000                     
   559  000000                     
   560  000000                     
   561  000000                     
   562  000000                     
   563  000000                     
   564  000000                     
   565  000000                     
   566  000000                     
   567  000000                     
   568  000000                     
   569  000000                     
   570  000000                     
   571  000000                     
   572  000000                     
   573  000000                     
   574  000000                     
   575  000000                     
   576  000000                     
   577  000000                     
   578  000000                     
   579  000000                     
   580  000000                     
   581  000000                     
   582  000000                     
   583  000000                     
   584  000000                     
   585  000000                     
   586  000000                     
   587  000000                     
   588  000000                     
   589  000000                     
   590  000000                     
   591  000000                     
   592  000000                     
   593  000000                     
   594  000000                     
   595  000000                     
   596  000000                     
   597  000000                     
   598  000000                     
   599  000000                     
   600  000000                     
   601  000000                     
   602  000000                     
   603  000000                     
   604  000000                     
   605  000000                     
   606  000000                     
   607  000000                     
   608  000000                     
   609  000000                     
   610  000000                     
   611  000000                     
   612  000000                     
   613  000000                     
   614  000000                     
   615  000000                     
   616  000000                     
   617  000000                     
   618  000000                     
   619  000000                     
   620  000000                     
   621  000000                     
   622  000000                     
   623  000000                     
   624  000000                     
   625  000000                     
   626  000000                     
   627  000000                     
   628  000000                     
   629  000000                     
   630  000000                     
   631  000000                     
   632  000000                     
   633  000000                     
   634  000000                     
   635  000000                     
   636  000000                     
   637  000000                     
   638  000000                     
   639  000000                     
   640  000000                     
   641  000000                     
   642  000000                     
   643  000000                     
   644  000000                     
   645  000000                     
   646  000000                     
   647  000000                     
   648  000000                     
   649  000000                     
   650  000000                     
   651  000000                     
   652  000000                     
   653  000000                     
   654  000000                     
   655  000000                     
   656  000000                     
   657  000000                     
   658  000000                     
   659  000000                     
   660  000000                     
   661  000000                     
   662  000000                     
   663  000000                     
   664  000000                     
   665  000000                     
   666  000000                     
   667  000000                     
   668  000000                     
   669  000000                     
   670  000000                     
   671  000000                     
   672  000000                     
   673  000000                     
   674  000000                     
   675  000000                     
   676  000000                     
   677  000000                     
   678  000000                     
   679  000000                     
   680  000000                     
   681  000000                     
   682  000000                     
   683  000000                     
   684  000000                     
   685  000000                     
   686  000000                     
   687  000000                     
   688  000000                     
   689  000000                     
   690  000000                     
   691  000000                     
   692  000000                     
   693  000000                     
   694  000000                     
   695  000000                     
   696  000000                     
   697  000000                     
   698  000000                     
   699  000000                     
   700  000000                     
   701  000000                     
   702  000000                     
   703  000000                     
   704  000000                     
   705  000000                     
   706  000000                     
   707  000000                     
   708  000000                     
   709  000000                     
   710  000000                     
   711  000000                     
   712  000000                     
   713  000000                     
   714  000000                     
   715  000000                     
   716  000000                     
   717  000000                     
   718  000000                     
   719  000000                     
   720  000000                     
   721  000000                     
   722  000000                     
   723  000000                     
   724  000000                     
   725  000000                     
   726  000000                     
   727  000000                     
   728  000000                     
   729  000000                     
   730  000000                     
   731  000000                     
   732  000000                     
   733  000000                     
   734  000000                     
   735  000000                     
   736  000000                     
   737  000000                     
   738  000000                     
   739  000000                     
   740  000000                     
   741  000000                     
   742  000000                     
   743  000000                     
   744  000000                     
   745  000000                     
   746  000000                     
   747  000000                     
   748  000000                     
   749  000000                     
   750  000000                     
   751  000000                     
   752  000000                     
   753  000000                     
   754  000000                     
   755  000000                     
   756  000000                     
   757  000000                     
   758  000000                     
   759  000000                     
   760  000000                     
   761  000000                     
   762  000000                     
   763  000000                     
   764  000000                     
   765  000000                     
   766  000000                     
   767  000000                     
   768  000000                     
   769  000000                     
   770  000000                     
   771  000000                     
   772  000000                     
   773  000000                     
   774  000000                     
   775  000000                     
   776  000000                     
   777  000000                     
   778  000000                     
   779  000000                     
   780  000000                     
   781  000000                     
   782  000000                     
   783  000000                     
   784  000000                     
   785  000000                     
   786  000000                     
   787  000000                     
   788  000000                     
   789  000000                     
   790  000000                     
   791  000000                     
   792  000000                     
   793  000000                     
   794  000000                     
   795  000000                     
   796  000000                     
   797  000000                     
   798  000000                     
   799  000000                     
   800  000000                     
   801  000000                     
   802  000000                     
   803  000000                     
   804  000000                     
   805  000000                     
   806  000000                     
   807  000000                     
   808  000000                     
   809  000000                     
   810  000000                     
   811  000000                     
   812  000000                     
   813  000000                     
   814  000000                     
   815  000000                     
   816  000000                     
   817  000000                     
   818  000000                     
   819  000000                     
   820  000000                     
   821  000000                     
   822  000000                     
   823  000000                     
   824  000000                     
   825  000000                     
   826  000000                     
   827  000000                     
   828  000000                     
   829  000000                     
   830  000000                     
   831  000000                     
   832  000000                     
   833  000000                     
   834  000000                     
   835  000000                     
   836  000000                     
   837  000000                     
   838  000000                     
   839  000000                     
   840  000000                     
   841  000000                     
   842  000000                     
   843  000000                     
   844  000000                     
   845  000000                     
   846  000000                     
   847  000000                     
   848  000000                     
   849  000000                     
   850  000000                     
   851  000000                     
   852  000000                     
   853  000000                     
   854  000000                     
   855  000000                     
   856  000000                     
   857  000000                     
   858  000000                     
   859  000000                     
   860  000000                     
   861  000000                     
   862  000000                     
   863  000000                     
   864  000000                     
   865  000000                     
   866  000000                     
   867  000000                     
   868  000000                     
   869  000000                     
   870  000000                     
   871  000000                     
   872  000000                     
   873  000000                     
   874  000000                     
   875  000000                     
   876  000000                     
   877  000000                     
   878  000000                     
   879  000000                     
   880  000000                     
   881  000000                     
   882  000000                     
   883  000000                     
   884  000000                     
   885  000000                     
   886  000000                     
   887  000000                     
   888  000000                     
   889  000000                     
   890  000000                     
   891  000000                     
   892  000000                     
   893  000000                     
   894  000000                     
   895  000000                     
   896  000000                     
   897  000000                     
   898  000000                     
   899  000000                     
   900  000000                     
   901  000000                     
   902  000000                     
   903  000000                     
   904  000000                     
   905  000000                     
   906  000000                     
   907  000000                     
   908  000000                     
   909  000000                     
   910  000000                     
   911  000000                     
   912  000000                     
   913  000000                     
   914  000000                     
   915  000000                     
   916  000000                     
   917  000000                     
   918  000000                     
   919  000000                     
   920  000000                     
   921  000000                     
   922  000000                     
   923  000000                     
   924  000000                     
   925  000000                     
   926  000000                     
   927  000000                     
   928  000000                     
   929  000000                     
   930  000000                     
   931  000000                     
   932  000000                     
   933                           fsr2l	equ	0xFD9
   934                           status	equ	0xFD8


HI-TECH Software PICC-18 Macro Assembler V9.51PL3
Symbol Table                                           Fri Feb 26 07:54:44 2016

          _PrintErr C106                  l23 C118  
                l24 C120                  l26 C15C  
                l27 C164           ?_PrintErr 00EC  
        _PrintErrCs C14A  __end_of_PrintErrCs C196  
              fsr2l 000FD9         ?_PrintErrCs 00EC  
   __end_of_PrintL3 C1D0       __end_of_EndL3 C1E4  
             _RSDT1 009D               _EndL3 C1D0  
           _BitSet2 C272            ?_BitSet2 00EE  
             status 000FD8             __Lparam 00EA  
           _PrintL3 C1C0    __end_of_PrintErr C148  
           __ramtop 1000      __end_of_EndErr C1C0  
            _EndErr C196  
